<?xml version="1.0" encoding="UTF-8"?>
<TestRun id="2c60e8a8-b958-45ee-af00-7b064de054bf" name="Kurt@LOOSEY 2009-03-15 18:16:07" runUser="LOOSEY\Kurt" xmlns="http://microsoft.com/schemas/VisualStudio/TeamTest/2006">
  <TestRunConfiguration name="horseleague" id="42418cb5-1873-4887-acb8-004a5e8195b0">
    <Description>This is a default test run configuration for a local test run.</Description>
    <Deployment runDeploymentRoot="C:\Documents and Settings\Kurt\My Documents\Visual Studio 2008\Projects\HorseLeague\TestResults\Kurt_LOOSEY 2009-03-15 18_16_07">
      <DeploymentItem filename="C:\Documents and Settings\Kurt\My Documents\Visual Studio 2008\Projects\HorseLeague\bin\HorseLeague.dll" />
      <DeploymentItem filename="C:\Program Files\Rhino\Rhino.Mocks.dll" />
    </Deployment>
    <CodeCoverage>
      <Regular>
        <CodeCoverageItem binaryFile="bin\HorseLeague.dll" pdbFile="bin\HorseLeague.pdb" instrumentInPlace="true" />
      </Regular>
    </CodeCoverage>
    <TestTypeSpecific />
  </TestRunConfiguration>
  <ResultSummary outcome="Error">
    <Counters total="27" error="0" failed="0" timeout="0" aborted="0" inconclusive="0" passedButRunAborted="0" notRunnable="0" notExecuted="27" disconnected="0" warning="0" passed="0" completed="0" inProgress="0" pending="0" />
    <RunInfos>
      <RunInfo computerName="LOOSEY" outcome="Error" timestamp="2009-03-15T18:16:10.4288240-04:00">
        <Text>Failed to queue test run 'Kurt@LOOSEY 2009-03-15 18:16:07': Test Run deployment issue: The location of the file or directory 'c:\documents and settings\kurt\my documents\visual studio 2008\projects\horseleague.tests\bin\debug\Rhino.Mocks.dll' is not trusted.</Text>
        <Exception>Microsoft.VisualStudio.TestTools.TestManagement.ExecutionException: Test Run deployment issue: The location of the file or directory 'c:\documents and settings\kurt\my documents\visual studio 2008\projects\horseleague.tests\bin\debug\Rhino.Mocks.dll' is not trusted.
   at Microsoft.VisualStudio.TestTools.TestManagement.DeploymentManager.DoDeployment(TestRun run, FileCopyService fileCopyService)
   at Microsoft.VisualStudio.TestTools.TestManagement.ControllerProxy.SetupTestRun(TestRun run, Boolean isNewTestRun, FileCopyService&amp; fileCopyService)
   at Microsoft.VisualStudio.TestTools.TestManagement.ControllerProxy.QueueTestRunWorker(Object state)</Exception>
      </RunInfo>
    </RunInfos>
  </ResultSummary>
  <Times creation="2009-03-15T18:16:07.9152096-04:00" queuing="2009-03-15T18:16:07.9152096-04:00" start="2009-03-15T18:16:07.9152096-04:00" finish="2009-03-15T18:16:10.4388384-04:00" />
  <TestDefinitions>
    <UnitTest name="ConstructorSetsPropertiesToDefaultValues" storage="c:\documents and settings\kurt\my documents\visual studio 2008\projects\horseleague.tests\bin\debug\horseleague.tests.dll" id="1ce65521-0241-6d29-9776-bd65fa9f09d5">
      <Css projectStructure="" iteration="" />
      <Owners>
        <Owner name="" />
      </Owners>
      <TestMethod codeBase="C:\Documents and Settings\Kurt\My Documents\Visual Studio 2008\Projects\HorseLeague.Tests\bin\Debug\HorseLeague.Tests.dll" adapterTypeName="Microsoft.VisualStudio.TestTools.TestTypes.Unit.UnitTestAdapter, Microsoft.VisualStudio.QualityTools.Tips.UnitTest.Adapter, Version=9.0.0.0, Culture=neutral, PublicKeyToken=b03f5f7f11d50a3a" className="HorseLeague.Tests.Controllers.AccountControllerTest, HorseLeague.Tests" name="ConstructorSetsPropertiesToDefaultValues" />
    </UnitTest>
    <UnitTest name="RegisterPostReturnsViewIfNewPasswordDoesNotMatchConfirmPassword" storage="c:\documents and settings\kurt\my documents\visual studio 2008\projects\horseleague.tests\bin\debug\horseleague.tests.dll" id="e71c200c-6df8-01cf-9b57-16d2d6df888c">
      <Css projectStructure="" iteration="" />
      <Owners>
        <Owner name="" />
      </Owners>
      <TestMethod codeBase="C:\Documents and Settings\Kurt\My Documents\Visual Studio 2008\Projects\HorseLeague.Tests\bin\Debug\HorseLeague.Tests.dll" adapterTypeName="Microsoft.VisualStudio.TestTools.TestTypes.Unit.UnitTestAdapter, Microsoft.VisualStudio.QualityTools.Tips.UnitTest.Adapter, Version=9.0.0.0, Culture=neutral, PublicKeyToken=b03f5f7f11d50a3a" className="HorseLeague.Tests.Controllers.AccountControllerTest, HorseLeague.Tests" name="RegisterPostReturnsViewIfNewPasswordDoesNotMatchConfirmPassword" />
    </UnitTest>
    <UnitTest name="LoginPostRedirectsToReturnUrlIfLoginSuccessfulAndReturnUrlGiven" storage="c:\documents and settings\kurt\my documents\visual studio 2008\projects\horseleague.tests\bin\debug\horseleague.tests.dll" id="cc48d018-769a-738e-6b7a-d443b2dfe52f">
      <Css projectStructure="" iteration="" />
      <Owners>
        <Owner name="" />
      </Owners>
      <TestMethod codeBase="C:\Documents and Settings\Kurt\My Documents\Visual Studio 2008\Projects\HorseLeague.Tests\bin\Debug\HorseLeague.Tests.dll" adapterTypeName="Microsoft.VisualStudio.TestTools.TestTypes.Unit.UnitTestAdapter, Microsoft.VisualStudio.QualityTools.Tips.UnitTest.Adapter, Version=9.0.0.0, Culture=neutral, PublicKeyToken=b03f5f7f11d50a3a" className="HorseLeague.Tests.Controllers.AccountControllerTest, HorseLeague.Tests" name="LoginPostRedirectsToReturnUrlIfLoginSuccessfulAndReturnUrlGiven" />
    </UnitTest>
    <UnitTest name="ChangePasswordPostReturnsViewIfNewPasswordDoesNotMatchConfirmPassword" storage="c:\documents and settings\kurt\my documents\visual studio 2008\projects\horseleague.tests\bin\debug\horseleague.tests.dll" id="d41b7c0c-336f-a7c0-db53-01a33c0e50f6">
      <Css projectStructure="" iteration="" />
      <Owners>
        <Owner name="" />
      </Owners>
      <TestMethod codeBase="C:\Documents and Settings\Kurt\My Documents\Visual Studio 2008\Projects\HorseLeague.Tests\bin\Debug\HorseLeague.Tests.dll" adapterTypeName="Microsoft.VisualStudio.TestTools.TestTypes.Unit.UnitTestAdapter, Microsoft.VisualStudio.QualityTools.Tips.UnitTest.Adapter, Version=9.0.0.0, Culture=neutral, PublicKeyToken=b03f5f7f11d50a3a" className="HorseLeague.Tests.Controllers.AccountControllerTest, HorseLeague.Tests" name="ChangePasswordPostReturnsViewIfNewPasswordDoesNotMatchConfirmPassword" />
    </UnitTest>
    <UnitTest name="RegisterPostReturnsViewIfEmailNotSpecified" storage="c:\documents and settings\kurt\my documents\visual studio 2008\projects\horseleague.tests\bin\debug\horseleague.tests.dll" id="87a0c7d1-ebf9-66fc-2675-f71a7adf6632">
      <Css projectStructure="" iteration="" />
      <Owners>
        <Owner name="" />
      </Owners>
      <TestMethod codeBase="C:\Documents and Settings\Kurt\My Documents\Visual Studio 2008\Projects\HorseLeague.Tests\bin\Debug\HorseLeague.Tests.dll" adapterTypeName="Microsoft.VisualStudio.TestTools.TestTypes.Unit.UnitTestAdapter, Microsoft.VisualStudio.QualityTools.Tips.UnitTest.Adapter, Version=9.0.0.0, Culture=neutral, PublicKeyToken=b03f5f7f11d50a3a" className="HorseLeague.Tests.Controllers.AccountControllerTest, HorseLeague.Tests" name="RegisterPostReturnsViewIfEmailNotSpecified" />
    </UnitTest>
    <UnitTest name="RegisterPostRedirectsHomeIfRegistrationSuccessful" storage="c:\documents and settings\kurt\my documents\visual studio 2008\projects\horseleague.tests\bin\debug\horseleague.tests.dll" id="ad657288-279d-6d86-3bcf-3cd96aa1f8d2">
      <Css projectStructure="" iteration="" />
      <Owners>
        <Owner name="" />
      </Owners>
      <TestMethod codeBase="C:\Documents and Settings\Kurt\My Documents\Visual Studio 2008\Projects\HorseLeague.Tests\bin\Debug\HorseLeague.Tests.dll" adapterTypeName="Microsoft.VisualStudio.TestTools.TestTypes.Unit.UnitTestAdapter, Microsoft.VisualStudio.QualityTools.Tips.UnitTest.Adapter, Version=9.0.0.0, Culture=neutral, PublicKeyToken=b03f5f7f11d50a3a" className="HorseLeague.Tests.Controllers.AccountControllerTest, HorseLeague.Tests" name="RegisterPostRedirectsHomeIfRegistrationSuccessful" />
    </UnitTest>
    <UnitTest name="LoginPostReturnsViewIfUsernameNotSpecified" storage="c:\documents and settings\kurt\my documents\visual studio 2008\projects\horseleague.tests\bin\debug\horseleague.tests.dll" id="3809c6bd-13aa-04b2-8c2b-8729504ec38b">
      <Css projectStructure="" iteration="" />
      <Owners>
        <Owner name="" />
      </Owners>
      <TestMethod codeBase="C:\Documents and Settings\Kurt\My Documents\Visual Studio 2008\Projects\HorseLeague.Tests\bin\Debug\HorseLeague.Tests.dll" adapterTypeName="Microsoft.VisualStudio.TestTools.TestTypes.Unit.UnitTestAdapter, Microsoft.VisualStudio.QualityTools.Tips.UnitTest.Adapter, Version=9.0.0.0, Culture=neutral, PublicKeyToken=b03f5f7f11d50a3a" className="HorseLeague.Tests.Controllers.AccountControllerTest, HorseLeague.Tests" name="LoginPostReturnsViewIfUsernameNotSpecified" />
    </UnitTest>
    <UnitTest name="RegisterPostReturnsViewIfPasswordIsTooShort" storage="c:\documents and settings\kurt\my documents\visual studio 2008\projects\horseleague.tests\bin\debug\horseleague.tests.dll" id="26aff360-adad-f0de-ca05-32e8d94dc8d5">
      <Css projectStructure="" iteration="" />
      <Owners>
        <Owner name="" />
      </Owners>
      <TestMethod codeBase="C:\Documents and Settings\Kurt\My Documents\Visual Studio 2008\Projects\HorseLeague.Tests\bin\Debug\HorseLeague.Tests.dll" adapterTypeName="Microsoft.VisualStudio.TestTools.TestTypes.Unit.UnitTestAdapter, Microsoft.VisualStudio.QualityTools.Tips.UnitTest.Adapter, Version=9.0.0.0, Culture=neutral, PublicKeyToken=b03f5f7f11d50a3a" className="HorseLeague.Tests.Controllers.AccountControllerTest, HorseLeague.Tests" name="RegisterPostReturnsViewIfPasswordIsTooShort" />
    </UnitTest>
    <UnitTest name="ChangePasswordGetReturnsView" storage="c:\documents and settings\kurt\my documents\visual studio 2008\projects\horseleague.tests\bin\debug\horseleague.tests.dll" id="ba4b6c00-73ed-4116-b355-d9d4ad3395ff">
      <Css projectStructure="" iteration="" />
      <Owners>
        <Owner name="" />
      </Owners>
      <TestMethod codeBase="C:\Documents and Settings\Kurt\My Documents\Visual Studio 2008\Projects\HorseLeague.Tests\bin\Debug\HorseLeague.Tests.dll" adapterTypeName="Microsoft.VisualStudio.TestTools.TestTypes.Unit.UnitTestAdapter, Microsoft.VisualStudio.QualityTools.Tips.UnitTest.Adapter, Version=9.0.0.0, Culture=neutral, PublicKeyToken=b03f5f7f11d50a3a" className="HorseLeague.Tests.Controllers.AccountControllerTest, HorseLeague.Tests" name="ChangePasswordGetReturnsView" />
    </UnitTest>
    <UnitTest name="ChangePasswordPostReturnsViewIfNewPasswordIsTooShort" storage="c:\documents and settings\kurt\my documents\visual studio 2008\projects\horseleague.tests\bin\debug\horseleague.tests.dll" id="dff5879f-c523-be98-f346-0624155cc91d">
      <Css projectStructure="" iteration="" />
      <Owners>
        <Owner name="" />
      </Owners>
      <TestMethod codeBase="C:\Documents and Settings\Kurt\My Documents\Visual Studio 2008\Projects\HorseLeague.Tests\bin\Debug\HorseLeague.Tests.dll" adapterTypeName="Microsoft.VisualStudio.TestTools.TestTypes.Unit.UnitTestAdapter, Microsoft.VisualStudio.QualityTools.Tips.UnitTest.Adapter, Version=9.0.0.0, Culture=neutral, PublicKeyToken=b03f5f7f11d50a3a" className="HorseLeague.Tests.Controllers.AccountControllerTest, HorseLeague.Tests" name="ChangePasswordPostReturnsViewIfNewPasswordIsTooShort" />
    </UnitTest>
    <UnitTest name="ConstructorSetsProperties" storage="c:\documents and settings\kurt\my documents\visual studio 2008\projects\horseleague.tests\bin\debug\horseleague.tests.dll" id="d3f4c6d4-158b-55d7-13ad-97ef8c52f141">
      <Css projectStructure="" iteration="" />
      <Owners>
        <Owner name="" />
      </Owners>
      <TestMethod codeBase="C:\Documents and Settings\Kurt\My Documents\Visual Studio 2008\Projects\HorseLeague.Tests\bin\Debug\HorseLeague.Tests.dll" adapterTypeName="Microsoft.VisualStudio.TestTools.TestTypes.Unit.UnitTestAdapter, Microsoft.VisualStudio.QualityTools.Tips.UnitTest.Adapter, Version=9.0.0.0, Culture=neutral, PublicKeyToken=b03f5f7f11d50a3a" className="HorseLeague.Tests.Controllers.AccountControllerTest, HorseLeague.Tests" name="ConstructorSetsProperties" />
    </UnitTest>
    <UnitTest name="ChangePasswordSuccess" storage="c:\documents and settings\kurt\my documents\visual studio 2008\projects\horseleague.tests\bin\debug\horseleague.tests.dll" id="4dbee2ce-2e61-0fae-887a-2407f7e17394">
      <Css projectStructure="" iteration="" />
      <Owners>
        <Owner name="" />
      </Owners>
      <TestMethod codeBase="C:\Documents and Settings\Kurt\My Documents\Visual Studio 2008\Projects\HorseLeague.Tests\bin\Debug\HorseLeague.Tests.dll" adapterTypeName="Microsoft.VisualStudio.TestTools.TestTypes.Unit.UnitTestAdapter, Microsoft.VisualStudio.QualityTools.Tips.UnitTest.Adapter, Version=9.0.0.0, Culture=neutral, PublicKeyToken=b03f5f7f11d50a3a" className="HorseLeague.Tests.Controllers.AccountControllerTest, HorseLeague.Tests" name="ChangePasswordSuccess" />
    </UnitTest>
    <UnitTest name="LoginPostRedirectsHomeIfLoginSuccessfulButNoReturnUrlGiven" storage="c:\documents and settings\kurt\my documents\visual studio 2008\projects\horseleague.tests\bin\debug\horseleague.tests.dll" id="ff38476e-3b15-6555-e9e0-27c465560f13">
      <Css projectStructure="" iteration="" />
      <Owners>
        <Owner name="" />
      </Owners>
      <TestMethod codeBase="C:\Documents and Settings\Kurt\My Documents\Visual Studio 2008\Projects\HorseLeague.Tests\bin\Debug\HorseLeague.Tests.dll" adapterTypeName="Microsoft.VisualStudio.TestTools.TestTypes.Unit.UnitTestAdapter, Microsoft.VisualStudio.QualityTools.Tips.UnitTest.Adapter, Version=9.0.0.0, Culture=neutral, PublicKeyToken=b03f5f7f11d50a3a" className="HorseLeague.Tests.Controllers.AccountControllerTest, HorseLeague.Tests" name="LoginPostRedirectsHomeIfLoginSuccessfulButNoReturnUrlGiven" />
    </UnitTest>
    <UnitTest name="RegisterPostReturnsViewIfRegistrationFails" storage="c:\documents and settings\kurt\my documents\visual studio 2008\projects\horseleague.tests\bin\debug\horseleague.tests.dll" id="c15998e8-14b8-755b-595e-1799a9b935ca">
      <Css projectStructure="" iteration="" />
      <Owners>
        <Owner name="" />
      </Owners>
      <TestMethod codeBase="C:\Documents and Settings\Kurt\My Documents\Visual Studio 2008\Projects\HorseLeague.Tests\bin\Debug\HorseLeague.Tests.dll" adapterTypeName="Microsoft.VisualStudio.TestTools.TestTypes.Unit.UnitTestAdapter, Microsoft.VisualStudio.QualityTools.Tips.UnitTest.Adapter, Version=9.0.0.0, Culture=neutral, PublicKeyToken=b03f5f7f11d50a3a" className="HorseLeague.Tests.Controllers.AccountControllerTest, HorseLeague.Tests" name="RegisterPostReturnsViewIfRegistrationFails" />
    </UnitTest>
    <UnitTest name="ChangePasswordPostRedirectsOnSuccess" storage="c:\documents and settings\kurt\my documents\visual studio 2008\projects\horseleague.tests\bin\debug\horseleague.tests.dll" id="6024cbe7-2915-1082-3f79-ffc094aea4c3">
      <Css projectStructure="" iteration="" />
      <Owners>
        <Owner name="" />
      </Owners>
      <TestMethod codeBase="C:\Documents and Settings\Kurt\My Documents\Visual Studio 2008\Projects\HorseLeague.Tests\bin\Debug\HorseLeague.Tests.dll" adapterTypeName="Microsoft.VisualStudio.TestTools.TestTypes.Unit.UnitTestAdapter, Microsoft.VisualStudio.QualityTools.Tips.UnitTest.Adapter, Version=9.0.0.0, Culture=neutral, PublicKeyToken=b03f5f7f11d50a3a" className="HorseLeague.Tests.Controllers.AccountControllerTest, HorseLeague.Tests" name="ChangePasswordPostRedirectsOnSuccess" />
    </UnitTest>
    <UnitTest name="LoginGet" storage="c:\documents and settings\kurt\my documents\visual studio 2008\projects\horseleague.tests\bin\debug\horseleague.tests.dll" id="50185bfd-a133-e132-7553-29c9b60463d6">
      <Css projectStructure="" iteration="" />
      <Owners>
        <Owner name="" />
      </Owners>
      <TestMethod codeBase="C:\Documents and Settings\Kurt\My Documents\Visual Studio 2008\Projects\HorseLeague.Tests\bin\Debug\HorseLeague.Tests.dll" adapterTypeName="Microsoft.VisualStudio.TestTools.TestTypes.Unit.UnitTestAdapter, Microsoft.VisualStudio.QualityTools.Tips.UnitTest.Adapter, Version=9.0.0.0, Culture=neutral, PublicKeyToken=b03f5f7f11d50a3a" className="HorseLeague.Tests.Controllers.AccountControllerTest, HorseLeague.Tests" name="LoginGet" />
    </UnitTest>
    <UnitTest name="RegisterGet" storage="c:\documents and settings\kurt\my documents\visual studio 2008\projects\horseleague.tests\bin\debug\horseleague.tests.dll" id="34adafae-7d3b-0c3f-56dd-6f0cce89c4e7">
      <Css projectStructure="" iteration="" />
      <Owners>
        <Owner name="" />
      </Owners>
      <TestMethod codeBase="C:\Documents and Settings\Kurt\My Documents\Visual Studio 2008\Projects\HorseLeague.Tests\bin\Debug\HorseLeague.Tests.dll" adapterTypeName="Microsoft.VisualStudio.TestTools.TestTypes.Unit.UnitTestAdapter, Microsoft.VisualStudio.QualityTools.Tips.UnitTest.Adapter, Version=9.0.0.0, Culture=neutral, PublicKeyToken=b03f5f7f11d50a3a" className="HorseLeague.Tests.Controllers.AccountControllerTest, HorseLeague.Tests" name="RegisterGet" />
    </UnitTest>
    <UnitTest name="Index" storage="c:\documents and settings\kurt\my documents\visual studio 2008\projects\horseleague.tests\bin\debug\horseleague.tests.dll" id="1346796b-7059-be3c-bce2-51c71defb0f6">
      <Css projectStructure="" iteration="" />
      <Owners>
        <Owner name="" />
      </Owners>
      <TestMethod codeBase="C:\Documents and Settings\Kurt\My Documents\Visual Studio 2008\Projects\HorseLeague.Tests\bin\Debug\HorseLeague.Tests.dll" adapterTypeName="Microsoft.VisualStudio.TestTools.TestTypes.Unit.UnitTestAdapter, Microsoft.VisualStudio.QualityTools.Tips.UnitTest.Adapter, Version=9.0.0.0, Culture=neutral, PublicKeyToken=b03f5f7f11d50a3a" className="HorseLeague.Tests.Controllers.HomeControllerTest, HorseLeague.Tests" name="Index" />
    </UnitTest>
    <UnitTest name="ChangePasswordPostReturnsViewIfCurrentPasswordNotSpecified" storage="c:\documents and settings\kurt\my documents\visual studio 2008\projects\horseleague.tests\bin\debug\horseleague.tests.dll" id="52c9455a-e431-2172-86b2-a8a649fdf1e6">
      <Css projectStructure="" iteration="" />
      <Owners>
        <Owner name="" />
      </Owners>
      <TestMethod codeBase="C:\Documents and Settings\Kurt\My Documents\Visual Studio 2008\Projects\HorseLeague.Tests\bin\Debug\HorseLeague.Tests.dll" adapterTypeName="Microsoft.VisualStudio.TestTools.TestTypes.Unit.UnitTestAdapter, Microsoft.VisualStudio.QualityTools.Tips.UnitTest.Adapter, Version=9.0.0.0, Culture=neutral, PublicKeyToken=b03f5f7f11d50a3a" className="HorseLeague.Tests.Controllers.AccountControllerTest, HorseLeague.Tests" name="ChangePasswordPostReturnsViewIfCurrentPasswordNotSpecified" />
    </UnitTest>
    <UnitTest name="LogOff" storage="c:\documents and settings\kurt\my documents\visual studio 2008\projects\horseleague.tests\bin\debug\horseleague.tests.dll" id="42e78f32-b5fe-cc01-0041-f45f9bccc817">
      <Css projectStructure="" iteration="" />
      <Owners>
        <Owner name="" />
      </Owners>
      <TestMethod codeBase="C:\Documents and Settings\Kurt\My Documents\Visual Studio 2008\Projects\HorseLeague.Tests\bin\Debug\HorseLeague.Tests.dll" adapterTypeName="Microsoft.VisualStudio.TestTools.TestTypes.Unit.UnitTestAdapter, Microsoft.VisualStudio.QualityTools.Tips.UnitTest.Adapter, Version=9.0.0.0, Culture=neutral, PublicKeyToken=b03f5f7f11d50a3a" className="HorseLeague.Tests.Controllers.AccountControllerTest, HorseLeague.Tests" name="LogOff" />
    </UnitTest>
    <UnitTest name="LoginPostReturnsViewIfUsernameOrPasswordIsIncorrect" storage="c:\documents and settings\kurt\my documents\visual studio 2008\projects\horseleague.tests\bin\debug\horseleague.tests.dll" id="4323cd6b-27c2-f28d-0509-255fefff7e15">
      <Css projectStructure="" iteration="" />
      <Owners>
        <Owner name="" />
      </Owners>
      <TestMethod codeBase="C:\Documents and Settings\Kurt\My Documents\Visual Studio 2008\Projects\HorseLeague.Tests\bin\Debug\HorseLeague.Tests.dll" adapterTypeName="Microsoft.VisualStudio.TestTools.TestTypes.Unit.UnitTestAdapter, Microsoft.VisualStudio.QualityTools.Tips.UnitTest.Adapter, Version=9.0.0.0, Culture=neutral, PublicKeyToken=b03f5f7f11d50a3a" className="HorseLeague.Tests.Controllers.AccountControllerTest, HorseLeague.Tests" name="LoginPostReturnsViewIfUsernameOrPasswordIsIncorrect" />
    </UnitTest>
    <UnitTest name="ChangePasswordPostReturnsViewIfProviderRejectsPassword" storage="c:\documents and settings\kurt\my documents\visual studio 2008\projects\horseleague.tests\bin\debug\horseleague.tests.dll" id="af34b776-e106-332b-e4a5-f7d02bcbe584">
      <Css projectStructure="" iteration="" />
      <Owners>
        <Owner name="" />
      </Owners>
      <TestMethod codeBase="C:\Documents and Settings\Kurt\My Documents\Visual Studio 2008\Projects\HorseLeague.Tests\bin\Debug\HorseLeague.Tests.dll" adapterTypeName="Microsoft.VisualStudio.TestTools.TestTypes.Unit.UnitTestAdapter, Microsoft.VisualStudio.QualityTools.Tips.UnitTest.Adapter, Version=9.0.0.0, Culture=neutral, PublicKeyToken=b03f5f7f11d50a3a" className="HorseLeague.Tests.Controllers.AccountControllerTest, HorseLeague.Tests" name="ChangePasswordPostReturnsViewIfProviderRejectsPassword" />
    </UnitTest>
    <UnitTest name="TestIndex" storage="c:\documents and settings\kurt\my documents\visual studio 2008\projects\horseleague.tests\bin\debug\horseleague.tests.dll" id="47e7ba33-da58-e786-1344-d54d48f0b815">
      <Css projectStructure="" iteration="" />
      <Owners>
        <Owner name="" />
      </Owners>
      <TestMethod codeBase="C:\Documents and Settings\Kurt\My Documents\Visual Studio 2008\Projects\HorseLeague.Tests\bin\Debug\HorseLeague.Tests.dll" adapterTypeName="Microsoft.VisualStudio.TestTools.TestTypes.Unit.UnitTestAdapter, Microsoft.VisualStudio.QualityTools.Tips.UnitTest.Adapter, Version=9.0.0.0, Culture=neutral, PublicKeyToken=b03f5f7f11d50a3a" className="HorseLeague.Tests.Controllers.ResultsControllerTest, HorseLeague.Tests" name="TestIndex" />
    </UnitTest>
    <UnitTest name="RegisterPostReturnsViewIfPasswordIsNull" storage="c:\documents and settings\kurt\my documents\visual studio 2008\projects\horseleague.tests\bin\debug\horseleague.tests.dll" id="6e649981-a712-fcba-094a-a2df73ccb7cd">
      <Css projectStructure="" iteration="" />
      <Owners>
        <Owner name="" />
      </Owners>
      <TestMethod codeBase="C:\Documents and Settings\Kurt\My Documents\Visual Studio 2008\Projects\HorseLeague.Tests\bin\Debug\HorseLeague.Tests.dll" adapterTypeName="Microsoft.VisualStudio.TestTools.TestTypes.Unit.UnitTestAdapter, Microsoft.VisualStudio.QualityTools.Tips.UnitTest.Adapter, Version=9.0.0.0, Culture=neutral, PublicKeyToken=b03f5f7f11d50a3a" className="HorseLeague.Tests.Controllers.AccountControllerTest, HorseLeague.Tests" name="RegisterPostReturnsViewIfPasswordIsNull" />
    </UnitTest>
    <UnitTest name="RegisterPostReturnsViewIfUsernameNotSpecified" storage="c:\documents and settings\kurt\my documents\visual studio 2008\projects\horseleague.tests\bin\debug\horseleague.tests.dll" id="c3d46fc6-a1a9-40d7-62a4-8e551119d5fa">
      <Css projectStructure="" iteration="" />
      <Owners>
        <Owner name="" />
      </Owners>
      <TestMethod codeBase="C:\Documents and Settings\Kurt\My Documents\Visual Studio 2008\Projects\HorseLeague.Tests\bin\Debug\HorseLeague.Tests.dll" adapterTypeName="Microsoft.VisualStudio.TestTools.TestTypes.Unit.UnitTestAdapter, Microsoft.VisualStudio.QualityTools.Tips.UnitTest.Adapter, Version=9.0.0.0, Culture=neutral, PublicKeyToken=b03f5f7f11d50a3a" className="HorseLeague.Tests.Controllers.AccountControllerTest, HorseLeague.Tests" name="RegisterPostReturnsViewIfUsernameNotSpecified" />
    </UnitTest>
    <UnitTest name="LoginPostReturnsViewIfPasswordNotSpecified" storage="c:\documents and settings\kurt\my documents\visual studio 2008\projects\horseleague.tests\bin\debug\horseleague.tests.dll" id="e7e19c47-4346-6b89-f222-32fc510afa7d">
      <Css projectStructure="" iteration="" />
      <Owners>
        <Owner name="" />
      </Owners>
      <TestMethod codeBase="C:\Documents and Settings\Kurt\My Documents\Visual Studio 2008\Projects\HorseLeague.Tests\bin\Debug\HorseLeague.Tests.dll" adapterTypeName="Microsoft.VisualStudio.TestTools.TestTypes.Unit.UnitTestAdapter, Microsoft.VisualStudio.QualityTools.Tips.UnitTest.Adapter, Version=9.0.0.0, Culture=neutral, PublicKeyToken=b03f5f7f11d50a3a" className="HorseLeague.Tests.Controllers.AccountControllerTest, HorseLeague.Tests" name="LoginPostReturnsViewIfPasswordNotSpecified" />
    </UnitTest>
    <UnitTest name="ChangePasswordPostReturnsViewIfNewPasswordIsNull" storage="c:\documents and settings\kurt\my documents\visual studio 2008\projects\horseleague.tests\bin\debug\horseleague.tests.dll" id="dbf59b11-b36e-ce6f-5531-2370aed6e369">
      <Css projectStructure="" iteration="" />
      <Owners>
        <Owner name="" />
      </Owners>
      <TestMethod codeBase="C:\Documents and Settings\Kurt\My Documents\Visual Studio 2008\Projects\HorseLeague.Tests\bin\Debug\HorseLeague.Tests.dll" adapterTypeName="Microsoft.VisualStudio.TestTools.TestTypes.Unit.UnitTestAdapter, Microsoft.VisualStudio.QualityTools.Tips.UnitTest.Adapter, Version=9.0.0.0, Culture=neutral, PublicKeyToken=b03f5f7f11d50a3a" className="HorseLeague.Tests.Controllers.AccountControllerTest, HorseLeague.Tests" name="ChangePasswordPostReturnsViewIfNewPasswordIsNull" />
    </UnitTest>
  </TestDefinitions>
  <TestLists>
    <TestList name="Results Not in a List" id="8c84fa94-04c1-424b-9868-57a2d4851a1d" />
    <TestList name="All Loaded Results" id="19431567-8539-422a-85d7-44ee4e166bda" />
  </TestLists>
  <TestEntries>
    <TestEntry testId="ba4b6c00-73ed-4116-b355-d9d4ad3395ff" executionId="ae49e28a-84c6-466d-bc2e-984a7a20530c" testListId="8c84fa94-04c1-424b-9868-57a2d4851a1d" />
    <TestEntry testId="6024cbe7-2915-1082-3f79-ffc094aea4c3" executionId="90015068-a0d5-4532-b381-e0cd5486f998" testListId="8c84fa94-04c1-424b-9868-57a2d4851a1d" />
    <TestEntry testId="52c9455a-e431-2172-86b2-a8a649fdf1e6" executionId="50632d29-ef59-40cb-9f41-ebdda208a1cb" testListId="8c84fa94-04c1-424b-9868-57a2d4851a1d" />
    <TestEntry testId="d41b7c0c-336f-a7c0-db53-01a33c0e50f6" executionId="0c58688c-9412-40bf-870b-1dffcb528055" testListId="8c84fa94-04c1-424b-9868-57a2d4851a1d" />
    <TestEntry testId="dbf59b11-b36e-ce6f-5531-2370aed6e369" executionId="0ae5dd3f-5a37-4af5-84ed-9c0b24a6e8db" testListId="8c84fa94-04c1-424b-9868-57a2d4851a1d" />
    <TestEntry testId="dff5879f-c523-be98-f346-0624155cc91d" executionId="283e0e8c-fedc-44bf-b43a-080d154429c5" testListId="8c84fa94-04c1-424b-9868-57a2d4851a1d" />
    <TestEntry testId="af34b776-e106-332b-e4a5-f7d02bcbe584" executionId="1dc6a4fe-a29d-4a2b-afa7-d91e66908612" testListId="8c84fa94-04c1-424b-9868-57a2d4851a1d" />
    <TestEntry testId="4dbee2ce-2e61-0fae-887a-2407f7e17394" executionId="983d65fb-cee0-47e6-8933-776c813d72d3" testListId="8c84fa94-04c1-424b-9868-57a2d4851a1d" />
    <TestEntry testId="d3f4c6d4-158b-55d7-13ad-97ef8c52f141" executionId="c64b14fd-c3bd-4647-b4dd-6a22fb676467" testListId="8c84fa94-04c1-424b-9868-57a2d4851a1d" />
    <TestEntry testId="1ce65521-0241-6d29-9776-bd65fa9f09d5" executionId="161edc2f-261f-4b43-9d77-1d3536e67b60" testListId="8c84fa94-04c1-424b-9868-57a2d4851a1d" />
    <TestEntry testId="50185bfd-a133-e132-7553-29c9b60463d6" executionId="e39578af-9381-43f7-8baf-f39e29394126" testListId="8c84fa94-04c1-424b-9868-57a2d4851a1d" />
    <TestEntry testId="ff38476e-3b15-6555-e9e0-27c465560f13" executionId="1cc66bbe-c5f5-4078-95fa-b97126478891" testListId="8c84fa94-04c1-424b-9868-57a2d4851a1d" />
    <TestEntry testId="cc48d018-769a-738e-6b7a-d443b2dfe52f" executionId="a95a11fe-0cc7-4e29-8557-8a2a0f092660" testListId="8c84fa94-04c1-424b-9868-57a2d4851a1d" />
    <TestEntry testId="e7e19c47-4346-6b89-f222-32fc510afa7d" executionId="39c33b40-6e70-4157-a9b7-2bb0ade804fb" testListId="8c84fa94-04c1-424b-9868-57a2d4851a1d" />
    <TestEntry testId="3809c6bd-13aa-04b2-8c2b-8729504ec38b" executionId="bc670eff-6962-4d3e-9d75-61cad9ed7082" testListId="8c84fa94-04c1-424b-9868-57a2d4851a1d" />
    <TestEntry testId="4323cd6b-27c2-f28d-0509-255fefff7e15" executionId="c96ecb6d-c1ab-4874-94ae-bae8329f0c72" testListId="8c84fa94-04c1-424b-9868-57a2d4851a1d" />
    <TestEntry testId="42e78f32-b5fe-cc01-0041-f45f9bccc817" executionId="c93faa4f-13c3-418a-9ecb-0557430a1d0f" testListId="8c84fa94-04c1-424b-9868-57a2d4851a1d" />
    <TestEntry testId="34adafae-7d3b-0c3f-56dd-6f0cce89c4e7" executionId="c62768c1-11ad-4ba0-b29f-122c9d4e1e47" testListId="8c84fa94-04c1-424b-9868-57a2d4851a1d" />
    <TestEntry testId="ad657288-279d-6d86-3bcf-3cd96aa1f8d2" executionId="6e2ce4d3-1139-477b-be49-9246ba12dccf" testListId="8c84fa94-04c1-424b-9868-57a2d4851a1d" />
    <TestEntry testId="87a0c7d1-ebf9-66fc-2675-f71a7adf6632" executionId="0d6de97e-f6b8-459f-b291-95ca39751adc" testListId="8c84fa94-04c1-424b-9868-57a2d4851a1d" />
    <TestEntry testId="e71c200c-6df8-01cf-9b57-16d2d6df888c" executionId="47be3158-90a4-4297-b812-830edbf3cc17" testListId="8c84fa94-04c1-424b-9868-57a2d4851a1d" />
    <TestEntry testId="6e649981-a712-fcba-094a-a2df73ccb7cd" executionId="705c5eaf-55c1-42c6-8be8-5780fea63ddb" testListId="8c84fa94-04c1-424b-9868-57a2d4851a1d" />
    <TestEntry testId="26aff360-adad-f0de-ca05-32e8d94dc8d5" executionId="42b112d1-5ed4-4f26-8de6-28a4cfcc0cd9" testListId="8c84fa94-04c1-424b-9868-57a2d4851a1d" />
    <TestEntry testId="c15998e8-14b8-755b-595e-1799a9b935ca" executionId="a40b6fa5-00bc-4c1c-a2fe-8fc2e3926853" testListId="8c84fa94-04c1-424b-9868-57a2d4851a1d" />
    <TestEntry testId="c3d46fc6-a1a9-40d7-62a4-8e551119d5fa" executionId="6b4ef412-d2c4-439e-be65-cfbaacfca617" testListId="8c84fa94-04c1-424b-9868-57a2d4851a1d" />
    <TestEntry testId="1346796b-7059-be3c-bce2-51c71defb0f6" executionId="1d0b0ef3-d46d-4332-90c1-2a44c4d7f39c" testListId="8c84fa94-04c1-424b-9868-57a2d4851a1d" />
    <TestEntry testId="47e7ba33-da58-e786-1344-d54d48f0b815" executionId="b4f58ef9-ef2b-43ac-8d28-b0119451f1be" testListId="8c84fa94-04c1-424b-9868-57a2d4851a1d" />
  </TestEntries>
  <Results>
    <UnitTestResult executionId="ae49e28a-84c6-466d-bc2e-984a7a20530c" testId="ba4b6c00-73ed-4116-b355-d9d4ad3395ff" testName="ChangePasswordGetReturnsView" computerName="LOOSEY" duration="00:00:00" startTime="0001-01-01T00:00:00.0000000-05:00" endTime="0001-01-01T00:00:00.0000000-05:00" testType="13cdc9d9-ddb5-4fa4-a97d-d965ccfc6d4b" outcome="NotExecuted" testListId="8c84fa94-04c1-424b-9868-57a2d4851a1d">
    </UnitTestResult>
    <UnitTestResult executionId="90015068-a0d5-4532-b381-e0cd5486f998" testId="6024cbe7-2915-1082-3f79-ffc094aea4c3" testName="ChangePasswordPostRedirectsOnSuccess" computerName="LOOSEY" duration="00:00:00" startTime="0001-01-01T00:00:00.0000000-05:00" endTime="0001-01-01T00:00:00.0000000-05:00" testType="13cdc9d9-ddb5-4fa4-a97d-d965ccfc6d4b" outcome="NotExecuted" testListId="8c84fa94-04c1-424b-9868-57a2d4851a1d">
    </UnitTestResult>
    <UnitTestResult executionId="50632d29-ef59-40cb-9f41-ebdda208a1cb" testId="52c9455a-e431-2172-86b2-a8a649fdf1e6" testName="ChangePasswordPostReturnsViewIfCurrentPasswordNotSpecified" computerName="LOOSEY" duration="00:00:00" startTime="0001-01-01T00:00:00.0000000-05:00" endTime="0001-01-01T00:00:00.0000000-05:00" testType="13cdc9d9-ddb5-4fa4-a97d-d965ccfc6d4b" outcome="NotExecuted" testListId="8c84fa94-04c1-424b-9868-57a2d4851a1d">
    </UnitTestResult>
    <UnitTestResult executionId="0c58688c-9412-40bf-870b-1dffcb528055" testId="d41b7c0c-336f-a7c0-db53-01a33c0e50f6" testName="ChangePasswordPostReturnsViewIfNewPasswordDoesNotMatchConfirmPassword" computerName="LOOSEY" duration="00:00:00" startTime="0001-01-01T00:00:00.0000000-05:00" endTime="0001-01-01T00:00:00.0000000-05:00" testType="13cdc9d9-ddb5-4fa4-a97d-d965ccfc6d4b" outcome="NotExecuted" testListId="8c84fa94-04c1-424b-9868-57a2d4851a1d">
    </UnitTestResult>
    <UnitTestResult executionId="0ae5dd3f-5a37-4af5-84ed-9c0b24a6e8db" testId="dbf59b11-b36e-ce6f-5531-2370aed6e369" testName="ChangePasswordPostReturnsViewIfNewPasswordIsNull" computerName="LOOSEY" duration="00:00:00" startTime="0001-01-01T00:00:00.0000000-05:00" endTime="0001-01-01T00:00:00.0000000-05:00" testType="13cdc9d9-ddb5-4fa4-a97d-d965ccfc6d4b" outcome="NotExecuted" testListId="8c84fa94-04c1-424b-9868-57a2d4851a1d">
    </UnitTestResult>
    <UnitTestResult executionId="283e0e8c-fedc-44bf-b43a-080d154429c5" testId="dff5879f-c523-be98-f346-0624155cc91d" testName="ChangePasswordPostReturnsViewIfNewPasswordIsTooShort" computerName="LOOSEY" duration="00:00:00" startTime="0001-01-01T00:00:00.0000000-05:00" endTime="0001-01-01T00:00:00.0000000-05:00" testType="13cdc9d9-ddb5-4fa4-a97d-d965ccfc6d4b" outcome="NotExecuted" testListId="8c84fa94-04c1-424b-9868-57a2d4851a1d">
    </UnitTestResult>
    <UnitTestResult executionId="1dc6a4fe-a29d-4a2b-afa7-d91e66908612" testId="af34b776-e106-332b-e4a5-f7d02bcbe584" testName="ChangePasswordPostReturnsViewIfProviderRejectsPassword" computerName="LOOSEY" duration="00:00:00" startTime="0001-01-01T00:00:00.0000000-05:00" endTime="0001-01-01T00:00:00.0000000-05:00" testType="13cdc9d9-ddb5-4fa4-a97d-d965ccfc6d4b" outcome="NotExecuted" testListId="8c84fa94-04c1-424b-9868-57a2d4851a1d">
    </UnitTestResult>
    <UnitTestResult executionId="983d65fb-cee0-47e6-8933-776c813d72d3" testId="4dbee2ce-2e61-0fae-887a-2407f7e17394" testName="ChangePasswordSuccess" computerName="LOOSEY" duration="00:00:00" startTime="0001-01-01T00:00:00.0000000-05:00" endTime="0001-01-01T00:00:00.0000000-05:00" testType="13cdc9d9-ddb5-4fa4-a97d-d965ccfc6d4b" outcome="NotExecuted" testListId="8c84fa94-04c1-424b-9868-57a2d4851a1d">
    </UnitTestResult>
    <UnitTestResult executionId="c64b14fd-c3bd-4647-b4dd-6a22fb676467" testId="d3f4c6d4-158b-55d7-13ad-97ef8c52f141" testName="ConstructorSetsProperties" computerName="LOOSEY" duration="00:00:00" startTime="0001-01-01T00:00:00.0000000-05:00" endTime="0001-01-01T00:00:00.0000000-05:00" testType="13cdc9d9-ddb5-4fa4-a97d-d965ccfc6d4b" outcome="NotExecuted" testListId="8c84fa94-04c1-424b-9868-57a2d4851a1d">
    </UnitTestResult>
    <UnitTestResult executionId="161edc2f-261f-4b43-9d77-1d3536e67b60" testId="1ce65521-0241-6d29-9776-bd65fa9f09d5" testName="ConstructorSetsPropertiesToDefaultValues" computerName="LOOSEY" duration="00:00:00" startTime="0001-01-01T00:00:00.0000000-05:00" endTime="0001-01-01T00:00:00.0000000-05:00" testType="13cdc9d9-ddb5-4fa4-a97d-d965ccfc6d4b" outcome="NotExecuted" testListId="8c84fa94-04c1-424b-9868-57a2d4851a1d">
    </UnitTestResult>
    <UnitTestResult executionId="e39578af-9381-43f7-8baf-f39e29394126" testId="50185bfd-a133-e132-7553-29c9b60463d6" testName="LoginGet" computerName="LOOSEY" duration="00:00:00" startTime="0001-01-01T00:00:00.0000000-05:00" endTime="0001-01-01T00:00:00.0000000-05:00" testType="13cdc9d9-ddb5-4fa4-a97d-d965ccfc6d4b" outcome="NotExecuted" testListId="8c84fa94-04c1-424b-9868-57a2d4851a1d">
    </UnitTestResult>
    <UnitTestResult executionId="1cc66bbe-c5f5-4078-95fa-b97126478891" testId="ff38476e-3b15-6555-e9e0-27c465560f13" testName="LoginPostRedirectsHomeIfLoginSuccessfulButNoReturnUrlGiven" computerName="LOOSEY" duration="00:00:00" startTime="0001-01-01T00:00:00.0000000-05:00" endTime="0001-01-01T00:00:00.0000000-05:00" testType="13cdc9d9-ddb5-4fa4-a97d-d965ccfc6d4b" outcome="NotExecuted" testListId="8c84fa94-04c1-424b-9868-57a2d4851a1d">
    </UnitTestResult>
    <UnitTestResult executionId="a95a11fe-0cc7-4e29-8557-8a2a0f092660" testId="cc48d018-769a-738e-6b7a-d443b2dfe52f" testName="LoginPostRedirectsToReturnUrlIfLoginSuccessfulAndReturnUrlGiven" computerName="LOOSEY" duration="00:00:00" startTime="0001-01-01T00:00:00.0000000-05:00" endTime="0001-01-01T00:00:00.0000000-05:00" testType="13cdc9d9-ddb5-4fa4-a97d-d965ccfc6d4b" outcome="NotExecuted" testListId="8c84fa94-04c1-424b-9868-57a2d4851a1d">
    </UnitTestResult>
    <UnitTestResult executionId="39c33b40-6e70-4157-a9b7-2bb0ade804fb" testId="e7e19c47-4346-6b89-f222-32fc510afa7d" testName="LoginPostReturnsViewIfPasswordNotSpecified" computerName="LOOSEY" duration="00:00:00" startTime="0001-01-01T00:00:00.0000000-05:00" endTime="0001-01-01T00:00:00.0000000-05:00" testType="13cdc9d9-ddb5-4fa4-a97d-d965ccfc6d4b" outcome="NotExecuted" testListId="8c84fa94-04c1-424b-9868-57a2d4851a1d">
    </UnitTestResult>
    <UnitTestResult executionId="bc670eff-6962-4d3e-9d75-61cad9ed7082" testId="3809c6bd-13aa-04b2-8c2b-8729504ec38b" testName="LoginPostReturnsViewIfUsernameNotSpecified" computerName="LOOSEY" duration="00:00:00" startTime="0001-01-01T00:00:00.0000000-05:00" endTime="0001-01-01T00:00:00.0000000-05:00" testType="13cdc9d9-ddb5-4fa4-a97d-d965ccfc6d4b" outcome="NotExecuted" testListId="8c84fa94-04c1-424b-9868-57a2d4851a1d">
    </UnitTestResult>
    <UnitTestResult executionId="c96ecb6d-c1ab-4874-94ae-bae8329f0c72" testId="4323cd6b-27c2-f28d-0509-255fefff7e15" testName="LoginPostReturnsViewIfUsernameOrPasswordIsIncorrect" computerName="LOOSEY" duration="00:00:00" startTime="0001-01-01T00:00:00.0000000-05:00" endTime="0001-01-01T00:00:00.0000000-05:00" testType="13cdc9d9-ddb5-4fa4-a97d-d965ccfc6d4b" outcome="NotExecuted" testListId="8c84fa94-04c1-424b-9868-57a2d4851a1d">
    </UnitTestResult>
    <UnitTestResult executionId="c93faa4f-13c3-418a-9ecb-0557430a1d0f" testId="42e78f32-b5fe-cc01-0041-f45f9bccc817" testName="LogOff" computerName="LOOSEY" duration="00:00:00" startTime="0001-01-01T00:00:00.0000000-05:00" endTime="0001-01-01T00:00:00.0000000-05:00" testType="13cdc9d9-ddb5-4fa4-a97d-d965ccfc6d4b" outcome="NotExecuted" testListId="8c84fa94-04c1-424b-9868-57a2d4851a1d">
    </UnitTestResult>
    <UnitTestResult executionId="c62768c1-11ad-4ba0-b29f-122c9d4e1e47" testId="34adafae-7d3b-0c3f-56dd-6f0cce89c4e7" testName="RegisterGet" computerName="LOOSEY" duration="00:00:00" startTime="0001-01-01T00:00:00.0000000-05:00" endTime="0001-01-01T00:00:00.0000000-05:00" testType="13cdc9d9-ddb5-4fa4-a97d-d965ccfc6d4b" outcome="NotExecuted" testListId="8c84fa94-04c1-424b-9868-57a2d4851a1d">
    </UnitTestResult>
    <UnitTestResult executionId="6e2ce4d3-1139-477b-be49-9246ba12dccf" testId="ad657288-279d-6d86-3bcf-3cd96aa1f8d2" testName="RegisterPostRedirectsHomeIfRegistrationSuccessful" computerName="LOOSEY" duration="00:00:00" startTime="0001-01-01T00:00:00.0000000-05:00" endTime="0001-01-01T00:00:00.0000000-05:00" testType="13cdc9d9-ddb5-4fa4-a97d-d965ccfc6d4b" outcome="NotExecuted" testListId="8c84fa94-04c1-424b-9868-57a2d4851a1d">
    </UnitTestResult>
    <UnitTestResult executionId="0d6de97e-f6b8-459f-b291-95ca39751adc" testId="87a0c7d1-ebf9-66fc-2675-f71a7adf6632" testName="RegisterPostReturnsViewIfEmailNotSpecified" computerName="LOOSEY" duration="00:00:00" startTime="0001-01-01T00:00:00.0000000-05:00" endTime="0001-01-01T00:00:00.0000000-05:00" testType="13cdc9d9-ddb5-4fa4-a97d-d965ccfc6d4b" outcome="NotExecuted" testListId="8c84fa94-04c1-424b-9868-57a2d4851a1d">
    </UnitTestResult>
    <UnitTestResult executionId="47be3158-90a4-4297-b812-830edbf3cc17" testId="e71c200c-6df8-01cf-9b57-16d2d6df888c" testName="RegisterPostReturnsViewIfNewPasswordDoesNotMatchConfirmPassword" computerName="LOOSEY" duration="00:00:00" startTime="0001-01-01T00:00:00.0000000-05:00" endTime="0001-01-01T00:00:00.0000000-05:00" testType="13cdc9d9-ddb5-4fa4-a97d-d965ccfc6d4b" outcome="NotExecuted" testListId="8c84fa94-04c1-424b-9868-57a2d4851a1d">
    </UnitTestResult>
    <UnitTestResult executionId="705c5eaf-55c1-42c6-8be8-5780fea63ddb" testId="6e649981-a712-fcba-094a-a2df73ccb7cd" testName="RegisterPostReturnsViewIfPasswordIsNull" computerName="LOOSEY" duration="00:00:00" startTime="0001-01-01T00:00:00.0000000-05:00" endTime="0001-01-01T00:00:00.0000000-05:00" testType="13cdc9d9-ddb5-4fa4-a97d-d965ccfc6d4b" outcome="NotExecuted" testListId="8c84fa94-04c1-424b-9868-57a2d4851a1d">
    </UnitTestResult>
    <UnitTestResult executionId="42b112d1-5ed4-4f26-8de6-28a4cfcc0cd9" testId="26aff360-adad-f0de-ca05-32e8d94dc8d5" testName="RegisterPostReturnsViewIfPasswordIsTooShort" computerName="LOOSEY" duration="00:00:00" startTime="0001-01-01T00:00:00.0000000-05:00" endTime="0001-01-01T00:00:00.0000000-05:00" testType="13cdc9d9-ddb5-4fa4-a97d-d965ccfc6d4b" outcome="NotExecuted" testListId="8c84fa94-04c1-424b-9868-57a2d4851a1d">
    </UnitTestResult>
    <UnitTestResult executionId="a40b6fa5-00bc-4c1c-a2fe-8fc2e3926853" testId="c15998e8-14b8-755b-595e-1799a9b935ca" testName="RegisterPostReturnsViewIfRegistrationFails" computerName="LOOSEY" duration="00:00:00" startTime="0001-01-01T00:00:00.0000000-05:00" endTime="0001-01-01T00:00:00.0000000-05:00" testType="13cdc9d9-ddb5-4fa4-a97d-d965ccfc6d4b" outcome="NotExecuted" testListId="8c84fa94-04c1-424b-9868-57a2d4851a1d">
    </UnitTestResult>
    <UnitTestResult executionId="6b4ef412-d2c4-439e-be65-cfbaacfca617" testId="c3d46fc6-a1a9-40d7-62a4-8e551119d5fa" testName="RegisterPostReturnsViewIfUsernameNotSpecified" computerName="LOOSEY" duration="00:00:00" startTime="0001-01-01T00:00:00.0000000-05:00" endTime="0001-01-01T00:00:00.0000000-05:00" testType="13cdc9d9-ddb5-4fa4-a97d-d965ccfc6d4b" outcome="NotExecuted" testListId="8c84fa94-04c1-424b-9868-57a2d4851a1d">
    </UnitTestResult>
    <UnitTestResult executionId="1d0b0ef3-d46d-4332-90c1-2a44c4d7f39c" testId="1346796b-7059-be3c-bce2-51c71defb0f6" testName="Index" computerName="LOOSEY" duration="00:00:00" startTime="0001-01-01T00:00:00.0000000-05:00" endTime="0001-01-01T00:00:00.0000000-05:00" testType="13cdc9d9-ddb5-4fa4-a97d-d965ccfc6d4b" outcome="NotExecuted" testListId="8c84fa94-04c1-424b-9868-57a2d4851a1d">
    </UnitTestResult>
    <UnitTestResult executionId="b4f58ef9-ef2b-43ac-8d28-b0119451f1be" testId="47e7ba33-da58-e786-1344-d54d48f0b815" testName="TestIndex" computerName="LOOSEY" duration="00:00:00" startTime="0001-01-01T00:00:00.0000000-05:00" endTime="0001-01-01T00:00:00.0000000-05:00" testType="13cdc9d9-ddb5-4fa4-a97d-d965ccfc6d4b" outcome="NotExecuted" testListId="8c84fa94-04c1-424b-9868-57a2d4851a1d">
    </UnitTestResult>
  </Results>
</TestRun>