<?xml version="1.0" encoding="UTF-8"?>
<TestRun id="8b003cbd-cf62-41c6-a27e-62d7264cc1a4" name="Kurt@LOOSEY 2009-03-01 20:47:11" runUser="LOOSEY\Kurt" xmlns="http://microsoft.com/schemas/VisualStudio/TeamTest/2006">
  <TestRunConfiguration name="horseleague" id="42418cb5-1873-4887-acb8-004a5e8195b0">
    <Description>This is a default test run configuration for a local test run.</Description>
    <Deployment runDeploymentRoot="C:\Documents and Settings\Kurt\My Documents\Visual Studio 2008\Projects\HorseLeague\TestResults\Kurt_LOOSEY 2009-03-01 20_47_11">
      <DeploymentItem filename="C:\Documents and Settings\Kurt\My Documents\Visual Studio 2008\Projects\HorseLeague\bin\HorseLeague.dll" />
      <DeploymentItem filename="C:\Program Files\Typemock\Isolator\5.2\Typemock.ArrangeActAssert.dll" />
    </Deployment>
    <CodeCoverage>
      <Regular>
        <CodeCoverageItem binaryFile="bin\HorseLeague.dll" pdbFile="bin\HorseLeague.pdb" instrumentInPlace="true" />
      </Regular>
    </CodeCoverage>
    <TestTypeSpecific />
  </TestRunConfiguration>
  <ResultSummary outcome="Completed">
    <Counters total="27" executed="27" passed="27" error="0" failed="0" timeout="0" aborted="0" inconclusive="0" passedButRunAborted="0" notRunnable="0" notExecuted="0" disconnected="0" warning="0" completed="0" inProgress="0" pending="0" />
  </ResultSummary>
  <Times creation="2009-03-01T20:47:11.4879456-05:00" queuing="2009-03-01T20:47:19.3893072-05:00" start="2009-03-01T20:47:20.9114960-05:00" finish="2009-03-01T20:47:26.5696320-05:00" />
  <TestDefinitions>
    <UnitTest name="ConstructorSetsPropertiesToDefaultValues" storage="c:\documents and settings\kurt\my documents\visual studio 2008\projects\horseleague.tests\bin\debug\horseleague.tests.dll" id="1ce65521-0241-6d29-9776-bd65fa9f09d5">
      <Css projectStructure="" iteration="" />
      <Owners>
        <Owner name="" />
      </Owners>
      <Execution id="4ded24e5-772d-4065-a23a-c681981b714c" />
      <TestMethod codeBase="C:\Documents and Settings\Kurt\My Documents\Visual Studio 2008\Projects\HorseLeague.Tests\bin\Debug\HorseLeague.Tests.dll" adapterTypeName="Microsoft.VisualStudio.TestTools.TestTypes.Unit.UnitTestAdapter, Microsoft.VisualStudio.QualityTools.Tips.UnitTest.Adapter, Version=9.0.0.0, Culture=neutral, PublicKeyToken=b03f5f7f11d50a3a" className="HorseLeague.Tests.Controllers.AccountControllerTest, HorseLeague.Tests" name="ConstructorSetsPropertiesToDefaultValues" />
    </UnitTest>
    <UnitTest name="RegisterPostReturnsViewIfNewPasswordDoesNotMatchConfirmPassword" storage="c:\documents and settings\kurt\my documents\visual studio 2008\projects\horseleague.tests\bin\debug\horseleague.tests.dll" id="e71c200c-6df8-01cf-9b57-16d2d6df888c">
      <Css projectStructure="" iteration="" />
      <Owners>
        <Owner name="" />
      </Owners>
      <Execution id="17abb02b-89ef-4cb0-b9a1-5af9f7b4c672" />
      <TestMethod codeBase="C:\Documents and Settings\Kurt\My Documents\Visual Studio 2008\Projects\HorseLeague.Tests\bin\Debug\HorseLeague.Tests.dll" adapterTypeName="Microsoft.VisualStudio.TestTools.TestTypes.Unit.UnitTestAdapter, Microsoft.VisualStudio.QualityTools.Tips.UnitTest.Adapter, Version=9.0.0.0, Culture=neutral, PublicKeyToken=b03f5f7f11d50a3a" className="HorseLeague.Tests.Controllers.AccountControllerTest, HorseLeague.Tests" name="RegisterPostReturnsViewIfNewPasswordDoesNotMatchConfirmPassword" />
    </UnitTest>
    <UnitTest name="LoginPostRedirectsToReturnUrlIfLoginSuccessfulAndReturnUrlGiven" storage="c:\documents and settings\kurt\my documents\visual studio 2008\projects\horseleague.tests\bin\debug\horseleague.tests.dll" id="cc48d018-769a-738e-6b7a-d443b2dfe52f">
      <Css projectStructure="" iteration="" />
      <Owners>
        <Owner name="" />
      </Owners>
      <Execution id="ba132d88-ce85-41f0-a52f-323ea95249f3" />
      <TestMethod codeBase="C:\Documents and Settings\Kurt\My Documents\Visual Studio 2008\Projects\HorseLeague.Tests\bin\Debug\HorseLeague.Tests.dll" adapterTypeName="Microsoft.VisualStudio.TestTools.TestTypes.Unit.UnitTestAdapter, Microsoft.VisualStudio.QualityTools.Tips.UnitTest.Adapter, Version=9.0.0.0, Culture=neutral, PublicKeyToken=b03f5f7f11d50a3a" className="HorseLeague.Tests.Controllers.AccountControllerTest, HorseLeague.Tests" name="LoginPostRedirectsToReturnUrlIfLoginSuccessfulAndReturnUrlGiven" />
    </UnitTest>
    <UnitTest name="ChangePasswordPostReturnsViewIfNewPasswordDoesNotMatchConfirmPassword" storage="c:\documents and settings\kurt\my documents\visual studio 2008\projects\horseleague.tests\bin\debug\horseleague.tests.dll" id="d41b7c0c-336f-a7c0-db53-01a33c0e50f6">
      <Css projectStructure="" iteration="" />
      <Owners>
        <Owner name="" />
      </Owners>
      <Execution id="47b6ddcb-f388-46cf-9bdd-123c6586bd23" />
      <TestMethod codeBase="C:\Documents and Settings\Kurt\My Documents\Visual Studio 2008\Projects\HorseLeague.Tests\bin\Debug\HorseLeague.Tests.dll" adapterTypeName="Microsoft.VisualStudio.TestTools.TestTypes.Unit.UnitTestAdapter, Microsoft.VisualStudio.QualityTools.Tips.UnitTest.Adapter, Version=9.0.0.0, Culture=neutral, PublicKeyToken=b03f5f7f11d50a3a" className="HorseLeague.Tests.Controllers.AccountControllerTest, HorseLeague.Tests" name="ChangePasswordPostReturnsViewIfNewPasswordDoesNotMatchConfirmPassword" />
    </UnitTest>
    <UnitTest name="RegisterPostReturnsViewIfEmailNotSpecified" storage="c:\documents and settings\kurt\my documents\visual studio 2008\projects\horseleague.tests\bin\debug\horseleague.tests.dll" id="87a0c7d1-ebf9-66fc-2675-f71a7adf6632">
      <Css projectStructure="" iteration="" />
      <Owners>
        <Owner name="" />
      </Owners>
      <Execution id="0917476c-2b4f-4e3b-9604-a8c74194c840" />
      <TestMethod codeBase="C:\Documents and Settings\Kurt\My Documents\Visual Studio 2008\Projects\HorseLeague.Tests\bin\Debug\HorseLeague.Tests.dll" adapterTypeName="Microsoft.VisualStudio.TestTools.TestTypes.Unit.UnitTestAdapter, Microsoft.VisualStudio.QualityTools.Tips.UnitTest.Adapter, Version=9.0.0.0, Culture=neutral, PublicKeyToken=b03f5f7f11d50a3a" className="HorseLeague.Tests.Controllers.AccountControllerTest, HorseLeague.Tests" name="RegisterPostReturnsViewIfEmailNotSpecified" />
    </UnitTest>
    <UnitTest name="RegisterPostRedirectsHomeIfRegistrationSuccessful" storage="c:\documents and settings\kurt\my documents\visual studio 2008\projects\horseleague.tests\bin\debug\horseleague.tests.dll" id="ad657288-279d-6d86-3bcf-3cd96aa1f8d2">
      <Css projectStructure="" iteration="" />
      <Owners>
        <Owner name="" />
      </Owners>
      <Execution id="284aaad3-8673-4176-96ff-71e846de7399" />
      <TestMethod codeBase="C:\Documents and Settings\Kurt\My Documents\Visual Studio 2008\Projects\HorseLeague.Tests\bin\Debug\HorseLeague.Tests.dll" adapterTypeName="Microsoft.VisualStudio.TestTools.TestTypes.Unit.UnitTestAdapter, Microsoft.VisualStudio.QualityTools.Tips.UnitTest.Adapter, Version=9.0.0.0, Culture=neutral, PublicKeyToken=b03f5f7f11d50a3a" className="HorseLeague.Tests.Controllers.AccountControllerTest, HorseLeague.Tests" name="RegisterPostRedirectsHomeIfRegistrationSuccessful" />
    </UnitTest>
    <UnitTest name="LoginPostReturnsViewIfUsernameNotSpecified" storage="c:\documents and settings\kurt\my documents\visual studio 2008\projects\horseleague.tests\bin\debug\horseleague.tests.dll" id="3809c6bd-13aa-04b2-8c2b-8729504ec38b">
      <Css projectStructure="" iteration="" />
      <Owners>
        <Owner name="" />
      </Owners>
      <Execution id="76e3f942-2d2b-4b9e-91d2-d6c89094f558" />
      <TestMethod codeBase="C:\Documents and Settings\Kurt\My Documents\Visual Studio 2008\Projects\HorseLeague.Tests\bin\Debug\HorseLeague.Tests.dll" adapterTypeName="Microsoft.VisualStudio.TestTools.TestTypes.Unit.UnitTestAdapter, Microsoft.VisualStudio.QualityTools.Tips.UnitTest.Adapter, Version=9.0.0.0, Culture=neutral, PublicKeyToken=b03f5f7f11d50a3a" className="HorseLeague.Tests.Controllers.AccountControllerTest, HorseLeague.Tests" name="LoginPostReturnsViewIfUsernameNotSpecified" />
    </UnitTest>
    <UnitTest name="RegisterPostReturnsViewIfPasswordIsTooShort" storage="c:\documents and settings\kurt\my documents\visual studio 2008\projects\horseleague.tests\bin\debug\horseleague.tests.dll" id="26aff360-adad-f0de-ca05-32e8d94dc8d5">
      <Css projectStructure="" iteration="" />
      <Owners>
        <Owner name="" />
      </Owners>
      <Execution id="4ffe1c7e-17da-48bf-9d20-ce0492da4ac2" />
      <TestMethod codeBase="C:\Documents and Settings\Kurt\My Documents\Visual Studio 2008\Projects\HorseLeague.Tests\bin\Debug\HorseLeague.Tests.dll" adapterTypeName="Microsoft.VisualStudio.TestTools.TestTypes.Unit.UnitTestAdapter, Microsoft.VisualStudio.QualityTools.Tips.UnitTest.Adapter, Version=9.0.0.0, Culture=neutral, PublicKeyToken=b03f5f7f11d50a3a" className="HorseLeague.Tests.Controllers.AccountControllerTest, HorseLeague.Tests" name="RegisterPostReturnsViewIfPasswordIsTooShort" />
    </UnitTest>
    <UnitTest name="ChangePasswordGetReturnsView" storage="c:\documents and settings\kurt\my documents\visual studio 2008\projects\horseleague.tests\bin\debug\horseleague.tests.dll" id="ba4b6c00-73ed-4116-b355-d9d4ad3395ff">
      <Css projectStructure="" iteration="" />
      <Owners>
        <Owner name="" />
      </Owners>
      <Execution id="85622d79-f443-4b47-b171-38303841f304" />
      <TestMethod codeBase="C:\Documents and Settings\Kurt\My Documents\Visual Studio 2008\Projects\HorseLeague.Tests\bin\Debug\HorseLeague.Tests.dll" adapterTypeName="Microsoft.VisualStudio.TestTools.TestTypes.Unit.UnitTestAdapter, Microsoft.VisualStudio.QualityTools.Tips.UnitTest.Adapter, Version=9.0.0.0, Culture=neutral, PublicKeyToken=b03f5f7f11d50a3a" className="HorseLeague.Tests.Controllers.AccountControllerTest, HorseLeague.Tests" name="ChangePasswordGetReturnsView" />
    </UnitTest>
    <UnitTest name="ChangePasswordPostReturnsViewIfNewPasswordIsTooShort" storage="c:\documents and settings\kurt\my documents\visual studio 2008\projects\horseleague.tests\bin\debug\horseleague.tests.dll" id="dff5879f-c523-be98-f346-0624155cc91d">
      <Css projectStructure="" iteration="" />
      <Owners>
        <Owner name="" />
      </Owners>
      <Execution id="4145dcbe-637d-44f2-8d16-450eca39a4e7" />
      <TestMethod codeBase="C:\Documents and Settings\Kurt\My Documents\Visual Studio 2008\Projects\HorseLeague.Tests\bin\Debug\HorseLeague.Tests.dll" adapterTypeName="Microsoft.VisualStudio.TestTools.TestTypes.Unit.UnitTestAdapter, Microsoft.VisualStudio.QualityTools.Tips.UnitTest.Adapter, Version=9.0.0.0, Culture=neutral, PublicKeyToken=b03f5f7f11d50a3a" className="HorseLeague.Tests.Controllers.AccountControllerTest, HorseLeague.Tests" name="ChangePasswordPostReturnsViewIfNewPasswordIsTooShort" />
    </UnitTest>
    <UnitTest name="ConstructorSetsProperties" storage="c:\documents and settings\kurt\my documents\visual studio 2008\projects\horseleague.tests\bin\debug\horseleague.tests.dll" id="d3f4c6d4-158b-55d7-13ad-97ef8c52f141">
      <Css projectStructure="" iteration="" />
      <Owners>
        <Owner name="" />
      </Owners>
      <Execution id="cb9c1fe9-0c69-4b5c-8e12-0e6064aa6c7b" />
      <TestMethod codeBase="C:\Documents and Settings\Kurt\My Documents\Visual Studio 2008\Projects\HorseLeague.Tests\bin\Debug\HorseLeague.Tests.dll" adapterTypeName="Microsoft.VisualStudio.TestTools.TestTypes.Unit.UnitTestAdapter, Microsoft.VisualStudio.QualityTools.Tips.UnitTest.Adapter, Version=9.0.0.0, Culture=neutral, PublicKeyToken=b03f5f7f11d50a3a" className="HorseLeague.Tests.Controllers.AccountControllerTest, HorseLeague.Tests" name="ConstructorSetsProperties" />
    </UnitTest>
    <UnitTest name="ChangePasswordSuccess" storage="c:\documents and settings\kurt\my documents\visual studio 2008\projects\horseleague.tests\bin\debug\horseleague.tests.dll" id="4dbee2ce-2e61-0fae-887a-2407f7e17394">
      <Css projectStructure="" iteration="" />
      <Owners>
        <Owner name="" />
      </Owners>
      <Execution id="74fcfa79-29da-49db-9bd0-624e023276fa" />
      <TestMethod codeBase="C:\Documents and Settings\Kurt\My Documents\Visual Studio 2008\Projects\HorseLeague.Tests\bin\Debug\HorseLeague.Tests.dll" adapterTypeName="Microsoft.VisualStudio.TestTools.TestTypes.Unit.UnitTestAdapter, Microsoft.VisualStudio.QualityTools.Tips.UnitTest.Adapter, Version=9.0.0.0, Culture=neutral, PublicKeyToken=b03f5f7f11d50a3a" className="HorseLeague.Tests.Controllers.AccountControllerTest, HorseLeague.Tests" name="ChangePasswordSuccess" />
    </UnitTest>
    <UnitTest name="LoginPostRedirectsHomeIfLoginSuccessfulButNoReturnUrlGiven" storage="c:\documents and settings\kurt\my documents\visual studio 2008\projects\horseleague.tests\bin\debug\horseleague.tests.dll" id="ff38476e-3b15-6555-e9e0-27c465560f13">
      <Css projectStructure="" iteration="" />
      <Owners>
        <Owner name="" />
      </Owners>
      <Execution id="0a0873d4-1a65-46ed-b4d2-ec674c0a7b5f" />
      <TestMethod codeBase="C:\Documents and Settings\Kurt\My Documents\Visual Studio 2008\Projects\HorseLeague.Tests\bin\Debug\HorseLeague.Tests.dll" adapterTypeName="Microsoft.VisualStudio.TestTools.TestTypes.Unit.UnitTestAdapter, Microsoft.VisualStudio.QualityTools.Tips.UnitTest.Adapter, Version=9.0.0.0, Culture=neutral, PublicKeyToken=b03f5f7f11d50a3a" className="HorseLeague.Tests.Controllers.AccountControllerTest, HorseLeague.Tests" name="LoginPostRedirectsHomeIfLoginSuccessfulButNoReturnUrlGiven" />
    </UnitTest>
    <UnitTest name="RegisterPostReturnsViewIfRegistrationFails" storage="c:\documents and settings\kurt\my documents\visual studio 2008\projects\horseleague.tests\bin\debug\horseleague.tests.dll" id="c15998e8-14b8-755b-595e-1799a9b935ca">
      <Css projectStructure="" iteration="" />
      <Owners>
        <Owner name="" />
      </Owners>
      <Execution id="f89d9c0b-cd7f-4f4c-99a9-38a0ef8d5c09" />
      <TestMethod codeBase="C:\Documents and Settings\Kurt\My Documents\Visual Studio 2008\Projects\HorseLeague.Tests\bin\Debug\HorseLeague.Tests.dll" adapterTypeName="Microsoft.VisualStudio.TestTools.TestTypes.Unit.UnitTestAdapter, Microsoft.VisualStudio.QualityTools.Tips.UnitTest.Adapter, Version=9.0.0.0, Culture=neutral, PublicKeyToken=b03f5f7f11d50a3a" className="HorseLeague.Tests.Controllers.AccountControllerTest, HorseLeague.Tests" name="RegisterPostReturnsViewIfRegistrationFails" />
    </UnitTest>
    <UnitTest name="ChangePasswordPostRedirectsOnSuccess" storage="c:\documents and settings\kurt\my documents\visual studio 2008\projects\horseleague.tests\bin\debug\horseleague.tests.dll" id="6024cbe7-2915-1082-3f79-ffc094aea4c3">
      <Css projectStructure="" iteration="" />
      <Owners>
        <Owner name="" />
      </Owners>
      <Execution id="9fea74e8-92c1-4845-8201-3858ca061c57" />
      <TestMethod codeBase="C:\Documents and Settings\Kurt\My Documents\Visual Studio 2008\Projects\HorseLeague.Tests\bin\Debug\HorseLeague.Tests.dll" adapterTypeName="Microsoft.VisualStudio.TestTools.TestTypes.Unit.UnitTestAdapter, Microsoft.VisualStudio.QualityTools.Tips.UnitTest.Adapter, Version=9.0.0.0, Culture=neutral, PublicKeyToken=b03f5f7f11d50a3a" className="HorseLeague.Tests.Controllers.AccountControllerTest, HorseLeague.Tests" name="ChangePasswordPostRedirectsOnSuccess" />
    </UnitTest>
    <UnitTest name="LoginGet" storage="c:\documents and settings\kurt\my documents\visual studio 2008\projects\horseleague.tests\bin\debug\horseleague.tests.dll" id="50185bfd-a133-e132-7553-29c9b60463d6">
      <Css projectStructure="" iteration="" />
      <Owners>
        <Owner name="" />
      </Owners>
      <Execution id="5327c2ef-dd77-4dd9-9cec-f1c1f990c04c" />
      <TestMethod codeBase="C:\Documents and Settings\Kurt\My Documents\Visual Studio 2008\Projects\HorseLeague.Tests\bin\Debug\HorseLeague.Tests.dll" adapterTypeName="Microsoft.VisualStudio.TestTools.TestTypes.Unit.UnitTestAdapter, Microsoft.VisualStudio.QualityTools.Tips.UnitTest.Adapter, Version=9.0.0.0, Culture=neutral, PublicKeyToken=b03f5f7f11d50a3a" className="HorseLeague.Tests.Controllers.AccountControllerTest, HorseLeague.Tests" name="LoginGet" />
    </UnitTest>
    <UnitTest name="RegisterGet" storage="c:\documents and settings\kurt\my documents\visual studio 2008\projects\horseleague.tests\bin\debug\horseleague.tests.dll" id="34adafae-7d3b-0c3f-56dd-6f0cce89c4e7">
      <Css projectStructure="" iteration="" />
      <Owners>
        <Owner name="" />
      </Owners>
      <Execution id="ec9e4101-cc17-4dea-ab5d-2069819f8427" />
      <TestMethod codeBase="C:\Documents and Settings\Kurt\My Documents\Visual Studio 2008\Projects\HorseLeague.Tests\bin\Debug\HorseLeague.Tests.dll" adapterTypeName="Microsoft.VisualStudio.TestTools.TestTypes.Unit.UnitTestAdapter, Microsoft.VisualStudio.QualityTools.Tips.UnitTest.Adapter, Version=9.0.0.0, Culture=neutral, PublicKeyToken=b03f5f7f11d50a3a" className="HorseLeague.Tests.Controllers.AccountControllerTest, HorseLeague.Tests" name="RegisterGet" />
    </UnitTest>
    <UnitTest name="Index" storage="c:\documents and settings\kurt\my documents\visual studio 2008\projects\horseleague.tests\bin\debug\horseleague.tests.dll" id="1346796b-7059-be3c-bce2-51c71defb0f6">
      <Css projectStructure="" iteration="" />
      <Owners>
        <Owner name="" />
      </Owners>
      <Execution id="3251eda2-7ec6-4314-b77e-115e5c3973f7" />
      <TestMethod codeBase="C:\Documents and Settings\Kurt\My Documents\Visual Studio 2008\Projects\HorseLeague.Tests\bin\Debug\HorseLeague.Tests.dll" adapterTypeName="Microsoft.VisualStudio.TestTools.TestTypes.Unit.UnitTestAdapter, Microsoft.VisualStudio.QualityTools.Tips.UnitTest.Adapter, Version=9.0.0.0, Culture=neutral, PublicKeyToken=b03f5f7f11d50a3a" className="HorseLeague.Tests.Controllers.HomeControllerTest, HorseLeague.Tests" name="Index" />
    </UnitTest>
    <UnitTest name="ChangePasswordPostReturnsViewIfCurrentPasswordNotSpecified" storage="c:\documents and settings\kurt\my documents\visual studio 2008\projects\horseleague.tests\bin\debug\horseleague.tests.dll" id="52c9455a-e431-2172-86b2-a8a649fdf1e6">
      <Css projectStructure="" iteration="" />
      <Owners>
        <Owner name="" />
      </Owners>
      <Execution id="68fce093-3c14-4acf-a079-212fe735ff15" />
      <TestMethod codeBase="C:\Documents and Settings\Kurt\My Documents\Visual Studio 2008\Projects\HorseLeague.Tests\bin\Debug\HorseLeague.Tests.dll" adapterTypeName="Microsoft.VisualStudio.TestTools.TestTypes.Unit.UnitTestAdapter, Microsoft.VisualStudio.QualityTools.Tips.UnitTest.Adapter, Version=9.0.0.0, Culture=neutral, PublicKeyToken=b03f5f7f11d50a3a" className="HorseLeague.Tests.Controllers.AccountControllerTest, HorseLeague.Tests" name="ChangePasswordPostReturnsViewIfCurrentPasswordNotSpecified" />
    </UnitTest>
    <UnitTest name="LogOff" storage="c:\documents and settings\kurt\my documents\visual studio 2008\projects\horseleague.tests\bin\debug\horseleague.tests.dll" id="42e78f32-b5fe-cc01-0041-f45f9bccc817">
      <Css projectStructure="" iteration="" />
      <Owners>
        <Owner name="" />
      </Owners>
      <Execution id="6f8a74a1-2c75-42f0-ba55-2f6f8d5cf5e0" />
      <TestMethod codeBase="C:\Documents and Settings\Kurt\My Documents\Visual Studio 2008\Projects\HorseLeague.Tests\bin\Debug\HorseLeague.Tests.dll" adapterTypeName="Microsoft.VisualStudio.TestTools.TestTypes.Unit.UnitTestAdapter, Microsoft.VisualStudio.QualityTools.Tips.UnitTest.Adapter, Version=9.0.0.0, Culture=neutral, PublicKeyToken=b03f5f7f11d50a3a" className="HorseLeague.Tests.Controllers.AccountControllerTest, HorseLeague.Tests" name="LogOff" />
    </UnitTest>
    <UnitTest name="LoginPostReturnsViewIfUsernameOrPasswordIsIncorrect" storage="c:\documents and settings\kurt\my documents\visual studio 2008\projects\horseleague.tests\bin\debug\horseleague.tests.dll" id="4323cd6b-27c2-f28d-0509-255fefff7e15">
      <Css projectStructure="" iteration="" />
      <Owners>
        <Owner name="" />
      </Owners>
      <Execution id="caedc922-13c9-4841-8a40-92d0582cbdc0" />
      <TestMethod codeBase="C:\Documents and Settings\Kurt\My Documents\Visual Studio 2008\Projects\HorseLeague.Tests\bin\Debug\HorseLeague.Tests.dll" adapterTypeName="Microsoft.VisualStudio.TestTools.TestTypes.Unit.UnitTestAdapter, Microsoft.VisualStudio.QualityTools.Tips.UnitTest.Adapter, Version=9.0.0.0, Culture=neutral, PublicKeyToken=b03f5f7f11d50a3a" className="HorseLeague.Tests.Controllers.AccountControllerTest, HorseLeague.Tests" name="LoginPostReturnsViewIfUsernameOrPasswordIsIncorrect" />
    </UnitTest>
    <UnitTest name="ChangePasswordPostReturnsViewIfProviderRejectsPassword" storage="c:\documents and settings\kurt\my documents\visual studio 2008\projects\horseleague.tests\bin\debug\horseleague.tests.dll" id="af34b776-e106-332b-e4a5-f7d02bcbe584">
      <Css projectStructure="" iteration="" />
      <Owners>
        <Owner name="" />
      </Owners>
      <Execution id="5867d6e3-ca66-431a-9dac-8e688bdb9df7" />
      <TestMethod codeBase="C:\Documents and Settings\Kurt\My Documents\Visual Studio 2008\Projects\HorseLeague.Tests\bin\Debug\HorseLeague.Tests.dll" adapterTypeName="Microsoft.VisualStudio.TestTools.TestTypes.Unit.UnitTestAdapter, Microsoft.VisualStudio.QualityTools.Tips.UnitTest.Adapter, Version=9.0.0.0, Culture=neutral, PublicKeyToken=b03f5f7f11d50a3a" className="HorseLeague.Tests.Controllers.AccountControllerTest, HorseLeague.Tests" name="ChangePasswordPostReturnsViewIfProviderRejectsPassword" />
    </UnitTest>
    <UnitTest name="TestIndex" storage="c:\documents and settings\kurt\my documents\visual studio 2008\projects\horseleague.tests\bin\debug\horseleague.tests.dll" id="47e7ba33-da58-e786-1344-d54d48f0b815">
      <Css projectStructure="" iteration="" />
      <Owners>
        <Owner name="" />
      </Owners>
      <Execution id="fb9ad58f-a19c-4936-b09c-5ba05ecc6501" />
      <TestMethod codeBase="C:\Documents and Settings\Kurt\My Documents\Visual Studio 2008\Projects\HorseLeague.Tests\bin\Debug\HorseLeague.Tests.dll" adapterTypeName="Microsoft.VisualStudio.TestTools.TestTypes.Unit.UnitTestAdapter, Microsoft.VisualStudio.QualityTools.Tips.UnitTest.Adapter, Version=9.0.0.0, Culture=neutral, PublicKeyToken=b03f5f7f11d50a3a" className="HorseLeague.Tests.Controllers.ResultsControllerTest, HorseLeague.Tests" name="TestIndex" />
    </UnitTest>
    <UnitTest name="RegisterPostReturnsViewIfPasswordIsNull" storage="c:\documents and settings\kurt\my documents\visual studio 2008\projects\horseleague.tests\bin\debug\horseleague.tests.dll" id="6e649981-a712-fcba-094a-a2df73ccb7cd">
      <Css projectStructure="" iteration="" />
      <Owners>
        <Owner name="" />
      </Owners>
      <Execution id="c6508b0f-1f9f-462c-8397-792655a6ba31" />
      <TestMethod codeBase="C:\Documents and Settings\Kurt\My Documents\Visual Studio 2008\Projects\HorseLeague.Tests\bin\Debug\HorseLeague.Tests.dll" adapterTypeName="Microsoft.VisualStudio.TestTools.TestTypes.Unit.UnitTestAdapter, Microsoft.VisualStudio.QualityTools.Tips.UnitTest.Adapter, Version=9.0.0.0, Culture=neutral, PublicKeyToken=b03f5f7f11d50a3a" className="HorseLeague.Tests.Controllers.AccountControllerTest, HorseLeague.Tests" name="RegisterPostReturnsViewIfPasswordIsNull" />
    </UnitTest>
    <UnitTest name="RegisterPostReturnsViewIfUsernameNotSpecified" storage="c:\documents and settings\kurt\my documents\visual studio 2008\projects\horseleague.tests\bin\debug\horseleague.tests.dll" id="c3d46fc6-a1a9-40d7-62a4-8e551119d5fa">
      <Css projectStructure="" iteration="" />
      <Owners>
        <Owner name="" />
      </Owners>
      <Execution id="49ad2ae4-281b-4f4d-8ec2-83436e4e5eb7" />
      <TestMethod codeBase="C:\Documents and Settings\Kurt\My Documents\Visual Studio 2008\Projects\HorseLeague.Tests\bin\Debug\HorseLeague.Tests.dll" adapterTypeName="Microsoft.VisualStudio.TestTools.TestTypes.Unit.UnitTestAdapter, Microsoft.VisualStudio.QualityTools.Tips.UnitTest.Adapter, Version=9.0.0.0, Culture=neutral, PublicKeyToken=b03f5f7f11d50a3a" className="HorseLeague.Tests.Controllers.AccountControllerTest, HorseLeague.Tests" name="RegisterPostReturnsViewIfUsernameNotSpecified" />
    </UnitTest>
    <UnitTest name="LoginPostReturnsViewIfPasswordNotSpecified" storage="c:\documents and settings\kurt\my documents\visual studio 2008\projects\horseleague.tests\bin\debug\horseleague.tests.dll" id="e7e19c47-4346-6b89-f222-32fc510afa7d">
      <Css projectStructure="" iteration="" />
      <Owners>
        <Owner name="" />
      </Owners>
      <Execution id="58b29f3a-9dd2-4e22-8e47-f68843af764b" />
      <TestMethod codeBase="C:\Documents and Settings\Kurt\My Documents\Visual Studio 2008\Projects\HorseLeague.Tests\bin\Debug\HorseLeague.Tests.dll" adapterTypeName="Microsoft.VisualStudio.TestTools.TestTypes.Unit.UnitTestAdapter, Microsoft.VisualStudio.QualityTools.Tips.UnitTest.Adapter, Version=9.0.0.0, Culture=neutral, PublicKeyToken=b03f5f7f11d50a3a" className="HorseLeague.Tests.Controllers.AccountControllerTest, HorseLeague.Tests" name="LoginPostReturnsViewIfPasswordNotSpecified" />
    </UnitTest>
    <UnitTest name="ChangePasswordPostReturnsViewIfNewPasswordIsNull" storage="c:\documents and settings\kurt\my documents\visual studio 2008\projects\horseleague.tests\bin\debug\horseleague.tests.dll" id="dbf59b11-b36e-ce6f-5531-2370aed6e369">
      <Css projectStructure="" iteration="" />
      <Owners>
        <Owner name="" />
      </Owners>
      <Execution id="0e89b771-122d-4f13-8884-b02c8b4fc116" />
      <TestMethod codeBase="C:\Documents and Settings\Kurt\My Documents\Visual Studio 2008\Projects\HorseLeague.Tests\bin\Debug\HorseLeague.Tests.dll" adapterTypeName="Microsoft.VisualStudio.TestTools.TestTypes.Unit.UnitTestAdapter, Microsoft.VisualStudio.QualityTools.Tips.UnitTest.Adapter, Version=9.0.0.0, Culture=neutral, PublicKeyToken=b03f5f7f11d50a3a" className="HorseLeague.Tests.Controllers.AccountControllerTest, HorseLeague.Tests" name="ChangePasswordPostReturnsViewIfNewPasswordIsNull" />
    </UnitTest>
  </TestDefinitions>
  <TestLists>
    <TestList name="Results Not in a List" id="8c84fa94-04c1-424b-9868-57a2d4851a1d" />
    <TestList name="All Loaded Results" id="19431567-8539-422a-85d7-44ee4e166bda" />
  </TestLists>
  <TestEntries>
    <TestEntry testId="ba4b6c00-73ed-4116-b355-d9d4ad3395ff" executionId="85622d79-f443-4b47-b171-38303841f304" testListId="8c84fa94-04c1-424b-9868-57a2d4851a1d" />
    <TestEntry testId="6024cbe7-2915-1082-3f79-ffc094aea4c3" executionId="9fea74e8-92c1-4845-8201-3858ca061c57" testListId="8c84fa94-04c1-424b-9868-57a2d4851a1d" />
    <TestEntry testId="52c9455a-e431-2172-86b2-a8a649fdf1e6" executionId="68fce093-3c14-4acf-a079-212fe735ff15" testListId="8c84fa94-04c1-424b-9868-57a2d4851a1d" />
    <TestEntry testId="d41b7c0c-336f-a7c0-db53-01a33c0e50f6" executionId="47b6ddcb-f388-46cf-9bdd-123c6586bd23" testListId="8c84fa94-04c1-424b-9868-57a2d4851a1d" />
    <TestEntry testId="dbf59b11-b36e-ce6f-5531-2370aed6e369" executionId="0e89b771-122d-4f13-8884-b02c8b4fc116" testListId="8c84fa94-04c1-424b-9868-57a2d4851a1d" />
    <TestEntry testId="dff5879f-c523-be98-f346-0624155cc91d" executionId="4145dcbe-637d-44f2-8d16-450eca39a4e7" testListId="8c84fa94-04c1-424b-9868-57a2d4851a1d" />
    <TestEntry testId="af34b776-e106-332b-e4a5-f7d02bcbe584" executionId="5867d6e3-ca66-431a-9dac-8e688bdb9df7" testListId="8c84fa94-04c1-424b-9868-57a2d4851a1d" />
    <TestEntry testId="4dbee2ce-2e61-0fae-887a-2407f7e17394" executionId="74fcfa79-29da-49db-9bd0-624e023276fa" testListId="8c84fa94-04c1-424b-9868-57a2d4851a1d" />
    <TestEntry testId="d3f4c6d4-158b-55d7-13ad-97ef8c52f141" executionId="cb9c1fe9-0c69-4b5c-8e12-0e6064aa6c7b" testListId="8c84fa94-04c1-424b-9868-57a2d4851a1d" />
    <TestEntry testId="1ce65521-0241-6d29-9776-bd65fa9f09d5" executionId="4ded24e5-772d-4065-a23a-c681981b714c" testListId="8c84fa94-04c1-424b-9868-57a2d4851a1d" />
    <TestEntry testId="50185bfd-a133-e132-7553-29c9b60463d6" executionId="5327c2ef-dd77-4dd9-9cec-f1c1f990c04c" testListId="8c84fa94-04c1-424b-9868-57a2d4851a1d" />
    <TestEntry testId="ff38476e-3b15-6555-e9e0-27c465560f13" executionId="0a0873d4-1a65-46ed-b4d2-ec674c0a7b5f" testListId="8c84fa94-04c1-424b-9868-57a2d4851a1d" />
    <TestEntry testId="cc48d018-769a-738e-6b7a-d443b2dfe52f" executionId="ba132d88-ce85-41f0-a52f-323ea95249f3" testListId="8c84fa94-04c1-424b-9868-57a2d4851a1d" />
    <TestEntry testId="e7e19c47-4346-6b89-f222-32fc510afa7d" executionId="58b29f3a-9dd2-4e22-8e47-f68843af764b" testListId="8c84fa94-04c1-424b-9868-57a2d4851a1d" />
    <TestEntry testId="3809c6bd-13aa-04b2-8c2b-8729504ec38b" executionId="76e3f942-2d2b-4b9e-91d2-d6c89094f558" testListId="8c84fa94-04c1-424b-9868-57a2d4851a1d" />
    <TestEntry testId="4323cd6b-27c2-f28d-0509-255fefff7e15" executionId="caedc922-13c9-4841-8a40-92d0582cbdc0" testListId="8c84fa94-04c1-424b-9868-57a2d4851a1d" />
    <TestEntry testId="42e78f32-b5fe-cc01-0041-f45f9bccc817" executionId="6f8a74a1-2c75-42f0-ba55-2f6f8d5cf5e0" testListId="8c84fa94-04c1-424b-9868-57a2d4851a1d" />
    <TestEntry testId="34adafae-7d3b-0c3f-56dd-6f0cce89c4e7" executionId="ec9e4101-cc17-4dea-ab5d-2069819f8427" testListId="8c84fa94-04c1-424b-9868-57a2d4851a1d" />
    <TestEntry testId="ad657288-279d-6d86-3bcf-3cd96aa1f8d2" executionId="284aaad3-8673-4176-96ff-71e846de7399" testListId="8c84fa94-04c1-424b-9868-57a2d4851a1d" />
    <TestEntry testId="87a0c7d1-ebf9-66fc-2675-f71a7adf6632" executionId="0917476c-2b4f-4e3b-9604-a8c74194c840" testListId="8c84fa94-04c1-424b-9868-57a2d4851a1d" />
    <TestEntry testId="e71c200c-6df8-01cf-9b57-16d2d6df888c" executionId="17abb02b-89ef-4cb0-b9a1-5af9f7b4c672" testListId="8c84fa94-04c1-424b-9868-57a2d4851a1d" />
    <TestEntry testId="6e649981-a712-fcba-094a-a2df73ccb7cd" executionId="c6508b0f-1f9f-462c-8397-792655a6ba31" testListId="8c84fa94-04c1-424b-9868-57a2d4851a1d" />
    <TestEntry testId="26aff360-adad-f0de-ca05-32e8d94dc8d5" executionId="4ffe1c7e-17da-48bf-9d20-ce0492da4ac2" testListId="8c84fa94-04c1-424b-9868-57a2d4851a1d" />
    <TestEntry testId="c15998e8-14b8-755b-595e-1799a9b935ca" executionId="f89d9c0b-cd7f-4f4c-99a9-38a0ef8d5c09" testListId="8c84fa94-04c1-424b-9868-57a2d4851a1d" />
    <TestEntry testId="c3d46fc6-a1a9-40d7-62a4-8e551119d5fa" executionId="49ad2ae4-281b-4f4d-8ec2-83436e4e5eb7" testListId="8c84fa94-04c1-424b-9868-57a2d4851a1d" />
    <TestEntry testId="1346796b-7059-be3c-bce2-51c71defb0f6" executionId="3251eda2-7ec6-4314-b77e-115e5c3973f7" testListId="8c84fa94-04c1-424b-9868-57a2d4851a1d" />
    <TestEntry testId="47e7ba33-da58-e786-1344-d54d48f0b815" executionId="fb9ad58f-a19c-4936-b09c-5ba05ecc6501" testListId="8c84fa94-04c1-424b-9868-57a2d4851a1d" />
  </TestEntries>
  <Results>
    <UnitTestResult executionId="85622d79-f443-4b47-b171-38303841f304" testId="ba4b6c00-73ed-4116-b355-d9d4ad3395ff" testName="ChangePasswordGetReturnsView" computerName="LOOSEY" duration="00:00:00.2852748" startTime="2009-03-01T20:47:21.4422592-05:00" endTime="2009-03-01T20:47:22.7341168-05:00" testType="13cdc9d9-ddb5-4fa4-a97d-d965ccfc6d4b" outcome="Passed" testListId="8c84fa94-04c1-424b-9868-57a2d4851a1d">
      <Output>
      </Output>
    </UnitTestResult>
    <UnitTestResult executionId="9fea74e8-92c1-4845-8201-3858ca061c57" testId="6024cbe7-2915-1082-3f79-ffc094aea4c3" testName="ChangePasswordPostRedirectsOnSuccess" computerName="LOOSEY" duration="00:00:00.1033849" startTime="2009-03-01T20:47:22.7641600-05:00" endTime="2009-03-01T20:47:22.8743184-05:00" testType="13cdc9d9-ddb5-4fa4-a97d-d965ccfc6d4b" outcome="Passed" testListId="8c84fa94-04c1-424b-9868-57a2d4851a1d">
      <Output>
      </Output>
    </UnitTestResult>
    <UnitTestResult executionId="68fce093-3c14-4acf-a079-212fe735ff15" testId="52c9455a-e431-2172-86b2-a8a649fdf1e6" testName="ChangePasswordPostReturnsViewIfCurrentPasswordNotSpecified" computerName="LOOSEY" duration="00:00:00.0520538" startTime="2009-03-01T20:47:22.8843328-05:00" endTime="2009-03-01T20:47:22.9544336-05:00" testType="13cdc9d9-ddb5-4fa4-a97d-d965ccfc6d4b" outcome="Passed" testListId="8c84fa94-04c1-424b-9868-57a2d4851a1d">
      <Output>
      </Output>
    </UnitTestResult>
    <UnitTestResult executionId="47b6ddcb-f388-46cf-9bdd-123c6586bd23" testId="d41b7c0c-336f-a7c0-db53-01a33c0e50f6" testName="ChangePasswordPostReturnsViewIfNewPasswordDoesNotMatchConfirmPassword" computerName="LOOSEY" duration="00:00:00.0023433" startTime="2009-03-01T20:47:22.9644480-05:00" endTime="2009-03-01T20:47:22.9844768-05:00" testType="13cdc9d9-ddb5-4fa4-a97d-d965ccfc6d4b" outcome="Passed" testListId="8c84fa94-04c1-424b-9868-57a2d4851a1d">
      <Output>
      </Output>
    </UnitTestResult>
    <UnitTestResult executionId="0e89b771-122d-4f13-8884-b02c8b4fc116" testId="dbf59b11-b36e-ce6f-5531-2370aed6e369" testName="ChangePasswordPostReturnsViewIfNewPasswordIsNull" computerName="LOOSEY" duration="00:00:00.0030213" startTime="2009-03-01T20:47:22.9944912-05:00" endTime="2009-03-01T20:47:22.9944912-05:00" testType="13cdc9d9-ddb5-4fa4-a97d-d965ccfc6d4b" outcome="Passed" testListId="8c84fa94-04c1-424b-9868-57a2d4851a1d">
      <Output>
      </Output>
    </UnitTestResult>
    <UnitTestResult executionId="4145dcbe-637d-44f2-8d16-450eca39a4e7" testId="dff5879f-c523-be98-f346-0624155cc91d" testName="ChangePasswordPostReturnsViewIfNewPasswordIsTooShort" computerName="LOOSEY" duration="00:00:00.0022622" startTime="2009-03-01T20:47:23.0045056-05:00" endTime="2009-03-01T20:47:23.0145200-05:00" testType="13cdc9d9-ddb5-4fa4-a97d-d965ccfc6d4b" outcome="Passed" testListId="8c84fa94-04c1-424b-9868-57a2d4851a1d">
      <Output>
      </Output>
    </UnitTestResult>
    <UnitTestResult executionId="5867d6e3-ca66-431a-9dac-8e688bdb9df7" testId="af34b776-e106-332b-e4a5-f7d02bcbe584" testName="ChangePasswordPostReturnsViewIfProviderRejectsPassword" computerName="LOOSEY" duration="00:00:00.0033325" startTime="2009-03-01T20:47:23.0545776-05:00" endTime="2009-03-01T20:47:23.0645920-05:00" testType="13cdc9d9-ddb5-4fa4-a97d-d965ccfc6d4b" outcome="Passed" testListId="8c84fa94-04c1-424b-9868-57a2d4851a1d">
      <Output>
      </Output>
    </UnitTestResult>
    <UnitTestResult executionId="74fcfa79-29da-49db-9bd0-624e023276fa" testId="4dbee2ce-2e61-0fae-887a-2407f7e17394" testName="ChangePasswordSuccess" computerName="LOOSEY" duration="00:00:00.0040259" startTime="2009-03-01T20:47:23.0746064-05:00" endTime="2009-03-01T20:47:23.0946352-05:00" testType="13cdc9d9-ddb5-4fa4-a97d-d965ccfc6d4b" outcome="Passed" testListId="8c84fa94-04c1-424b-9868-57a2d4851a1d">
      <Output>
      </Output>
    </UnitTestResult>
    <UnitTestResult executionId="cb9c1fe9-0c69-4b5c-8e12-0e6064aa6c7b" testId="d3f4c6d4-158b-55d7-13ad-97ef8c52f141" testName="ConstructorSetsProperties" computerName="LOOSEY" duration="00:00:01.1382111" startTime="2009-03-01T20:47:23.1146640-05:00" endTime="2009-03-01T20:47:24.2563056-05:00" testType="13cdc9d9-ddb5-4fa4-a97d-d965ccfc6d4b" outcome="Passed" testListId="8c84fa94-04c1-424b-9868-57a2d4851a1d">
      <Output>
      </Output>
    </UnitTestResult>
    <UnitTestResult executionId="4ded24e5-772d-4065-a23a-c681981b714c" testId="1ce65521-0241-6d29-9776-bd65fa9f09d5" testName="ConstructorSetsPropertiesToDefaultValues" computerName="LOOSEY" duration="00:00:00.0042790" startTime="2009-03-01T20:47:24.2763344-05:00" endTime="2009-03-01T20:47:24.2963632-05:00" testType="13cdc9d9-ddb5-4fa4-a97d-d965ccfc6d4b" outcome="Passed" testListId="8c84fa94-04c1-424b-9868-57a2d4851a1d">
      <Output>
      </Output>
    </UnitTestResult>
    <UnitTestResult executionId="5327c2ef-dd77-4dd9-9cec-f1c1f990c04c" testId="50185bfd-a133-e132-7553-29c9b60463d6" testName="LoginGet" computerName="LOOSEY" duration="00:00:00.0029034" startTime="2009-03-01T20:47:24.3063776-05:00" endTime="2009-03-01T20:47:24.3163920-05:00" testType="13cdc9d9-ddb5-4fa4-a97d-d965ccfc6d4b" outcome="Passed" testListId="8c84fa94-04c1-424b-9868-57a2d4851a1d">
      <Output>
      </Output>
    </UnitTestResult>
    <UnitTestResult executionId="0a0873d4-1a65-46ed-b4d2-ec674c0a7b5f" testId="ff38476e-3b15-6555-e9e0-27c465560f13" testName="LoginPostRedirectsHomeIfLoginSuccessfulButNoReturnUrlGiven" computerName="LOOSEY" duration="00:00:00.0140610" startTime="2009-03-01T20:47:24.3364208-05:00" endTime="2009-03-01T20:47:24.3564496-05:00" testType="13cdc9d9-ddb5-4fa4-a97d-d965ccfc6d4b" outcome="Passed" testListId="8c84fa94-04c1-424b-9868-57a2d4851a1d">
      <Output>
      </Output>
    </UnitTestResult>
    <UnitTestResult executionId="ba132d88-ce85-41f0-a52f-323ea95249f3" testId="cc48d018-769a-738e-6b7a-d443b2dfe52f" testName="LoginPostRedirectsToReturnUrlIfLoginSuccessfulAndReturnUrlGiven" computerName="LOOSEY" duration="00:00:00.0078672" startTime="2009-03-01T20:47:24.3664640-05:00" endTime="2009-03-01T20:47:24.3965072-05:00" testType="13cdc9d9-ddb5-4fa4-a97d-d965ccfc6d4b" outcome="Passed" testListId="8c84fa94-04c1-424b-9868-57a2d4851a1d">
      <Output>
      </Output>
    </UnitTestResult>
    <UnitTestResult executionId="58b29f3a-9dd2-4e22-8e47-f68843af764b" testId="e7e19c47-4346-6b89-f222-32fc510afa7d" testName="LoginPostReturnsViewIfPasswordNotSpecified" computerName="LOOSEY" duration="00:00:00.0029573" startTime="2009-03-01T20:47:24.4065216-05:00" endTime="2009-03-01T20:47:24.4165360-05:00" testType="13cdc9d9-ddb5-4fa4-a97d-d965ccfc6d4b" outcome="Passed" testListId="8c84fa94-04c1-424b-9868-57a2d4851a1d">
      <Output>
      </Output>
    </UnitTestResult>
    <UnitTestResult executionId="76e3f942-2d2b-4b9e-91d2-d6c89094f558" testId="3809c6bd-13aa-04b2-8c2b-8729504ec38b" testName="LoginPostReturnsViewIfUsernameNotSpecified" computerName="LOOSEY" duration="00:00:00.0022561" startTime="2009-03-01T20:47:24.4365648-05:00" endTime="2009-03-01T20:47:24.4465792-05:00" testType="13cdc9d9-ddb5-4fa4-a97d-d965ccfc6d4b" outcome="Passed" testListId="8c84fa94-04c1-424b-9868-57a2d4851a1d">
      <Output>
      </Output>
    </UnitTestResult>
    <UnitTestResult executionId="caedc922-13c9-4841-8a40-92d0582cbdc0" testId="4323cd6b-27c2-f28d-0509-255fefff7e15" testName="LoginPostReturnsViewIfUsernameOrPasswordIsIncorrect" computerName="LOOSEY" duration="00:00:00.0028749" startTime="2009-03-01T20:47:24.4565936-05:00" endTime="2009-03-01T20:47:24.4766224-05:00" testType="13cdc9d9-ddb5-4fa4-a97d-d965ccfc6d4b" outcome="Passed" testListId="8c84fa94-04c1-424b-9868-57a2d4851a1d">
      <Output>
      </Output>
    </UnitTestResult>
    <UnitTestResult executionId="6f8a74a1-2c75-42f0-ba55-2f6f8d5cf5e0" testId="42e78f32-b5fe-cc01-0041-f45f9bccc817" testName="LogOff" computerName="LOOSEY" duration="00:00:00.0043307" startTime="2009-03-01T20:47:24.4866368-05:00" endTime="2009-03-01T20:47:24.4966512-05:00" testType="13cdc9d9-ddb5-4fa4-a97d-d965ccfc6d4b" outcome="Passed" testListId="8c84fa94-04c1-424b-9868-57a2d4851a1d">
      <Output>
      </Output>
    </UnitTestResult>
    <UnitTestResult executionId="ec9e4101-cc17-4dea-ab5d-2069819f8427" testId="34adafae-7d3b-0c3f-56dd-6f0cce89c4e7" testName="RegisterGet" computerName="LOOSEY" duration="00:00:00.0038267" startTime="2009-03-01T20:47:24.5066656-05:00" endTime="2009-03-01T20:47:24.5367088-05:00" testType="13cdc9d9-ddb5-4fa4-a97d-d965ccfc6d4b" outcome="Passed" testListId="8c84fa94-04c1-424b-9868-57a2d4851a1d">
      <Output>
      </Output>
    </UnitTestResult>
    <UnitTestResult executionId="284aaad3-8673-4176-96ff-71e846de7399" testId="ad657288-279d-6d86-3bcf-3cd96aa1f8d2" testName="RegisterPostRedirectsHomeIfRegistrationSuccessful" computerName="LOOSEY" duration="00:00:00.0134818" startTime="2009-03-01T20:47:24.5367088-05:00" endTime="2009-03-01T20:47:24.5667520-05:00" testType="13cdc9d9-ddb5-4fa4-a97d-d965ccfc6d4b" outcome="Passed" testListId="8c84fa94-04c1-424b-9868-57a2d4851a1d">
      <Output>
      </Output>
    </UnitTestResult>
    <UnitTestResult executionId="0917476c-2b4f-4e3b-9604-a8c74194c840" testId="87a0c7d1-ebf9-66fc-2675-f71a7adf6632" testName="RegisterPostReturnsViewIfEmailNotSpecified" computerName="LOOSEY" duration="00:00:00.0026020" startTime="2009-03-01T20:47:24.5667520-05:00" endTime="2009-03-01T20:47:24.5967952-05:00" testType="13cdc9d9-ddb5-4fa4-a97d-d965ccfc6d4b" outcome="Passed" testListId="8c84fa94-04c1-424b-9868-57a2d4851a1d">
      <Output>
      </Output>
    </UnitTestResult>
    <UnitTestResult executionId="17abb02b-89ef-4cb0-b9a1-5af9f7b4c672" testId="e71c200c-6df8-01cf-9b57-16d2d6df888c" testName="RegisterPostReturnsViewIfNewPasswordDoesNotMatchConfirmPassword" computerName="LOOSEY" duration="00:00:00.0024712" startTime="2009-03-01T20:47:24.6068096-05:00" endTime="2009-03-01T20:47:24.6168240-05:00" testType="13cdc9d9-ddb5-4fa4-a97d-d965ccfc6d4b" outcome="Passed" testListId="8c84fa94-04c1-424b-9868-57a2d4851a1d">
      <Output>
      </Output>
    </UnitTestResult>
    <UnitTestResult executionId="c6508b0f-1f9f-462c-8397-792655a6ba31" testId="6e649981-a712-fcba-094a-a2df73ccb7cd" testName="RegisterPostReturnsViewIfPasswordIsNull" computerName="LOOSEY" duration="00:00:00.0023299" startTime="2009-03-01T20:47:24.6368528-05:00" endTime="2009-03-01T20:47:24.6468672-05:00" testType="13cdc9d9-ddb5-4fa4-a97d-d965ccfc6d4b" outcome="Passed" testListId="8c84fa94-04c1-424b-9868-57a2d4851a1d">
      <Output>
      </Output>
    </UnitTestResult>
    <UnitTestResult executionId="4ffe1c7e-17da-48bf-9d20-ce0492da4ac2" testId="26aff360-adad-f0de-ca05-32e8d94dc8d5" testName="RegisterPostReturnsViewIfPasswordIsTooShort" computerName="LOOSEY" duration="00:00:00.0029285" startTime="2009-03-01T20:47:24.6568816-05:00" endTime="2009-03-01T20:47:24.6769104-05:00" testType="13cdc9d9-ddb5-4fa4-a97d-d965ccfc6d4b" outcome="Passed" testListId="8c84fa94-04c1-424b-9868-57a2d4851a1d">
      <Output>
      </Output>
    </UnitTestResult>
    <UnitTestResult executionId="f89d9c0b-cd7f-4f4c-99a9-38a0ef8d5c09" testId="c15998e8-14b8-755b-595e-1799a9b935ca" testName="RegisterPostReturnsViewIfRegistrationFails" computerName="LOOSEY" duration="00:00:00.0056755" startTime="2009-03-01T20:47:24.6869248-05:00" endTime="2009-03-01T20:47:24.7069536-05:00" testType="13cdc9d9-ddb5-4fa4-a97d-d965ccfc6d4b" outcome="Passed" testListId="8c84fa94-04c1-424b-9868-57a2d4851a1d">
      <Output>
      </Output>
    </UnitTestResult>
    <UnitTestResult executionId="49ad2ae4-281b-4f4d-8ec2-83436e4e5eb7" testId="c3d46fc6-a1a9-40d7-62a4-8e551119d5fa" testName="RegisterPostReturnsViewIfUsernameNotSpecified" computerName="LOOSEY" duration="00:00:00.0023162" startTime="2009-03-01T20:47:24.7169680-05:00" endTime="2009-03-01T20:47:24.7269824-05:00" testType="13cdc9d9-ddb5-4fa4-a97d-d965ccfc6d4b" outcome="Passed" testListId="8c84fa94-04c1-424b-9868-57a2d4851a1d">
      <Output>
      </Output>
    </UnitTestResult>
    <UnitTestResult executionId="3251eda2-7ec6-4314-b77e-115e5c3973f7" testId="1346796b-7059-be3c-bce2-51c71defb0f6" testName="Index" computerName="LOOSEY" duration="00:00:01.2897245" startTime="2009-03-01T20:47:24.7470112-05:00" endTime="2009-03-01T20:47:26.0588976-05:00" testType="13cdc9d9-ddb5-4fa4-a97d-d965ccfc6d4b" outcome="Passed" testListId="8c84fa94-04c1-424b-9868-57a2d4851a1d">
      <Output>
      </Output>
    </UnitTestResult>
    <UnitTestResult executionId="fb9ad58f-a19c-4936-b09c-5ba05ecc6501" testId="47e7ba33-da58-e786-1344-d54d48f0b815" testName="TestIndex" computerName="LOOSEY" duration="00:00:00.0615167" startTime="2009-03-01T20:47:26.0689120-05:00" endTime="2009-03-01T20:47:26.1390128-05:00" testType="13cdc9d9-ddb5-4fa4-a97d-d965ccfc6d4b" outcome="Passed" testListId="8c84fa94-04c1-424b-9868-57a2d4851a1d">
      <Output>
      </Output>
    </UnitTestResult>
  </Results>
</TestRun>