<?xml version="1.0" encoding="UTF-8"?>
<TestRun id="7b8a2a27-5b30-42b9-b63d-0322203a2b55" name="Kurt@LOOSEY 2009-03-16 20:04:29" runUser="LOOSEY\Kurt" xmlns="http://microsoft.com/schemas/VisualStudio/TeamTest/2006">
  <TestRunConfiguration name="horseleague" id="42418cb5-1873-4887-acb8-004a5e8195b0">
    <Description>This is a default test run configuration for a local test run.</Description>
    <Deployment runDeploymentRoot="C:\Documents and Settings\Kurt\My Documents\Visual Studio 2008\Projects\HorseLeague\TestResults\Kurt_LOOSEY 2009-03-16 20_04_29">
      <DeploymentItem filename="C:\Documents and Settings\Kurt\My Documents\Visual Studio 2008\Projects\HorseLeague\bin\HorseLeague.dll" />
      <DeploymentItem filename="C:\Program Files\Rhino\Rhino.Mocks.dll" />
    </Deployment>
    <CodeCoverage>
      <Regular>
        <CodeCoverageItem binaryFile="bin\HorseLeague.dll" pdbFile="bin\HorseLeague.pdb" instrumentInPlace="true" />
      </Regular>
    </CodeCoverage>
    <TestTypeSpecific />
  </TestRunConfiguration>
  <ResultSummary outcome="Failed">
    <Counters total="27" executed="27" passed="26" error="0" failed="1" timeout="0" aborted="0" inconclusive="0" passedButRunAborted="0" notRunnable="0" notExecuted="0" disconnected="0" warning="0" completed="0" inProgress="0" pending="0" />
  </ResultSummary>
  <Times creation="2009-03-16T20:04:29.8316048-04:00" queuing="2009-03-16T20:04:41.8188416-04:00" start="2009-03-16T20:04:43.4011168-04:00" finish="2009-03-16T20:05:13.7046912-04:00" />
  <TestDefinitions>
    <UnitTest name="ConstructorSetsPropertiesToDefaultValues" storage="c:\documents and settings\kurt\my documents\visual studio 2008\projects\horseleague.tests\bin\debug\horseleague.tests.dll" id="1ce65521-0241-6d29-9776-bd65fa9f09d5">
      <Css projectStructure="" iteration="" />
      <Owners>
        <Owner name="" />
      </Owners>
      <Execution id="10019b9c-25e7-45f0-9127-4961141d179f" />
      <TestMethod codeBase="C:\Documents and Settings\Kurt\My Documents\Visual Studio 2008\Projects\HorseLeague.Tests\bin\Debug\HorseLeague.Tests.dll" adapterTypeName="Microsoft.VisualStudio.TestTools.TestTypes.Unit.UnitTestAdapter, Microsoft.VisualStudio.QualityTools.Tips.UnitTest.Adapter, Version=9.0.0.0, Culture=neutral, PublicKeyToken=b03f5f7f11d50a3a" className="HorseLeague.Tests.Controllers.AccountControllerTest, HorseLeague.Tests" name="ConstructorSetsPropertiesToDefaultValues" />
    </UnitTest>
    <UnitTest name="RegisterPostReturnsViewIfNewPasswordDoesNotMatchConfirmPassword" storage="c:\documents and settings\kurt\my documents\visual studio 2008\projects\horseleague.tests\bin\debug\horseleague.tests.dll" id="e71c200c-6df8-01cf-9b57-16d2d6df888c">
      <Css projectStructure="" iteration="" />
      <Owners>
        <Owner name="" />
      </Owners>
      <Execution id="6aa34464-49b3-4635-85aa-c78a0eb02011" />
      <TestMethod codeBase="C:\Documents and Settings\Kurt\My Documents\Visual Studio 2008\Projects\HorseLeague.Tests\bin\Debug\HorseLeague.Tests.dll" adapterTypeName="Microsoft.VisualStudio.TestTools.TestTypes.Unit.UnitTestAdapter, Microsoft.VisualStudio.QualityTools.Tips.UnitTest.Adapter, Version=9.0.0.0, Culture=neutral, PublicKeyToken=b03f5f7f11d50a3a" className="HorseLeague.Tests.Controllers.AccountControllerTest, HorseLeague.Tests" name="RegisterPostReturnsViewIfNewPasswordDoesNotMatchConfirmPassword" />
    </UnitTest>
    <UnitTest name="LoginPostRedirectsToReturnUrlIfLoginSuccessfulAndReturnUrlGiven" storage="c:\documents and settings\kurt\my documents\visual studio 2008\projects\horseleague.tests\bin\debug\horseleague.tests.dll" id="cc48d018-769a-738e-6b7a-d443b2dfe52f">
      <Css projectStructure="" iteration="" />
      <Owners>
        <Owner name="" />
      </Owners>
      <Execution id="874a7141-09d4-4225-9a96-c2b23e0572c6" />
      <TestMethod codeBase="C:\Documents and Settings\Kurt\My Documents\Visual Studio 2008\Projects\HorseLeague.Tests\bin\Debug\HorseLeague.Tests.dll" adapterTypeName="Microsoft.VisualStudio.TestTools.TestTypes.Unit.UnitTestAdapter, Microsoft.VisualStudio.QualityTools.Tips.UnitTest.Adapter, Version=9.0.0.0, Culture=neutral, PublicKeyToken=b03f5f7f11d50a3a" className="HorseLeague.Tests.Controllers.AccountControllerTest, HorseLeague.Tests" name="LoginPostRedirectsToReturnUrlIfLoginSuccessfulAndReturnUrlGiven" />
    </UnitTest>
    <UnitTest name="ChangePasswordPostReturnsViewIfNewPasswordDoesNotMatchConfirmPassword" storage="c:\documents and settings\kurt\my documents\visual studio 2008\projects\horseleague.tests\bin\debug\horseleague.tests.dll" id="d41b7c0c-336f-a7c0-db53-01a33c0e50f6">
      <Css projectStructure="" iteration="" />
      <Owners>
        <Owner name="" />
      </Owners>
      <Execution id="5f76d324-70a8-4478-b5d2-507d7a5bb7eb" />
      <TestMethod codeBase="C:\Documents and Settings\Kurt\My Documents\Visual Studio 2008\Projects\HorseLeague.Tests\bin\Debug\HorseLeague.Tests.dll" adapterTypeName="Microsoft.VisualStudio.TestTools.TestTypes.Unit.UnitTestAdapter, Microsoft.VisualStudio.QualityTools.Tips.UnitTest.Adapter, Version=9.0.0.0, Culture=neutral, PublicKeyToken=b03f5f7f11d50a3a" className="HorseLeague.Tests.Controllers.AccountControllerTest, HorseLeague.Tests" name="ChangePasswordPostReturnsViewIfNewPasswordDoesNotMatchConfirmPassword" />
    </UnitTest>
    <UnitTest name="RegisterPostReturnsViewIfEmailNotSpecified" storage="c:\documents and settings\kurt\my documents\visual studio 2008\projects\horseleague.tests\bin\debug\horseleague.tests.dll" id="87a0c7d1-ebf9-66fc-2675-f71a7adf6632">
      <Css projectStructure="" iteration="" />
      <Owners>
        <Owner name="" />
      </Owners>
      <Execution id="69845582-914e-40ad-8fe2-788083c990b7" />
      <TestMethod codeBase="C:\Documents and Settings\Kurt\My Documents\Visual Studio 2008\Projects\HorseLeague.Tests\bin\Debug\HorseLeague.Tests.dll" adapterTypeName="Microsoft.VisualStudio.TestTools.TestTypes.Unit.UnitTestAdapter, Microsoft.VisualStudio.QualityTools.Tips.UnitTest.Adapter, Version=9.0.0.0, Culture=neutral, PublicKeyToken=b03f5f7f11d50a3a" className="HorseLeague.Tests.Controllers.AccountControllerTest, HorseLeague.Tests" name="RegisterPostReturnsViewIfEmailNotSpecified" />
    </UnitTest>
    <UnitTest name="RegisterPostRedirectsHomeIfRegistrationSuccessful" storage="c:\documents and settings\kurt\my documents\visual studio 2008\projects\horseleague.tests\bin\debug\horseleague.tests.dll" id="ad657288-279d-6d86-3bcf-3cd96aa1f8d2">
      <Css projectStructure="" iteration="" />
      <Owners>
        <Owner name="" />
      </Owners>
      <Execution id="6665091e-ae3b-4c4a-9614-1bfd49afbc1d" />
      <TestMethod codeBase="C:\Documents and Settings\Kurt\My Documents\Visual Studio 2008\Projects\HorseLeague.Tests\bin\Debug\HorseLeague.Tests.dll" adapterTypeName="Microsoft.VisualStudio.TestTools.TestTypes.Unit.UnitTestAdapter, Microsoft.VisualStudio.QualityTools.Tips.UnitTest.Adapter, Version=9.0.0.0, Culture=neutral, PublicKeyToken=b03f5f7f11d50a3a" className="HorseLeague.Tests.Controllers.AccountControllerTest, HorseLeague.Tests" name="RegisterPostRedirectsHomeIfRegistrationSuccessful" />
    </UnitTest>
    <UnitTest name="LoginPostReturnsViewIfUsernameNotSpecified" storage="c:\documents and settings\kurt\my documents\visual studio 2008\projects\horseleague.tests\bin\debug\horseleague.tests.dll" id="3809c6bd-13aa-04b2-8c2b-8729504ec38b">
      <Css projectStructure="" iteration="" />
      <Owners>
        <Owner name="" />
      </Owners>
      <Execution id="3b0eacda-73c8-4191-9979-08b85155c741" />
      <TestMethod codeBase="C:\Documents and Settings\Kurt\My Documents\Visual Studio 2008\Projects\HorseLeague.Tests\bin\Debug\HorseLeague.Tests.dll" adapterTypeName="Microsoft.VisualStudio.TestTools.TestTypes.Unit.UnitTestAdapter, Microsoft.VisualStudio.QualityTools.Tips.UnitTest.Adapter, Version=9.0.0.0, Culture=neutral, PublicKeyToken=b03f5f7f11d50a3a" className="HorseLeague.Tests.Controllers.AccountControllerTest, HorseLeague.Tests" name="LoginPostReturnsViewIfUsernameNotSpecified" />
    </UnitTest>
    <UnitTest name="RegisterPostReturnsViewIfPasswordIsTooShort" storage="c:\documents and settings\kurt\my documents\visual studio 2008\projects\horseleague.tests\bin\debug\horseleague.tests.dll" id="26aff360-adad-f0de-ca05-32e8d94dc8d5">
      <Css projectStructure="" iteration="" />
      <Owners>
        <Owner name="" />
      </Owners>
      <Execution id="97f1fc27-4061-4daf-af8e-05e87f88cc63" />
      <TestMethod codeBase="C:\Documents and Settings\Kurt\My Documents\Visual Studio 2008\Projects\HorseLeague.Tests\bin\Debug\HorseLeague.Tests.dll" adapterTypeName="Microsoft.VisualStudio.TestTools.TestTypes.Unit.UnitTestAdapter, Microsoft.VisualStudio.QualityTools.Tips.UnitTest.Adapter, Version=9.0.0.0, Culture=neutral, PublicKeyToken=b03f5f7f11d50a3a" className="HorseLeague.Tests.Controllers.AccountControllerTest, HorseLeague.Tests" name="RegisterPostReturnsViewIfPasswordIsTooShort" />
    </UnitTest>
    <UnitTest name="ChangePasswordGetReturnsView" storage="c:\documents and settings\kurt\my documents\visual studio 2008\projects\horseleague.tests\bin\debug\horseleague.tests.dll" id="ba4b6c00-73ed-4116-b355-d9d4ad3395ff">
      <Css projectStructure="" iteration="" />
      <Owners>
        <Owner name="" />
      </Owners>
      <Execution id="7e34ea92-c031-47b8-a097-2fe4928b9083" />
      <TestMethod codeBase="C:\Documents and Settings\Kurt\My Documents\Visual Studio 2008\Projects\HorseLeague.Tests\bin\Debug\HorseLeague.Tests.dll" adapterTypeName="Microsoft.VisualStudio.TestTools.TestTypes.Unit.UnitTestAdapter, Microsoft.VisualStudio.QualityTools.Tips.UnitTest.Adapter, Version=9.0.0.0, Culture=neutral, PublicKeyToken=b03f5f7f11d50a3a" className="HorseLeague.Tests.Controllers.AccountControllerTest, HorseLeague.Tests" name="ChangePasswordGetReturnsView" />
    </UnitTest>
    <UnitTest name="ChangePasswordPostReturnsViewIfNewPasswordIsTooShort" storage="c:\documents and settings\kurt\my documents\visual studio 2008\projects\horseleague.tests\bin\debug\horseleague.tests.dll" id="dff5879f-c523-be98-f346-0624155cc91d">
      <Css projectStructure="" iteration="" />
      <Owners>
        <Owner name="" />
      </Owners>
      <Execution id="d5e74a2f-4d31-4225-a2a0-5c35e2c57ba2" />
      <TestMethod codeBase="C:\Documents and Settings\Kurt\My Documents\Visual Studio 2008\Projects\HorseLeague.Tests\bin\Debug\HorseLeague.Tests.dll" adapterTypeName="Microsoft.VisualStudio.TestTools.TestTypes.Unit.UnitTestAdapter, Microsoft.VisualStudio.QualityTools.Tips.UnitTest.Adapter, Version=9.0.0.0, Culture=neutral, PublicKeyToken=b03f5f7f11d50a3a" className="HorseLeague.Tests.Controllers.AccountControllerTest, HorseLeague.Tests" name="ChangePasswordPostReturnsViewIfNewPasswordIsTooShort" />
    </UnitTest>
    <UnitTest name="ConstructorSetsProperties" storage="c:\documents and settings\kurt\my documents\visual studio 2008\projects\horseleague.tests\bin\debug\horseleague.tests.dll" id="d3f4c6d4-158b-55d7-13ad-97ef8c52f141">
      <Css projectStructure="" iteration="" />
      <Owners>
        <Owner name="" />
      </Owners>
      <Execution id="d39a4b94-1206-46b5-85fa-2b41492f9f3f" />
      <TestMethod codeBase="C:\Documents and Settings\Kurt\My Documents\Visual Studio 2008\Projects\HorseLeague.Tests\bin\Debug\HorseLeague.Tests.dll" adapterTypeName="Microsoft.VisualStudio.TestTools.TestTypes.Unit.UnitTestAdapter, Microsoft.VisualStudio.QualityTools.Tips.UnitTest.Adapter, Version=9.0.0.0, Culture=neutral, PublicKeyToken=b03f5f7f11d50a3a" className="HorseLeague.Tests.Controllers.AccountControllerTest, HorseLeague.Tests" name="ConstructorSetsProperties" />
    </UnitTest>
    <UnitTest name="ChangePasswordSuccess" storage="c:\documents and settings\kurt\my documents\visual studio 2008\projects\horseleague.tests\bin\debug\horseleague.tests.dll" id="4dbee2ce-2e61-0fae-887a-2407f7e17394">
      <Css projectStructure="" iteration="" />
      <Owners>
        <Owner name="" />
      </Owners>
      <Execution id="4c526e81-3729-4b93-9a9f-0cf14523d986" />
      <TestMethod codeBase="C:\Documents and Settings\Kurt\My Documents\Visual Studio 2008\Projects\HorseLeague.Tests\bin\Debug\HorseLeague.Tests.dll" adapterTypeName="Microsoft.VisualStudio.TestTools.TestTypes.Unit.UnitTestAdapter, Microsoft.VisualStudio.QualityTools.Tips.UnitTest.Adapter, Version=9.0.0.0, Culture=neutral, PublicKeyToken=b03f5f7f11d50a3a" className="HorseLeague.Tests.Controllers.AccountControllerTest, HorseLeague.Tests" name="ChangePasswordSuccess" />
    </UnitTest>
    <UnitTest name="LoginPostRedirectsHomeIfLoginSuccessfulButNoReturnUrlGiven" storage="c:\documents and settings\kurt\my documents\visual studio 2008\projects\horseleague.tests\bin\debug\horseleague.tests.dll" id="ff38476e-3b15-6555-e9e0-27c465560f13">
      <Css projectStructure="" iteration="" />
      <Owners>
        <Owner name="" />
      </Owners>
      <Execution id="14180097-a582-4f89-8eae-4771c6650046" />
      <TestMethod codeBase="C:\Documents and Settings\Kurt\My Documents\Visual Studio 2008\Projects\HorseLeague.Tests\bin\Debug\HorseLeague.Tests.dll" adapterTypeName="Microsoft.VisualStudio.TestTools.TestTypes.Unit.UnitTestAdapter, Microsoft.VisualStudio.QualityTools.Tips.UnitTest.Adapter, Version=9.0.0.0, Culture=neutral, PublicKeyToken=b03f5f7f11d50a3a" className="HorseLeague.Tests.Controllers.AccountControllerTest, HorseLeague.Tests" name="LoginPostRedirectsHomeIfLoginSuccessfulButNoReturnUrlGiven" />
    </UnitTest>
    <UnitTest name="RegisterPostReturnsViewIfRegistrationFails" storage="c:\documents and settings\kurt\my documents\visual studio 2008\projects\horseleague.tests\bin\debug\horseleague.tests.dll" id="c15998e8-14b8-755b-595e-1799a9b935ca">
      <Css projectStructure="" iteration="" />
      <Owners>
        <Owner name="" />
      </Owners>
      <Execution id="9649761c-e21b-47d5-ae1f-24f4350267b3" />
      <TestMethod codeBase="C:\Documents and Settings\Kurt\My Documents\Visual Studio 2008\Projects\HorseLeague.Tests\bin\Debug\HorseLeague.Tests.dll" adapterTypeName="Microsoft.VisualStudio.TestTools.TestTypes.Unit.UnitTestAdapter, Microsoft.VisualStudio.QualityTools.Tips.UnitTest.Adapter, Version=9.0.0.0, Culture=neutral, PublicKeyToken=b03f5f7f11d50a3a" className="HorseLeague.Tests.Controllers.AccountControllerTest, HorseLeague.Tests" name="RegisterPostReturnsViewIfRegistrationFails" />
    </UnitTest>
    <UnitTest name="ChangePasswordPostRedirectsOnSuccess" storage="c:\documents and settings\kurt\my documents\visual studio 2008\projects\horseleague.tests\bin\debug\horseleague.tests.dll" id="6024cbe7-2915-1082-3f79-ffc094aea4c3">
      <Css projectStructure="" iteration="" />
      <Owners>
        <Owner name="" />
      </Owners>
      <Execution id="d8aea203-9c19-45ef-a45c-c9fa31387ae8" />
      <TestMethod codeBase="C:\Documents and Settings\Kurt\My Documents\Visual Studio 2008\Projects\HorseLeague.Tests\bin\Debug\HorseLeague.Tests.dll" adapterTypeName="Microsoft.VisualStudio.TestTools.TestTypes.Unit.UnitTestAdapter, Microsoft.VisualStudio.QualityTools.Tips.UnitTest.Adapter, Version=9.0.0.0, Culture=neutral, PublicKeyToken=b03f5f7f11d50a3a" className="HorseLeague.Tests.Controllers.AccountControllerTest, HorseLeague.Tests" name="ChangePasswordPostRedirectsOnSuccess" />
    </UnitTest>
    <UnitTest name="LoginGet" storage="c:\documents and settings\kurt\my documents\visual studio 2008\projects\horseleague.tests\bin\debug\horseleague.tests.dll" id="50185bfd-a133-e132-7553-29c9b60463d6">
      <Css projectStructure="" iteration="" />
      <Owners>
        <Owner name="" />
      </Owners>
      <Execution id="c54be626-cab7-4b5a-b9ab-0b6937a15b9a" />
      <TestMethod codeBase="C:\Documents and Settings\Kurt\My Documents\Visual Studio 2008\Projects\HorseLeague.Tests\bin\Debug\HorseLeague.Tests.dll" adapterTypeName="Microsoft.VisualStudio.TestTools.TestTypes.Unit.UnitTestAdapter, Microsoft.VisualStudio.QualityTools.Tips.UnitTest.Adapter, Version=9.0.0.0, Culture=neutral, PublicKeyToken=b03f5f7f11d50a3a" className="HorseLeague.Tests.Controllers.AccountControllerTest, HorseLeague.Tests" name="LoginGet" />
    </UnitTest>
    <UnitTest name="RegisterGet" storage="c:\documents and settings\kurt\my documents\visual studio 2008\projects\horseleague.tests\bin\debug\horseleague.tests.dll" id="34adafae-7d3b-0c3f-56dd-6f0cce89c4e7">
      <Css projectStructure="" iteration="" />
      <Owners>
        <Owner name="" />
      </Owners>
      <Execution id="3e2b3c0b-78de-44db-b99d-3f92f52b072c" />
      <TestMethod codeBase="C:\Documents and Settings\Kurt\My Documents\Visual Studio 2008\Projects\HorseLeague.Tests\bin\Debug\HorseLeague.Tests.dll" adapterTypeName="Microsoft.VisualStudio.TestTools.TestTypes.Unit.UnitTestAdapter, Microsoft.VisualStudio.QualityTools.Tips.UnitTest.Adapter, Version=9.0.0.0, Culture=neutral, PublicKeyToken=b03f5f7f11d50a3a" className="HorseLeague.Tests.Controllers.AccountControllerTest, HorseLeague.Tests" name="RegisterGet" />
    </UnitTest>
    <UnitTest name="Index" storage="c:\documents and settings\kurt\my documents\visual studio 2008\projects\horseleague.tests\bin\debug\horseleague.tests.dll" id="1346796b-7059-be3c-bce2-51c71defb0f6">
      <Css projectStructure="" iteration="" />
      <Owners>
        <Owner name="" />
      </Owners>
      <Execution id="da6a6a3a-da72-411e-a7b9-07d58974622a" />
      <TestMethod codeBase="C:\Documents and Settings\Kurt\My Documents\Visual Studio 2008\Projects\HorseLeague.Tests\bin\Debug\HorseLeague.Tests.dll" adapterTypeName="Microsoft.VisualStudio.TestTools.TestTypes.Unit.UnitTestAdapter, Microsoft.VisualStudio.QualityTools.Tips.UnitTest.Adapter, Version=9.0.0.0, Culture=neutral, PublicKeyToken=b03f5f7f11d50a3a" className="HorseLeague.Tests.Controllers.HomeControllerTest, HorseLeague.Tests" name="Index" />
    </UnitTest>
    <UnitTest name="ChangePasswordPostReturnsViewIfCurrentPasswordNotSpecified" storage="c:\documents and settings\kurt\my documents\visual studio 2008\projects\horseleague.tests\bin\debug\horseleague.tests.dll" id="52c9455a-e431-2172-86b2-a8a649fdf1e6">
      <Css projectStructure="" iteration="" />
      <Owners>
        <Owner name="" />
      </Owners>
      <Execution id="ed673a7c-a582-4b80-aee3-a3295afc5b67" />
      <TestMethod codeBase="C:\Documents and Settings\Kurt\My Documents\Visual Studio 2008\Projects\HorseLeague.Tests\bin\Debug\HorseLeague.Tests.dll" adapterTypeName="Microsoft.VisualStudio.TestTools.TestTypes.Unit.UnitTestAdapter, Microsoft.VisualStudio.QualityTools.Tips.UnitTest.Adapter, Version=9.0.0.0, Culture=neutral, PublicKeyToken=b03f5f7f11d50a3a" className="HorseLeague.Tests.Controllers.AccountControllerTest, HorseLeague.Tests" name="ChangePasswordPostReturnsViewIfCurrentPasswordNotSpecified" />
    </UnitTest>
    <UnitTest name="LogOff" storage="c:\documents and settings\kurt\my documents\visual studio 2008\projects\horseleague.tests\bin\debug\horseleague.tests.dll" id="42e78f32-b5fe-cc01-0041-f45f9bccc817">
      <Css projectStructure="" iteration="" />
      <Owners>
        <Owner name="" />
      </Owners>
      <Execution id="18af982a-dee7-4a77-a3c3-a4f865925c3d" />
      <TestMethod codeBase="C:\Documents and Settings\Kurt\My Documents\Visual Studio 2008\Projects\HorseLeague.Tests\bin\Debug\HorseLeague.Tests.dll" adapterTypeName="Microsoft.VisualStudio.TestTools.TestTypes.Unit.UnitTestAdapter, Microsoft.VisualStudio.QualityTools.Tips.UnitTest.Adapter, Version=9.0.0.0, Culture=neutral, PublicKeyToken=b03f5f7f11d50a3a" className="HorseLeague.Tests.Controllers.AccountControllerTest, HorseLeague.Tests" name="LogOff" />
    </UnitTest>
    <UnitTest name="LoginPostReturnsViewIfUsernameOrPasswordIsIncorrect" storage="c:\documents and settings\kurt\my documents\visual studio 2008\projects\horseleague.tests\bin\debug\horseleague.tests.dll" id="4323cd6b-27c2-f28d-0509-255fefff7e15">
      <Css projectStructure="" iteration="" />
      <Owners>
        <Owner name="" />
      </Owners>
      <Execution id="d931a5d7-d882-415a-b8df-6e7f2872c01a" />
      <TestMethod codeBase="C:\Documents and Settings\Kurt\My Documents\Visual Studio 2008\Projects\HorseLeague.Tests\bin\Debug\HorseLeague.Tests.dll" adapterTypeName="Microsoft.VisualStudio.TestTools.TestTypes.Unit.UnitTestAdapter, Microsoft.VisualStudio.QualityTools.Tips.UnitTest.Adapter, Version=9.0.0.0, Culture=neutral, PublicKeyToken=b03f5f7f11d50a3a" className="HorseLeague.Tests.Controllers.AccountControllerTest, HorseLeague.Tests" name="LoginPostReturnsViewIfUsernameOrPasswordIsIncorrect" />
    </UnitTest>
    <UnitTest name="ChangePasswordPostReturnsViewIfProviderRejectsPassword" storage="c:\documents and settings\kurt\my documents\visual studio 2008\projects\horseleague.tests\bin\debug\horseleague.tests.dll" id="af34b776-e106-332b-e4a5-f7d02bcbe584">
      <Css projectStructure="" iteration="" />
      <Owners>
        <Owner name="" />
      </Owners>
      <Execution id="097b2861-5ee5-4f3b-88f4-0a439c8707f1" />
      <TestMethod codeBase="C:\Documents and Settings\Kurt\My Documents\Visual Studio 2008\Projects\HorseLeague.Tests\bin\Debug\HorseLeague.Tests.dll" adapterTypeName="Microsoft.VisualStudio.TestTools.TestTypes.Unit.UnitTestAdapter, Microsoft.VisualStudio.QualityTools.Tips.UnitTest.Adapter, Version=9.0.0.0, Culture=neutral, PublicKeyToken=b03f5f7f11d50a3a" className="HorseLeague.Tests.Controllers.AccountControllerTest, HorseLeague.Tests" name="ChangePasswordPostReturnsViewIfProviderRejectsPassword" />
    </UnitTest>
    <UnitTest name="TestIndex" storage="c:\documents and settings\kurt\my documents\visual studio 2008\projects\horseleague.tests\bin\debug\horseleague.tests.dll" id="47e7ba33-da58-e786-1344-d54d48f0b815">
      <Css projectStructure="" iteration="" />
      <Owners>
        <Owner name="" />
      </Owners>
      <Execution id="67deae7c-2a4a-4aa4-a569-c249a8ead298" />
      <TestMethod codeBase="C:\Documents and Settings\Kurt\My Documents\Visual Studio 2008\Projects\HorseLeague.Tests\bin\Debug\HorseLeague.Tests.dll" adapterTypeName="Microsoft.VisualStudio.TestTools.TestTypes.Unit.UnitTestAdapter, Microsoft.VisualStudio.QualityTools.Tips.UnitTest.Adapter, Version=9.0.0.0, Culture=neutral, PublicKeyToken=b03f5f7f11d50a3a" className="HorseLeague.Tests.Controllers.ResultsControllerTest, HorseLeague.Tests" name="TestIndex" />
    </UnitTest>
    <UnitTest name="RegisterPostReturnsViewIfPasswordIsNull" storage="c:\documents and settings\kurt\my documents\visual studio 2008\projects\horseleague.tests\bin\debug\horseleague.tests.dll" id="6e649981-a712-fcba-094a-a2df73ccb7cd">
      <Css projectStructure="" iteration="" />
      <Owners>
        <Owner name="" />
      </Owners>
      <Execution id="58ae9054-919c-4fc8-a510-58fdc387ce1c" />
      <TestMethod codeBase="C:\Documents and Settings\Kurt\My Documents\Visual Studio 2008\Projects\HorseLeague.Tests\bin\Debug\HorseLeague.Tests.dll" adapterTypeName="Microsoft.VisualStudio.TestTools.TestTypes.Unit.UnitTestAdapter, Microsoft.VisualStudio.QualityTools.Tips.UnitTest.Adapter, Version=9.0.0.0, Culture=neutral, PublicKeyToken=b03f5f7f11d50a3a" className="HorseLeague.Tests.Controllers.AccountControllerTest, HorseLeague.Tests" name="RegisterPostReturnsViewIfPasswordIsNull" />
    </UnitTest>
    <UnitTest name="RegisterPostReturnsViewIfUsernameNotSpecified" storage="c:\documents and settings\kurt\my documents\visual studio 2008\projects\horseleague.tests\bin\debug\horseleague.tests.dll" id="c3d46fc6-a1a9-40d7-62a4-8e551119d5fa">
      <Css projectStructure="" iteration="" />
      <Owners>
        <Owner name="" />
      </Owners>
      <Execution id="3440b9cf-c453-447c-afe6-887fa970fe11" />
      <TestMethod codeBase="C:\Documents and Settings\Kurt\My Documents\Visual Studio 2008\Projects\HorseLeague.Tests\bin\Debug\HorseLeague.Tests.dll" adapterTypeName="Microsoft.VisualStudio.TestTools.TestTypes.Unit.UnitTestAdapter, Microsoft.VisualStudio.QualityTools.Tips.UnitTest.Adapter, Version=9.0.0.0, Culture=neutral, PublicKeyToken=b03f5f7f11d50a3a" className="HorseLeague.Tests.Controllers.AccountControllerTest, HorseLeague.Tests" name="RegisterPostReturnsViewIfUsernameNotSpecified" />
    </UnitTest>
    <UnitTest name="LoginPostReturnsViewIfPasswordNotSpecified" storage="c:\documents and settings\kurt\my documents\visual studio 2008\projects\horseleague.tests\bin\debug\horseleague.tests.dll" id="e7e19c47-4346-6b89-f222-32fc510afa7d">
      <Css projectStructure="" iteration="" />
      <Owners>
        <Owner name="" />
      </Owners>
      <Execution id="3f3a9393-16f4-4d68-a3e8-814f4b766ed9" />
      <TestMethod codeBase="C:\Documents and Settings\Kurt\My Documents\Visual Studio 2008\Projects\HorseLeague.Tests\bin\Debug\HorseLeague.Tests.dll" adapterTypeName="Microsoft.VisualStudio.TestTools.TestTypes.Unit.UnitTestAdapter, Microsoft.VisualStudio.QualityTools.Tips.UnitTest.Adapter, Version=9.0.0.0, Culture=neutral, PublicKeyToken=b03f5f7f11d50a3a" className="HorseLeague.Tests.Controllers.AccountControllerTest, HorseLeague.Tests" name="LoginPostReturnsViewIfPasswordNotSpecified" />
    </UnitTest>
    <UnitTest name="ChangePasswordPostReturnsViewIfNewPasswordIsNull" storage="c:\documents and settings\kurt\my documents\visual studio 2008\projects\horseleague.tests\bin\debug\horseleague.tests.dll" id="dbf59b11-b36e-ce6f-5531-2370aed6e369">
      <Css projectStructure="" iteration="" />
      <Owners>
        <Owner name="" />
      </Owners>
      <Execution id="4887c503-7cd8-4fcc-9ab7-e2de652c32db" />
      <TestMethod codeBase="C:\Documents and Settings\Kurt\My Documents\Visual Studio 2008\Projects\HorseLeague.Tests\bin\Debug\HorseLeague.Tests.dll" adapterTypeName="Microsoft.VisualStudio.TestTools.TestTypes.Unit.UnitTestAdapter, Microsoft.VisualStudio.QualityTools.Tips.UnitTest.Adapter, Version=9.0.0.0, Culture=neutral, PublicKeyToken=b03f5f7f11d50a3a" className="HorseLeague.Tests.Controllers.AccountControllerTest, HorseLeague.Tests" name="ChangePasswordPostReturnsViewIfNewPasswordIsNull" />
    </UnitTest>
  </TestDefinitions>
  <TestLists>
    <TestList name="Results Not in a List" id="8c84fa94-04c1-424b-9868-57a2d4851a1d" />
    <TestList name="All Loaded Results" id="19431567-8539-422a-85d7-44ee4e166bda" />
  </TestLists>
  <TestEntries>
    <TestEntry testId="ba4b6c00-73ed-4116-b355-d9d4ad3395ff" executionId="7e34ea92-c031-47b8-a097-2fe4928b9083" testListId="8c84fa94-04c1-424b-9868-57a2d4851a1d" />
    <TestEntry testId="6024cbe7-2915-1082-3f79-ffc094aea4c3" executionId="d8aea203-9c19-45ef-a45c-c9fa31387ae8" testListId="8c84fa94-04c1-424b-9868-57a2d4851a1d" />
    <TestEntry testId="52c9455a-e431-2172-86b2-a8a649fdf1e6" executionId="ed673a7c-a582-4b80-aee3-a3295afc5b67" testListId="8c84fa94-04c1-424b-9868-57a2d4851a1d" />
    <TestEntry testId="d41b7c0c-336f-a7c0-db53-01a33c0e50f6" executionId="5f76d324-70a8-4478-b5d2-507d7a5bb7eb" testListId="8c84fa94-04c1-424b-9868-57a2d4851a1d" />
    <TestEntry testId="dbf59b11-b36e-ce6f-5531-2370aed6e369" executionId="4887c503-7cd8-4fcc-9ab7-e2de652c32db" testListId="8c84fa94-04c1-424b-9868-57a2d4851a1d" />
    <TestEntry testId="dff5879f-c523-be98-f346-0624155cc91d" executionId="d5e74a2f-4d31-4225-a2a0-5c35e2c57ba2" testListId="8c84fa94-04c1-424b-9868-57a2d4851a1d" />
    <TestEntry testId="af34b776-e106-332b-e4a5-f7d02bcbe584" executionId="097b2861-5ee5-4f3b-88f4-0a439c8707f1" testListId="8c84fa94-04c1-424b-9868-57a2d4851a1d" />
    <TestEntry testId="4dbee2ce-2e61-0fae-887a-2407f7e17394" executionId="4c526e81-3729-4b93-9a9f-0cf14523d986" testListId="8c84fa94-04c1-424b-9868-57a2d4851a1d" />
    <TestEntry testId="d3f4c6d4-158b-55d7-13ad-97ef8c52f141" executionId="d39a4b94-1206-46b5-85fa-2b41492f9f3f" testListId="8c84fa94-04c1-424b-9868-57a2d4851a1d" />
    <TestEntry testId="1ce65521-0241-6d29-9776-bd65fa9f09d5" executionId="10019b9c-25e7-45f0-9127-4961141d179f" testListId="8c84fa94-04c1-424b-9868-57a2d4851a1d" />
    <TestEntry testId="50185bfd-a133-e132-7553-29c9b60463d6" executionId="c54be626-cab7-4b5a-b9ab-0b6937a15b9a" testListId="8c84fa94-04c1-424b-9868-57a2d4851a1d" />
    <TestEntry testId="ff38476e-3b15-6555-e9e0-27c465560f13" executionId="14180097-a582-4f89-8eae-4771c6650046" testListId="8c84fa94-04c1-424b-9868-57a2d4851a1d" />
    <TestEntry testId="cc48d018-769a-738e-6b7a-d443b2dfe52f" executionId="874a7141-09d4-4225-9a96-c2b23e0572c6" testListId="8c84fa94-04c1-424b-9868-57a2d4851a1d" />
    <TestEntry testId="e7e19c47-4346-6b89-f222-32fc510afa7d" executionId="3f3a9393-16f4-4d68-a3e8-814f4b766ed9" testListId="8c84fa94-04c1-424b-9868-57a2d4851a1d" />
    <TestEntry testId="3809c6bd-13aa-04b2-8c2b-8729504ec38b" executionId="3b0eacda-73c8-4191-9979-08b85155c741" testListId="8c84fa94-04c1-424b-9868-57a2d4851a1d" />
    <TestEntry testId="4323cd6b-27c2-f28d-0509-255fefff7e15" executionId="d931a5d7-d882-415a-b8df-6e7f2872c01a" testListId="8c84fa94-04c1-424b-9868-57a2d4851a1d" />
    <TestEntry testId="42e78f32-b5fe-cc01-0041-f45f9bccc817" executionId="18af982a-dee7-4a77-a3c3-a4f865925c3d" testListId="8c84fa94-04c1-424b-9868-57a2d4851a1d" />
    <TestEntry testId="34adafae-7d3b-0c3f-56dd-6f0cce89c4e7" executionId="3e2b3c0b-78de-44db-b99d-3f92f52b072c" testListId="8c84fa94-04c1-424b-9868-57a2d4851a1d" />
    <TestEntry testId="ad657288-279d-6d86-3bcf-3cd96aa1f8d2" executionId="6665091e-ae3b-4c4a-9614-1bfd49afbc1d" testListId="8c84fa94-04c1-424b-9868-57a2d4851a1d" />
    <TestEntry testId="87a0c7d1-ebf9-66fc-2675-f71a7adf6632" executionId="69845582-914e-40ad-8fe2-788083c990b7" testListId="8c84fa94-04c1-424b-9868-57a2d4851a1d" />
    <TestEntry testId="e71c200c-6df8-01cf-9b57-16d2d6df888c" executionId="6aa34464-49b3-4635-85aa-c78a0eb02011" testListId="8c84fa94-04c1-424b-9868-57a2d4851a1d" />
    <TestEntry testId="6e649981-a712-fcba-094a-a2df73ccb7cd" executionId="58ae9054-919c-4fc8-a510-58fdc387ce1c" testListId="8c84fa94-04c1-424b-9868-57a2d4851a1d" />
    <TestEntry testId="26aff360-adad-f0de-ca05-32e8d94dc8d5" executionId="97f1fc27-4061-4daf-af8e-05e87f88cc63" testListId="8c84fa94-04c1-424b-9868-57a2d4851a1d" />
    <TestEntry testId="c15998e8-14b8-755b-595e-1799a9b935ca" executionId="9649761c-e21b-47d5-ae1f-24f4350267b3" testListId="8c84fa94-04c1-424b-9868-57a2d4851a1d" />
    <TestEntry testId="c3d46fc6-a1a9-40d7-62a4-8e551119d5fa" executionId="3440b9cf-c453-447c-afe6-887fa970fe11" testListId="8c84fa94-04c1-424b-9868-57a2d4851a1d" />
    <TestEntry testId="1346796b-7059-be3c-bce2-51c71defb0f6" executionId="da6a6a3a-da72-411e-a7b9-07d58974622a" testListId="8c84fa94-04c1-424b-9868-57a2d4851a1d" />
    <TestEntry testId="47e7ba33-da58-e786-1344-d54d48f0b815" executionId="67deae7c-2a4a-4aa4-a569-c249a8ead298" testListId="8c84fa94-04c1-424b-9868-57a2d4851a1d" />
  </TestEntries>
  <Results>
    <UnitTestResult executionId="7e34ea92-c031-47b8-a097-2fe4928b9083" testId="ba4b6c00-73ed-4116-b355-d9d4ad3395ff" testName="ChangePasswordGetReturnsView" computerName="LOOSEY" duration="00:00:00.3211866" startTime="2009-03-16T20:04:43.7115632-04:00" endTime="2009-03-16T20:04:45.1636512-04:00" testType="13cdc9d9-ddb5-4fa4-a97d-d965ccfc6d4b" outcome="Passed" testListId="8c84fa94-04c1-424b-9868-57a2d4851a1d">
      <Output>
      </Output>
    </UnitTestResult>
    <UnitTestResult executionId="d8aea203-9c19-45ef-a45c-c9fa31387ae8" testId="6024cbe7-2915-1082-3f79-ffc094aea4c3" testName="ChangePasswordPostRedirectsOnSuccess" computerName="LOOSEY" duration="00:00:00.0905034" startTime="2009-03-16T20:04:45.1936944-04:00" endTime="2009-03-16T20:04:45.3038528-04:00" testType="13cdc9d9-ddb5-4fa4-a97d-d965ccfc6d4b" outcome="Passed" testListId="8c84fa94-04c1-424b-9868-57a2d4851a1d">
      <Output>
      </Output>
    </UnitTestResult>
    <UnitTestResult executionId="ed673a7c-a582-4b80-aee3-a3295afc5b67" testId="52c9455a-e431-2172-86b2-a8a649fdf1e6" testName="ChangePasswordPostReturnsViewIfCurrentPasswordNotSpecified" computerName="LOOSEY" duration="00:00:00.0438611" startTime="2009-03-16T20:04:45.3138672-04:00" endTime="2009-03-16T20:04:45.3839680-04:00" testType="13cdc9d9-ddb5-4fa4-a97d-d965ccfc6d4b" outcome="Passed" testListId="8c84fa94-04c1-424b-9868-57a2d4851a1d">
      <Output>
      </Output>
    </UnitTestResult>
    <UnitTestResult executionId="5f76d324-70a8-4478-b5d2-507d7a5bb7eb" testId="d41b7c0c-336f-a7c0-db53-01a33c0e50f6" testName="ChangePasswordPostReturnsViewIfNewPasswordDoesNotMatchConfirmPassword" computerName="LOOSEY" duration="00:00:00.0188211" startTime="2009-03-16T20:04:45.3939824-04:00" endTime="2009-03-16T20:04:45.4240256-04:00" testType="13cdc9d9-ddb5-4fa4-a97d-d965ccfc6d4b" outcome="Passed" testListId="8c84fa94-04c1-424b-9868-57a2d4851a1d">
      <Output>
      </Output>
    </UnitTestResult>
    <UnitTestResult executionId="4887c503-7cd8-4fcc-9ab7-e2de652c32db" testId="dbf59b11-b36e-ce6f-5531-2370aed6e369" testName="ChangePasswordPostReturnsViewIfNewPasswordIsNull" computerName="LOOSEY" duration="00:00:00.0025221" startTime="2009-03-16T20:04:45.4440544-04:00" endTime="2009-03-16T20:04:45.4540688-04:00" testType="13cdc9d9-ddb5-4fa4-a97d-d965ccfc6d4b" outcome="Passed" testListId="8c84fa94-04c1-424b-9868-57a2d4851a1d">
      <Output>
      </Output>
    </UnitTestResult>
    <UnitTestResult executionId="d5e74a2f-4d31-4225-a2a0-5c35e2c57ba2" testId="dff5879f-c523-be98-f346-0624155cc91d" testName="ChangePasswordPostReturnsViewIfNewPasswordIsTooShort" computerName="LOOSEY" duration="00:00:00.0026793" startTime="2009-03-16T20:04:45.4740976-04:00" endTime="2009-03-16T20:04:45.4941264-04:00" testType="13cdc9d9-ddb5-4fa4-a97d-d965ccfc6d4b" outcome="Passed" testListId="8c84fa94-04c1-424b-9868-57a2d4851a1d">
      <Output>
      </Output>
    </UnitTestResult>
    <UnitTestResult executionId="097b2861-5ee5-4f3b-88f4-0a439c8707f1" testId="af34b776-e106-332b-e4a5-f7d02bcbe584" testName="ChangePasswordPostReturnsViewIfProviderRejectsPassword" computerName="LOOSEY" duration="00:00:00.0032987" startTime="2009-03-16T20:04:45.5041408-04:00" endTime="2009-03-16T20:04:45.5241696-04:00" testType="13cdc9d9-ddb5-4fa4-a97d-d965ccfc6d4b" outcome="Passed" testListId="8c84fa94-04c1-424b-9868-57a2d4851a1d">
      <Output>
      </Output>
    </UnitTestResult>
    <UnitTestResult executionId="4c526e81-3729-4b93-9a9f-0cf14523d986" testId="4dbee2ce-2e61-0fae-887a-2407f7e17394" testName="ChangePasswordSuccess" computerName="LOOSEY" duration="00:00:00.0040150" startTime="2009-03-16T20:04:45.5341840-04:00" endTime="2009-03-16T20:04:45.5441984-04:00" testType="13cdc9d9-ddb5-4fa4-a97d-d965ccfc6d4b" outcome="Passed" testListId="8c84fa94-04c1-424b-9868-57a2d4851a1d">
      <Output>
      </Output>
    </UnitTestResult>
    <UnitTestResult executionId="d39a4b94-1206-46b5-85fa-2b41492f9f3f" testId="d3f4c6d4-158b-55d7-13ad-97ef8c52f141" testName="ConstructorSetsProperties" computerName="LOOSEY" duration="00:00:01.1011022" startTime="2009-03-16T20:04:45.5642272-04:00" endTime="2009-03-16T20:04:46.6858400-04:00" testType="13cdc9d9-ddb5-4fa4-a97d-d965ccfc6d4b" outcome="Passed" testListId="8c84fa94-04c1-424b-9868-57a2d4851a1d">
      <Output>
      </Output>
    </UnitTestResult>
    <UnitTestResult executionId="10019b9c-25e7-45f0-9127-4961141d179f" testId="1ce65521-0241-6d29-9776-bd65fa9f09d5" testName="ConstructorSetsPropertiesToDefaultValues" computerName="LOOSEY" duration="00:00:00.0050799" startTime="2009-03-16T20:04:46.6958544-04:00" endTime="2009-03-16T20:04:46.7158832-04:00" testType="13cdc9d9-ddb5-4fa4-a97d-d965ccfc6d4b" outcome="Passed" testListId="8c84fa94-04c1-424b-9868-57a2d4851a1d">
      <Output>
      </Output>
    </UnitTestResult>
    <UnitTestResult executionId="c54be626-cab7-4b5a-b9ab-0b6937a15b9a" testId="50185bfd-a133-e132-7553-29c9b60463d6" testName="LoginGet" computerName="LOOSEY" duration="00:00:00.0047684" startTime="2009-03-16T20:04:46.7258976-04:00" endTime="2009-03-16T20:04:46.7459264-04:00" testType="13cdc9d9-ddb5-4fa4-a97d-d965ccfc6d4b" outcome="Passed" testListId="8c84fa94-04c1-424b-9868-57a2d4851a1d">
      <Output>
      </Output>
    </UnitTestResult>
    <UnitTestResult executionId="14180097-a582-4f89-8eae-4771c6650046" testId="ff38476e-3b15-6555-e9e0-27c465560f13" testName="LoginPostRedirectsHomeIfLoginSuccessfulButNoReturnUrlGiven" computerName="LOOSEY" duration="00:00:00.0167490" startTime="2009-03-16T20:04:46.7559408-04:00" endTime="2009-03-16T20:04:46.7859840-04:00" testType="13cdc9d9-ddb5-4fa4-a97d-d965ccfc6d4b" outcome="Passed" testListId="8c84fa94-04c1-424b-9868-57a2d4851a1d">
      <Output>
      </Output>
    </UnitTestResult>
    <UnitTestResult executionId="874a7141-09d4-4225-9a96-c2b23e0572c6" testId="cc48d018-769a-738e-6b7a-d443b2dfe52f" testName="LoginPostRedirectsToReturnUrlIfLoginSuccessfulAndReturnUrlGiven" computerName="LOOSEY" duration="00:00:00.0110656" startTime="2009-03-16T20:04:46.8060128-04:00" endTime="2009-03-16T20:04:46.8260416-04:00" testType="13cdc9d9-ddb5-4fa4-a97d-d965ccfc6d4b" outcome="Passed" testListId="8c84fa94-04c1-424b-9868-57a2d4851a1d">
      <Output>
      </Output>
    </UnitTestResult>
    <UnitTestResult executionId="3f3a9393-16f4-4d68-a3e8-814f4b766ed9" testId="e7e19c47-4346-6b89-f222-32fc510afa7d" testName="LoginPostReturnsViewIfPasswordNotSpecified" computerName="LOOSEY" duration="00:00:00.0028794" startTime="2009-03-16T20:04:46.8460704-04:00" endTime="2009-03-16T20:04:46.8560848-04:00" testType="13cdc9d9-ddb5-4fa4-a97d-d965ccfc6d4b" outcome="Passed" testListId="8c84fa94-04c1-424b-9868-57a2d4851a1d">
      <Output>
      </Output>
    </UnitTestResult>
    <UnitTestResult executionId="3b0eacda-73c8-4191-9979-08b85155c741" testId="3809c6bd-13aa-04b2-8c2b-8729504ec38b" testName="LoginPostReturnsViewIfUsernameNotSpecified" computerName="LOOSEY" duration="00:00:00.0026592" startTime="2009-03-16T20:04:46.8660992-04:00" endTime="2009-03-16T20:04:46.8861280-04:00" testType="13cdc9d9-ddb5-4fa4-a97d-d965ccfc6d4b" outcome="Passed" testListId="8c84fa94-04c1-424b-9868-57a2d4851a1d">
      <Output>
      </Output>
    </UnitTestResult>
    <UnitTestResult executionId="d931a5d7-d882-415a-b8df-6e7f2872c01a" testId="4323cd6b-27c2-f28d-0509-255fefff7e15" testName="LoginPostReturnsViewIfUsernameOrPasswordIsIncorrect" computerName="LOOSEY" duration="00:00:00.0025187" startTime="2009-03-16T20:04:46.9061568-04:00" endTime="2009-03-16T20:04:46.9261856-04:00" testType="13cdc9d9-ddb5-4fa4-a97d-d965ccfc6d4b" outcome="Passed" testListId="8c84fa94-04c1-424b-9868-57a2d4851a1d">
      <Output>
      </Output>
    </UnitTestResult>
    <UnitTestResult executionId="18af982a-dee7-4a77-a3c3-a4f865925c3d" testId="42e78f32-b5fe-cc01-0041-f45f9bccc817" testName="LogOff" computerName="LOOSEY" duration="00:00:00.0051419" startTime="2009-03-16T20:04:46.9462144-04:00" endTime="2009-03-16T20:04:46.9662432-04:00" testType="13cdc9d9-ddb5-4fa4-a97d-d965ccfc6d4b" outcome="Passed" testListId="8c84fa94-04c1-424b-9868-57a2d4851a1d">
      <Output>
      </Output>
    </UnitTestResult>
    <UnitTestResult executionId="3e2b3c0b-78de-44db-b99d-3f92f52b072c" testId="34adafae-7d3b-0c3f-56dd-6f0cce89c4e7" testName="RegisterGet" computerName="LOOSEY" duration="00:00:00.0053269" startTime="2009-03-16T20:04:46.9762576-04:00" endTime="2009-03-16T20:04:46.9962864-04:00" testType="13cdc9d9-ddb5-4fa4-a97d-d965ccfc6d4b" outcome="Passed" testListId="8c84fa94-04c1-424b-9868-57a2d4851a1d">
      <Output>
      </Output>
    </UnitTestResult>
    <UnitTestResult executionId="6665091e-ae3b-4c4a-9614-1bfd49afbc1d" testId="ad657288-279d-6d86-3bcf-3cd96aa1f8d2" testName="RegisterPostRedirectsHomeIfRegistrationSuccessful" computerName="LOOSEY" duration="00:00:00.0157285" startTime="2009-03-16T20:04:47.0163152-04:00" endTime="2009-03-16T20:04:47.0463584-04:00" testType="13cdc9d9-ddb5-4fa4-a97d-d965ccfc6d4b" outcome="Passed" testListId="8c84fa94-04c1-424b-9868-57a2d4851a1d">
      <Output>
      </Output>
    </UnitTestResult>
    <UnitTestResult executionId="69845582-914e-40ad-8fe2-788083c990b7" testId="87a0c7d1-ebf9-66fc-2675-f71a7adf6632" testName="RegisterPostReturnsViewIfEmailNotSpecified" computerName="LOOSEY" duration="00:00:00.0029053" startTime="2009-03-16T20:04:47.0563728-04:00" endTime="2009-03-16T20:04:47.0764016-04:00" testType="13cdc9d9-ddb5-4fa4-a97d-d965ccfc6d4b" outcome="Passed" testListId="8c84fa94-04c1-424b-9868-57a2d4851a1d">
      <Output>
      </Output>
    </UnitTestResult>
    <UnitTestResult executionId="6aa34464-49b3-4635-85aa-c78a0eb02011" testId="e71c200c-6df8-01cf-9b57-16d2d6df888c" testName="RegisterPostReturnsViewIfNewPasswordDoesNotMatchConfirmPassword" computerName="LOOSEY" duration="00:00:00.0029629" startTime="2009-03-16T20:04:47.0864160-04:00" endTime="2009-03-16T20:04:47.1064448-04:00" testType="13cdc9d9-ddb5-4fa4-a97d-d965ccfc6d4b" outcome="Passed" testListId="8c84fa94-04c1-424b-9868-57a2d4851a1d">
      <Output>
      </Output>
    </UnitTestResult>
    <UnitTestResult executionId="58ae9054-919c-4fc8-a510-58fdc387ce1c" testId="6e649981-a712-fcba-094a-a2df73ccb7cd" testName="RegisterPostReturnsViewIfPasswordIsNull" computerName="LOOSEY" duration="00:00:00.0027020" startTime="2009-03-16T20:04:47.1364880-04:00" endTime="2009-03-16T20:04:47.1565168-04:00" testType="13cdc9d9-ddb5-4fa4-a97d-d965ccfc6d4b" outcome="Passed" testListId="8c84fa94-04c1-424b-9868-57a2d4851a1d">
      <Output>
      </Output>
    </UnitTestResult>
    <UnitTestResult executionId="97f1fc27-4061-4daf-af8e-05e87f88cc63" testId="26aff360-adad-f0de-ca05-32e8d94dc8d5" testName="RegisterPostReturnsViewIfPasswordIsTooShort" computerName="LOOSEY" duration="00:00:00.0032646" startTime="2009-03-16T20:04:47.1765456-04:00" endTime="2009-03-16T20:04:47.1965744-04:00" testType="13cdc9d9-ddb5-4fa4-a97d-d965ccfc6d4b" outcome="Passed" testListId="8c84fa94-04c1-424b-9868-57a2d4851a1d">
      <Output>
      </Output>
    </UnitTestResult>
    <UnitTestResult executionId="9649761c-e21b-47d5-ae1f-24f4350267b3" testId="c15998e8-14b8-755b-595e-1799a9b935ca" testName="RegisterPostReturnsViewIfRegistrationFails" computerName="LOOSEY" duration="00:00:00.0051132" startTime="2009-03-16T20:04:47.2166032-04:00" endTime="2009-03-16T20:04:47.2366320-04:00" testType="13cdc9d9-ddb5-4fa4-a97d-d965ccfc6d4b" outcome="Passed" testListId="8c84fa94-04c1-424b-9868-57a2d4851a1d">
      <Output>
      </Output>
    </UnitTestResult>
    <UnitTestResult executionId="3440b9cf-c453-447c-afe6-887fa970fe11" testId="c3d46fc6-a1a9-40d7-62a4-8e551119d5fa" testName="RegisterPostReturnsViewIfUsernameNotSpecified" computerName="LOOSEY" duration="00:00:00.0029310" startTime="2009-03-16T20:04:47.2466464-04:00" endTime="2009-03-16T20:04:47.2666752-04:00" testType="13cdc9d9-ddb5-4fa4-a97d-d965ccfc6d4b" outcome="Passed" testListId="8c84fa94-04c1-424b-9868-57a2d4851a1d">
      <Output>
      </Output>
    </UnitTestResult>
    <UnitTestResult executionId="da6a6a3a-da72-411e-a7b9-07d58974622a" testId="1346796b-7059-be3c-bce2-51c71defb0f6" testName="Index" computerName="LOOSEY" duration="00:00:25.8191474" startTime="2009-03-16T20:04:47.2766896-04:00" endTime="2009-03-16T20:05:13.2240000-04:00" testType="13cdc9d9-ddb5-4fa4-a97d-d965ccfc6d4b" outcome="Failed" testListId="8c84fa94-04c1-424b-9868-57a2d4851a1d">
      <Output>
        <ErrorInfo>
          <Message>Test method HorseLeague.Tests.Controllers.HomeControllerTest.Index threw exception:  System.InvalidOperationException: Previous method 'IHorseLeagueRepository.GetActiveRaces();' requires a return value or an exception to throw..</Message>
          <StackTrace>    at Rhino.Mocks.Impl.RecordMockState.AssertPreviousMethodIsClose()
   at Rhino.Mocks.Impl.RecordMockState.MethodCall(IInvocation invocation, MethodInfo method, Object[] args)
   at Rhino.Mocks.MockRepository.MethodCall(IInvocation invocation, Object proxy, MethodInfo method, Object[] args)
   at Rhino.Mocks.Impl.RhinoInterceptor.Intercept(IInvocation invocation)
   at Castle.DynamicProxy.AbstractInvocation.Proceed()
   at IHorseLeagueRepositoryProxyf13ebe007d084db3bf76d37585555f4d.GetUser(Guid userId)
   at HorseLeague.Controllers.HomeController.Index() in C:\Documents and Settings\Kurt\My Documents\Visual Studio 2008\Projects\HorseLeague\Controllers\HomeController.cs:line 22
   at HorseLeague.Tests.Controllers.HomeControllerTest.Index() in C:\Documents and Settings\Kurt\My Documents\Visual Studio 2008\Projects\HorseLeague.Tests\Controllers\HomeControllerTest.cs:line 35
</StackTrace>
        </ErrorInfo>
      </Output>
    </UnitTestResult>
    <UnitTestResult executionId="67deae7c-2a4a-4aa4-a569-c249a8ead298" testId="47e7ba33-da58-e786-1344-d54d48f0b815" testName="TestIndex" computerName="LOOSEY" duration="00:00:00.0056780" startTime="2009-03-16T20:05:13.2340144-04:00" endTime="2009-03-16T20:05:13.2540432-04:00" testType="13cdc9d9-ddb5-4fa4-a97d-d965ccfc6d4b" outcome="Passed" testListId="8c84fa94-04c1-424b-9868-57a2d4851a1d">
      <Output>
      </Output>
    </UnitTestResult>
  </Results>
</TestRun>