<?xml version="1.0" encoding="UTF-8"?>
<TestRun id="2dcb5cf8-8c35-4e24-b22f-b5a65f89f2eb" name="Kurt@LOOSEY 2009-03-01 19:52:51" runUser="LOOSEY\Kurt" xmlns="http://microsoft.com/schemas/VisualStudio/TeamTest/2006">
  <TestRunConfiguration name="Default Run Configuration" id="8a2339d7-cbde-4388-a2a3-8c8ec2636ffc">
    <Deployment runDeploymentRoot="C:\Documents and Settings\Kurt\My Documents\Visual Studio 2008\Projects\HorseLeague\TestResults\Kurt_LOOSEY 2009-03-01 19_52_51">
      <DeploymentItem filename="C:\Documents and Settings\Kurt\My Documents\Visual Studio 2008\Projects\HorseLeague\bin\HorseLeague.dll" />
      <DeploymentItem filename="C:\Program Files\Typemock\Isolator\5.2\Typemock.ArrangeActAssert.dll" />
    </Deployment>
    <Hosts skipUnhostableTests="false" />
    <TestTypeSpecific />
  </TestRunConfiguration>
  <ResultSummary outcome="Failed">
    <Counters total="27" executed="27" passed="25" error="0" failed="2" timeout="0" aborted="0" inconclusive="0" passedButRunAborted="0" notRunnable="0" notExecuted="0" disconnected="0" warning="0" completed="0" inProgress="0" pending="0" />
  </ResultSummary>
  <Times creation="2009-03-01T19:52:51.6305008-05:00" queuing="2009-03-01T19:52:56.7078016-05:00" start="2009-03-01T19:52:57.9495872-05:00" finish="2009-03-01T19:53:13.1514464-05:00" />
  <TestDefinitions>
    <UnitTest name="ConstructorSetsPropertiesToDefaultValues" storage="c:\documents and settings\kurt\my documents\visual studio 2008\projects\horseleague.tests\bin\debug\horseleague.tests.dll" id="1ce65521-0241-6d29-9776-bd65fa9f09d5">
      <Css projectStructure="" iteration="" />
      <Owners>
        <Owner name="" />
      </Owners>
      <Execution id="f9630524-b686-459d-aef3-01276ff51f89" />
      <TestMethod codeBase="C:\Documents and Settings\Kurt\My Documents\Visual Studio 2008\Projects\HorseLeague.Tests\bin\Debug\HorseLeague.Tests.dll" adapterTypeName="Microsoft.VisualStudio.TestTools.TestTypes.Unit.UnitTestAdapter, Microsoft.VisualStudio.QualityTools.Tips.UnitTest.Adapter, Version=9.0.0.0, Culture=neutral, PublicKeyToken=b03f5f7f11d50a3a" className="HorseLeague.Tests.Controllers.AccountControllerTest, HorseLeague.Tests" name="ConstructorSetsPropertiesToDefaultValues" />
    </UnitTest>
    <UnitTest name="RegisterPostReturnsViewIfNewPasswordDoesNotMatchConfirmPassword" storage="c:\documents and settings\kurt\my documents\visual studio 2008\projects\horseleague.tests\bin\debug\horseleague.tests.dll" id="e71c200c-6df8-01cf-9b57-16d2d6df888c">
      <Css projectStructure="" iteration="" />
      <Owners>
        <Owner name="" />
      </Owners>
      <Execution id="a0e691ca-7877-4163-b4fe-fa99b1ccd260" />
      <TestMethod codeBase="C:\Documents and Settings\Kurt\My Documents\Visual Studio 2008\Projects\HorseLeague.Tests\bin\Debug\HorseLeague.Tests.dll" adapterTypeName="Microsoft.VisualStudio.TestTools.TestTypes.Unit.UnitTestAdapter, Microsoft.VisualStudio.QualityTools.Tips.UnitTest.Adapter, Version=9.0.0.0, Culture=neutral, PublicKeyToken=b03f5f7f11d50a3a" className="HorseLeague.Tests.Controllers.AccountControllerTest, HorseLeague.Tests" name="RegisterPostReturnsViewIfNewPasswordDoesNotMatchConfirmPassword" />
    </UnitTest>
    <UnitTest name="LoginPostRedirectsToReturnUrlIfLoginSuccessfulAndReturnUrlGiven" storage="c:\documents and settings\kurt\my documents\visual studio 2008\projects\horseleague.tests\bin\debug\horseleague.tests.dll" id="cc48d018-769a-738e-6b7a-d443b2dfe52f">
      <Css projectStructure="" iteration="" />
      <Owners>
        <Owner name="" />
      </Owners>
      <Execution id="b19614c8-a97d-41b2-9d26-242f5cabd293" />
      <TestMethod codeBase="C:\Documents and Settings\Kurt\My Documents\Visual Studio 2008\Projects\HorseLeague.Tests\bin\Debug\HorseLeague.Tests.dll" adapterTypeName="Microsoft.VisualStudio.TestTools.TestTypes.Unit.UnitTestAdapter, Microsoft.VisualStudio.QualityTools.Tips.UnitTest.Adapter, Version=9.0.0.0, Culture=neutral, PublicKeyToken=b03f5f7f11d50a3a" className="HorseLeague.Tests.Controllers.AccountControllerTest, HorseLeague.Tests" name="LoginPostRedirectsToReturnUrlIfLoginSuccessfulAndReturnUrlGiven" />
    </UnitTest>
    <UnitTest name="ChangePasswordPostReturnsViewIfNewPasswordDoesNotMatchConfirmPassword" storage="c:\documents and settings\kurt\my documents\visual studio 2008\projects\horseleague.tests\bin\debug\horseleague.tests.dll" id="d41b7c0c-336f-a7c0-db53-01a33c0e50f6">
      <Css projectStructure="" iteration="" />
      <Owners>
        <Owner name="" />
      </Owners>
      <Execution id="8a5ea771-1b17-491a-81c1-4a0a81aa386b" />
      <TestMethod codeBase="C:\Documents and Settings\Kurt\My Documents\Visual Studio 2008\Projects\HorseLeague.Tests\bin\Debug\HorseLeague.Tests.dll" adapterTypeName="Microsoft.VisualStudio.TestTools.TestTypes.Unit.UnitTestAdapter, Microsoft.VisualStudio.QualityTools.Tips.UnitTest.Adapter, Version=9.0.0.0, Culture=neutral, PublicKeyToken=b03f5f7f11d50a3a" className="HorseLeague.Tests.Controllers.AccountControllerTest, HorseLeague.Tests" name="ChangePasswordPostReturnsViewIfNewPasswordDoesNotMatchConfirmPassword" />
    </UnitTest>
    <UnitTest name="RegisterPostReturnsViewIfEmailNotSpecified" storage="c:\documents and settings\kurt\my documents\visual studio 2008\projects\horseleague.tests\bin\debug\horseleague.tests.dll" id="87a0c7d1-ebf9-66fc-2675-f71a7adf6632">
      <Css projectStructure="" iteration="" />
      <Owners>
        <Owner name="" />
      </Owners>
      <Execution id="820a4202-8cd3-49e1-aecc-b491d1ae1121" />
      <TestMethod codeBase="C:\Documents and Settings\Kurt\My Documents\Visual Studio 2008\Projects\HorseLeague.Tests\bin\Debug\HorseLeague.Tests.dll" adapterTypeName="Microsoft.VisualStudio.TestTools.TestTypes.Unit.UnitTestAdapter, Microsoft.VisualStudio.QualityTools.Tips.UnitTest.Adapter, Version=9.0.0.0, Culture=neutral, PublicKeyToken=b03f5f7f11d50a3a" className="HorseLeague.Tests.Controllers.AccountControllerTest, HorseLeague.Tests" name="RegisterPostReturnsViewIfEmailNotSpecified" />
    </UnitTest>
    <UnitTest name="RegisterPostRedirectsHomeIfRegistrationSuccessful" storage="c:\documents and settings\kurt\my documents\visual studio 2008\projects\horseleague.tests\bin\debug\horseleague.tests.dll" id="ad657288-279d-6d86-3bcf-3cd96aa1f8d2">
      <Css projectStructure="" iteration="" />
      <Owners>
        <Owner name="" />
      </Owners>
      <Execution id="2aeab8e7-0d9c-4269-a117-31712ddec2cb" />
      <TestMethod codeBase="C:\Documents and Settings\Kurt\My Documents\Visual Studio 2008\Projects\HorseLeague.Tests\bin\Debug\HorseLeague.Tests.dll" adapterTypeName="Microsoft.VisualStudio.TestTools.TestTypes.Unit.UnitTestAdapter, Microsoft.VisualStudio.QualityTools.Tips.UnitTest.Adapter, Version=9.0.0.0, Culture=neutral, PublicKeyToken=b03f5f7f11d50a3a" className="HorseLeague.Tests.Controllers.AccountControllerTest, HorseLeague.Tests" name="RegisterPostRedirectsHomeIfRegistrationSuccessful" />
    </UnitTest>
    <UnitTest name="LoginPostReturnsViewIfUsernameNotSpecified" storage="c:\documents and settings\kurt\my documents\visual studio 2008\projects\horseleague.tests\bin\debug\horseleague.tests.dll" id="3809c6bd-13aa-04b2-8c2b-8729504ec38b">
      <Css projectStructure="" iteration="" />
      <Owners>
        <Owner name="" />
      </Owners>
      <Execution id="a3d1e4d1-727c-4af8-b30b-f42a55b3e406" />
      <TestMethod codeBase="C:\Documents and Settings\Kurt\My Documents\Visual Studio 2008\Projects\HorseLeague.Tests\bin\Debug\HorseLeague.Tests.dll" adapterTypeName="Microsoft.VisualStudio.TestTools.TestTypes.Unit.UnitTestAdapter, Microsoft.VisualStudio.QualityTools.Tips.UnitTest.Adapter, Version=9.0.0.0, Culture=neutral, PublicKeyToken=b03f5f7f11d50a3a" className="HorseLeague.Tests.Controllers.AccountControllerTest, HorseLeague.Tests" name="LoginPostReturnsViewIfUsernameNotSpecified" />
    </UnitTest>
    <UnitTest name="RegisterPostReturnsViewIfPasswordIsTooShort" storage="c:\documents and settings\kurt\my documents\visual studio 2008\projects\horseleague.tests\bin\debug\horseleague.tests.dll" id="26aff360-adad-f0de-ca05-32e8d94dc8d5">
      <Css projectStructure="" iteration="" />
      <Owners>
        <Owner name="" />
      </Owners>
      <Execution id="5b427757-c007-4186-9757-3be678229cc2" />
      <TestMethod codeBase="C:\Documents and Settings\Kurt\My Documents\Visual Studio 2008\Projects\HorseLeague.Tests\bin\Debug\HorseLeague.Tests.dll" adapterTypeName="Microsoft.VisualStudio.TestTools.TestTypes.Unit.UnitTestAdapter, Microsoft.VisualStudio.QualityTools.Tips.UnitTest.Adapter, Version=9.0.0.0, Culture=neutral, PublicKeyToken=b03f5f7f11d50a3a" className="HorseLeague.Tests.Controllers.AccountControllerTest, HorseLeague.Tests" name="RegisterPostReturnsViewIfPasswordIsTooShort" />
    </UnitTest>
    <UnitTest name="ChangePasswordGetReturnsView" storage="c:\documents and settings\kurt\my documents\visual studio 2008\projects\horseleague.tests\bin\debug\horseleague.tests.dll" id="ba4b6c00-73ed-4116-b355-d9d4ad3395ff">
      <Css projectStructure="" iteration="" />
      <Owners>
        <Owner name="" />
      </Owners>
      <Execution id="7cd6f12b-d7de-42f5-a6ed-a22d69fad403" />
      <TestMethod codeBase="C:\Documents and Settings\Kurt\My Documents\Visual Studio 2008\Projects\HorseLeague.Tests\bin\Debug\HorseLeague.Tests.dll" adapterTypeName="Microsoft.VisualStudio.TestTools.TestTypes.Unit.UnitTestAdapter, Microsoft.VisualStudio.QualityTools.Tips.UnitTest.Adapter, Version=9.0.0.0, Culture=neutral, PublicKeyToken=b03f5f7f11d50a3a" className="HorseLeague.Tests.Controllers.AccountControllerTest, HorseLeague.Tests" name="ChangePasswordGetReturnsView" />
    </UnitTest>
    <UnitTest name="ChangePasswordPostReturnsViewIfNewPasswordIsTooShort" storage="c:\documents and settings\kurt\my documents\visual studio 2008\projects\horseleague.tests\bin\debug\horseleague.tests.dll" id="dff5879f-c523-be98-f346-0624155cc91d">
      <Css projectStructure="" iteration="" />
      <Owners>
        <Owner name="" />
      </Owners>
      <Execution id="d7845df4-bbfb-4559-866e-0a59f4b398e6" />
      <TestMethod codeBase="C:\Documents and Settings\Kurt\My Documents\Visual Studio 2008\Projects\HorseLeague.Tests\bin\Debug\HorseLeague.Tests.dll" adapterTypeName="Microsoft.VisualStudio.TestTools.TestTypes.Unit.UnitTestAdapter, Microsoft.VisualStudio.QualityTools.Tips.UnitTest.Adapter, Version=9.0.0.0, Culture=neutral, PublicKeyToken=b03f5f7f11d50a3a" className="HorseLeague.Tests.Controllers.AccountControllerTest, HorseLeague.Tests" name="ChangePasswordPostReturnsViewIfNewPasswordIsTooShort" />
    </UnitTest>
    <UnitTest name="ConstructorSetsProperties" storage="c:\documents and settings\kurt\my documents\visual studio 2008\projects\horseleague.tests\bin\debug\horseleague.tests.dll" id="d3f4c6d4-158b-55d7-13ad-97ef8c52f141">
      <Css projectStructure="" iteration="" />
      <Owners>
        <Owner name="" />
      </Owners>
      <Execution id="5d0996ea-8f3f-428e-bad0-abd2e66e1790" />
      <TestMethod codeBase="C:\Documents and Settings\Kurt\My Documents\Visual Studio 2008\Projects\HorseLeague.Tests\bin\Debug\HorseLeague.Tests.dll" adapterTypeName="Microsoft.VisualStudio.TestTools.TestTypes.Unit.UnitTestAdapter, Microsoft.VisualStudio.QualityTools.Tips.UnitTest.Adapter, Version=9.0.0.0, Culture=neutral, PublicKeyToken=b03f5f7f11d50a3a" className="HorseLeague.Tests.Controllers.AccountControllerTest, HorseLeague.Tests" name="ConstructorSetsProperties" />
    </UnitTest>
    <UnitTest name="ChangePasswordSuccess" storage="c:\documents and settings\kurt\my documents\visual studio 2008\projects\horseleague.tests\bin\debug\horseleague.tests.dll" id="4dbee2ce-2e61-0fae-887a-2407f7e17394">
      <Css projectStructure="" iteration="" />
      <Owners>
        <Owner name="" />
      </Owners>
      <Execution id="620236a8-0cf9-467e-bc4d-34f4d585d260" />
      <TestMethod codeBase="C:\Documents and Settings\Kurt\My Documents\Visual Studio 2008\Projects\HorseLeague.Tests\bin\Debug\HorseLeague.Tests.dll" adapterTypeName="Microsoft.VisualStudio.TestTools.TestTypes.Unit.UnitTestAdapter, Microsoft.VisualStudio.QualityTools.Tips.UnitTest.Adapter, Version=9.0.0.0, Culture=neutral, PublicKeyToken=b03f5f7f11d50a3a" className="HorseLeague.Tests.Controllers.AccountControllerTest, HorseLeague.Tests" name="ChangePasswordSuccess" />
    </UnitTest>
    <UnitTest name="LoginPostRedirectsHomeIfLoginSuccessfulButNoReturnUrlGiven" storage="c:\documents and settings\kurt\my documents\visual studio 2008\projects\horseleague.tests\bin\debug\horseleague.tests.dll" id="ff38476e-3b15-6555-e9e0-27c465560f13">
      <Css projectStructure="" iteration="" />
      <Owners>
        <Owner name="" />
      </Owners>
      <Execution id="54a7258f-5efc-45db-9d9a-50b5de1e648c" />
      <TestMethod codeBase="C:\Documents and Settings\Kurt\My Documents\Visual Studio 2008\Projects\HorseLeague.Tests\bin\Debug\HorseLeague.Tests.dll" adapterTypeName="Microsoft.VisualStudio.TestTools.TestTypes.Unit.UnitTestAdapter, Microsoft.VisualStudio.QualityTools.Tips.UnitTest.Adapter, Version=9.0.0.0, Culture=neutral, PublicKeyToken=b03f5f7f11d50a3a" className="HorseLeague.Tests.Controllers.AccountControllerTest, HorseLeague.Tests" name="LoginPostRedirectsHomeIfLoginSuccessfulButNoReturnUrlGiven" />
    </UnitTest>
    <UnitTest name="RegisterPostReturnsViewIfRegistrationFails" storage="c:\documents and settings\kurt\my documents\visual studio 2008\projects\horseleague.tests\bin\debug\horseleague.tests.dll" id="c15998e8-14b8-755b-595e-1799a9b935ca">
      <Css projectStructure="" iteration="" />
      <Owners>
        <Owner name="" />
      </Owners>
      <Execution id="b961eed9-7038-4a39-a1dd-938387851684" />
      <TestMethod codeBase="C:\Documents and Settings\Kurt\My Documents\Visual Studio 2008\Projects\HorseLeague.Tests\bin\Debug\HorseLeague.Tests.dll" adapterTypeName="Microsoft.VisualStudio.TestTools.TestTypes.Unit.UnitTestAdapter, Microsoft.VisualStudio.QualityTools.Tips.UnitTest.Adapter, Version=9.0.0.0, Culture=neutral, PublicKeyToken=b03f5f7f11d50a3a" className="HorseLeague.Tests.Controllers.AccountControllerTest, HorseLeague.Tests" name="RegisterPostReturnsViewIfRegistrationFails" />
    </UnitTest>
    <UnitTest name="ChangePasswordPostRedirectsOnSuccess" storage="c:\documents and settings\kurt\my documents\visual studio 2008\projects\horseleague.tests\bin\debug\horseleague.tests.dll" id="6024cbe7-2915-1082-3f79-ffc094aea4c3">
      <Css projectStructure="" iteration="" />
      <Owners>
        <Owner name="" />
      </Owners>
      <Execution id="79d89c8b-1e6a-416a-9234-d960734454c8" />
      <TestMethod codeBase="C:\Documents and Settings\Kurt\My Documents\Visual Studio 2008\Projects\HorseLeague.Tests\bin\Debug\HorseLeague.Tests.dll" adapterTypeName="Microsoft.VisualStudio.TestTools.TestTypes.Unit.UnitTestAdapter, Microsoft.VisualStudio.QualityTools.Tips.UnitTest.Adapter, Version=9.0.0.0, Culture=neutral, PublicKeyToken=b03f5f7f11d50a3a" className="HorseLeague.Tests.Controllers.AccountControllerTest, HorseLeague.Tests" name="ChangePasswordPostRedirectsOnSuccess" />
    </UnitTest>
    <UnitTest name="LoginGet" storage="c:\documents and settings\kurt\my documents\visual studio 2008\projects\horseleague.tests\bin\debug\horseleague.tests.dll" id="50185bfd-a133-e132-7553-29c9b60463d6">
      <Css projectStructure="" iteration="" />
      <Owners>
        <Owner name="" />
      </Owners>
      <Execution id="df4aec1c-6c8d-4578-8af1-7ac0052c1773" />
      <TestMethod codeBase="C:\Documents and Settings\Kurt\My Documents\Visual Studio 2008\Projects\HorseLeague.Tests\bin\Debug\HorseLeague.Tests.dll" adapterTypeName="Microsoft.VisualStudio.TestTools.TestTypes.Unit.UnitTestAdapter, Microsoft.VisualStudio.QualityTools.Tips.UnitTest.Adapter, Version=9.0.0.0, Culture=neutral, PublicKeyToken=b03f5f7f11d50a3a" className="HorseLeague.Tests.Controllers.AccountControllerTest, HorseLeague.Tests" name="LoginGet" />
    </UnitTest>
    <UnitTest name="RegisterGet" storage="c:\documents and settings\kurt\my documents\visual studio 2008\projects\horseleague.tests\bin\debug\horseleague.tests.dll" id="34adafae-7d3b-0c3f-56dd-6f0cce89c4e7">
      <Css projectStructure="" iteration="" />
      <Owners>
        <Owner name="" />
      </Owners>
      <Execution id="cc2fd65e-c5ff-454f-8ac9-c3c98e87274a" />
      <TestMethod codeBase="C:\Documents and Settings\Kurt\My Documents\Visual Studio 2008\Projects\HorseLeague.Tests\bin\Debug\HorseLeague.Tests.dll" adapterTypeName="Microsoft.VisualStudio.TestTools.TestTypes.Unit.UnitTestAdapter, Microsoft.VisualStudio.QualityTools.Tips.UnitTest.Adapter, Version=9.0.0.0, Culture=neutral, PublicKeyToken=b03f5f7f11d50a3a" className="HorseLeague.Tests.Controllers.AccountControllerTest, HorseLeague.Tests" name="RegisterGet" />
    </UnitTest>
    <UnitTest name="Index" storage="c:\documents and settings\kurt\my documents\visual studio 2008\projects\horseleague.tests\bin\debug\horseleague.tests.dll" id="1346796b-7059-be3c-bce2-51c71defb0f6">
      <Css projectStructure="" iteration="" />
      <Owners>
        <Owner name="" />
      </Owners>
      <Execution id="115e4abf-4f71-44cf-b82d-6e5c316626d2" />
      <TestMethod codeBase="C:\Documents and Settings\Kurt\My Documents\Visual Studio 2008\Projects\HorseLeague.Tests\bin\Debug\HorseLeague.Tests.dll" adapterTypeName="Microsoft.VisualStudio.TestTools.TestTypes.Unit.UnitTestAdapter, Microsoft.VisualStudio.QualityTools.Tips.UnitTest.Adapter, Version=9.0.0.0, Culture=neutral, PublicKeyToken=b03f5f7f11d50a3a" className="HorseLeague.Tests.Controllers.HomeControllerTest, HorseLeague.Tests" name="Index" />
    </UnitTest>
    <UnitTest name="ChangePasswordPostReturnsViewIfCurrentPasswordNotSpecified" storage="c:\documents and settings\kurt\my documents\visual studio 2008\projects\horseleague.tests\bin\debug\horseleague.tests.dll" id="52c9455a-e431-2172-86b2-a8a649fdf1e6">
      <Css projectStructure="" iteration="" />
      <Owners>
        <Owner name="" />
      </Owners>
      <Execution id="93932301-126b-4a08-93e7-efb903b04d4b" />
      <TestMethod codeBase="C:\Documents and Settings\Kurt\My Documents\Visual Studio 2008\Projects\HorseLeague.Tests\bin\Debug\HorseLeague.Tests.dll" adapterTypeName="Microsoft.VisualStudio.TestTools.TestTypes.Unit.UnitTestAdapter, Microsoft.VisualStudio.QualityTools.Tips.UnitTest.Adapter, Version=9.0.0.0, Culture=neutral, PublicKeyToken=b03f5f7f11d50a3a" className="HorseLeague.Tests.Controllers.AccountControllerTest, HorseLeague.Tests" name="ChangePasswordPostReturnsViewIfCurrentPasswordNotSpecified" />
    </UnitTest>
    <UnitTest name="LogOff" storage="c:\documents and settings\kurt\my documents\visual studio 2008\projects\horseleague.tests\bin\debug\horseleague.tests.dll" id="42e78f32-b5fe-cc01-0041-f45f9bccc817">
      <Css projectStructure="" iteration="" />
      <Owners>
        <Owner name="" />
      </Owners>
      <Execution id="f285e481-7fb1-4367-8783-c94f215275eb" />
      <TestMethod codeBase="C:\Documents and Settings\Kurt\My Documents\Visual Studio 2008\Projects\HorseLeague.Tests\bin\Debug\HorseLeague.Tests.dll" adapterTypeName="Microsoft.VisualStudio.TestTools.TestTypes.Unit.UnitTestAdapter, Microsoft.VisualStudio.QualityTools.Tips.UnitTest.Adapter, Version=9.0.0.0, Culture=neutral, PublicKeyToken=b03f5f7f11d50a3a" className="HorseLeague.Tests.Controllers.AccountControllerTest, HorseLeague.Tests" name="LogOff" />
    </UnitTest>
    <UnitTest name="LoginPostReturnsViewIfUsernameOrPasswordIsIncorrect" storage="c:\documents and settings\kurt\my documents\visual studio 2008\projects\horseleague.tests\bin\debug\horseleague.tests.dll" id="4323cd6b-27c2-f28d-0509-255fefff7e15">
      <Css projectStructure="" iteration="" />
      <Owners>
        <Owner name="" />
      </Owners>
      <Execution id="f1d32a13-c7dd-415e-a2ea-8320960d6c0e" />
      <TestMethod codeBase="C:\Documents and Settings\Kurt\My Documents\Visual Studio 2008\Projects\HorseLeague.Tests\bin\Debug\HorseLeague.Tests.dll" adapterTypeName="Microsoft.VisualStudio.TestTools.TestTypes.Unit.UnitTestAdapter, Microsoft.VisualStudio.QualityTools.Tips.UnitTest.Adapter, Version=9.0.0.0, Culture=neutral, PublicKeyToken=b03f5f7f11d50a3a" className="HorseLeague.Tests.Controllers.AccountControllerTest, HorseLeague.Tests" name="LoginPostReturnsViewIfUsernameOrPasswordIsIncorrect" />
    </UnitTest>
    <UnitTest name="ChangePasswordPostReturnsViewIfProviderRejectsPassword" storage="c:\documents and settings\kurt\my documents\visual studio 2008\projects\horseleague.tests\bin\debug\horseleague.tests.dll" id="af34b776-e106-332b-e4a5-f7d02bcbe584">
      <Css projectStructure="" iteration="" />
      <Owners>
        <Owner name="" />
      </Owners>
      <Execution id="10c8aa54-9af4-4ae2-b37a-906be39472a7" />
      <TestMethod codeBase="C:\Documents and Settings\Kurt\My Documents\Visual Studio 2008\Projects\HorseLeague.Tests\bin\Debug\HorseLeague.Tests.dll" adapterTypeName="Microsoft.VisualStudio.TestTools.TestTypes.Unit.UnitTestAdapter, Microsoft.VisualStudio.QualityTools.Tips.UnitTest.Adapter, Version=9.0.0.0, Culture=neutral, PublicKeyToken=b03f5f7f11d50a3a" className="HorseLeague.Tests.Controllers.AccountControllerTest, HorseLeague.Tests" name="ChangePasswordPostReturnsViewIfProviderRejectsPassword" />
    </UnitTest>
    <UnitTest name="TestIndex" storage="c:\documents and settings\kurt\my documents\visual studio 2008\projects\horseleague.tests\bin\debug\horseleague.tests.dll" id="47e7ba33-da58-e786-1344-d54d48f0b815">
      <Css projectStructure="" iteration="" />
      <Owners>
        <Owner name="" />
      </Owners>
      <Execution id="6e36916e-68e3-454e-8a37-300c0d6bb799" />
      <TestMethod codeBase="C:\Documents and Settings\Kurt\My Documents\Visual Studio 2008\Projects\HorseLeague.Tests\bin\Debug\HorseLeague.Tests.dll" adapterTypeName="Microsoft.VisualStudio.TestTools.TestTypes.Unit.UnitTestAdapter, Microsoft.VisualStudio.QualityTools.Tips.UnitTest.Adapter, Version=9.0.0.0, Culture=neutral, PublicKeyToken=b03f5f7f11d50a3a" className="HorseLeague.Tests.Controllers.ResultsControllerTest, HorseLeague.Tests" name="TestIndex" />
    </UnitTest>
    <UnitTest name="RegisterPostReturnsViewIfPasswordIsNull" storage="c:\documents and settings\kurt\my documents\visual studio 2008\projects\horseleague.tests\bin\debug\horseleague.tests.dll" id="6e649981-a712-fcba-094a-a2df73ccb7cd">
      <Css projectStructure="" iteration="" />
      <Owners>
        <Owner name="" />
      </Owners>
      <Execution id="53bfb80d-d9dd-44bc-8e74-6d8eb068727f" />
      <TestMethod codeBase="C:\Documents and Settings\Kurt\My Documents\Visual Studio 2008\Projects\HorseLeague.Tests\bin\Debug\HorseLeague.Tests.dll" adapterTypeName="Microsoft.VisualStudio.TestTools.TestTypes.Unit.UnitTestAdapter, Microsoft.VisualStudio.QualityTools.Tips.UnitTest.Adapter, Version=9.0.0.0, Culture=neutral, PublicKeyToken=b03f5f7f11d50a3a" className="HorseLeague.Tests.Controllers.AccountControllerTest, HorseLeague.Tests" name="RegisterPostReturnsViewIfPasswordIsNull" />
    </UnitTest>
    <UnitTest name="RegisterPostReturnsViewIfUsernameNotSpecified" storage="c:\documents and settings\kurt\my documents\visual studio 2008\projects\horseleague.tests\bin\debug\horseleague.tests.dll" id="c3d46fc6-a1a9-40d7-62a4-8e551119d5fa">
      <Css projectStructure="" iteration="" />
      <Owners>
        <Owner name="" />
      </Owners>
      <Execution id="82ee6e4b-ca51-4493-a2fe-f550015dd442" />
      <TestMethod codeBase="C:\Documents and Settings\Kurt\My Documents\Visual Studio 2008\Projects\HorseLeague.Tests\bin\Debug\HorseLeague.Tests.dll" adapterTypeName="Microsoft.VisualStudio.TestTools.TestTypes.Unit.UnitTestAdapter, Microsoft.VisualStudio.QualityTools.Tips.UnitTest.Adapter, Version=9.0.0.0, Culture=neutral, PublicKeyToken=b03f5f7f11d50a3a" className="HorseLeague.Tests.Controllers.AccountControllerTest, HorseLeague.Tests" name="RegisterPostReturnsViewIfUsernameNotSpecified" />
    </UnitTest>
    <UnitTest name="LoginPostReturnsViewIfPasswordNotSpecified" storage="c:\documents and settings\kurt\my documents\visual studio 2008\projects\horseleague.tests\bin\debug\horseleague.tests.dll" id="e7e19c47-4346-6b89-f222-32fc510afa7d">
      <Css projectStructure="" iteration="" />
      <Owners>
        <Owner name="" />
      </Owners>
      <Execution id="f757b060-a758-430d-9ee9-eb6b5ff7781f" />
      <TestMethod codeBase="C:\Documents and Settings\Kurt\My Documents\Visual Studio 2008\Projects\HorseLeague.Tests\bin\Debug\HorseLeague.Tests.dll" adapterTypeName="Microsoft.VisualStudio.TestTools.TestTypes.Unit.UnitTestAdapter, Microsoft.VisualStudio.QualityTools.Tips.UnitTest.Adapter, Version=9.0.0.0, Culture=neutral, PublicKeyToken=b03f5f7f11d50a3a" className="HorseLeague.Tests.Controllers.AccountControllerTest, HorseLeague.Tests" name="LoginPostReturnsViewIfPasswordNotSpecified" />
    </UnitTest>
    <UnitTest name="ChangePasswordPostReturnsViewIfNewPasswordIsNull" storage="c:\documents and settings\kurt\my documents\visual studio 2008\projects\horseleague.tests\bin\debug\horseleague.tests.dll" id="dbf59b11-b36e-ce6f-5531-2370aed6e369">
      <Css projectStructure="" iteration="" />
      <Owners>
        <Owner name="" />
      </Owners>
      <Execution id="cccd53e7-f66f-4d44-bfc9-41578ec71a47" />
      <TestMethod codeBase="C:\Documents and Settings\Kurt\My Documents\Visual Studio 2008\Projects\HorseLeague.Tests\bin\Debug\HorseLeague.Tests.dll" adapterTypeName="Microsoft.VisualStudio.TestTools.TestTypes.Unit.UnitTestAdapter, Microsoft.VisualStudio.QualityTools.Tips.UnitTest.Adapter, Version=9.0.0.0, Culture=neutral, PublicKeyToken=b03f5f7f11d50a3a" className="HorseLeague.Tests.Controllers.AccountControllerTest, HorseLeague.Tests" name="ChangePasswordPostReturnsViewIfNewPasswordIsNull" />
    </UnitTest>
  </TestDefinitions>
  <TestLists>
    <TestList name="Results Not in a List" id="8c84fa94-04c1-424b-9868-57a2d4851a1d" />
    <TestList name="All Loaded Results" id="19431567-8539-422a-85d7-44ee4e166bda" />
  </TestLists>
  <TestEntries>
    <TestEntry testId="ba4b6c00-73ed-4116-b355-d9d4ad3395ff" executionId="7cd6f12b-d7de-42f5-a6ed-a22d69fad403" testListId="8c84fa94-04c1-424b-9868-57a2d4851a1d" />
    <TestEntry testId="6024cbe7-2915-1082-3f79-ffc094aea4c3" executionId="79d89c8b-1e6a-416a-9234-d960734454c8" testListId="8c84fa94-04c1-424b-9868-57a2d4851a1d" />
    <TestEntry testId="52c9455a-e431-2172-86b2-a8a649fdf1e6" executionId="93932301-126b-4a08-93e7-efb903b04d4b" testListId="8c84fa94-04c1-424b-9868-57a2d4851a1d" />
    <TestEntry testId="d41b7c0c-336f-a7c0-db53-01a33c0e50f6" executionId="8a5ea771-1b17-491a-81c1-4a0a81aa386b" testListId="8c84fa94-04c1-424b-9868-57a2d4851a1d" />
    <TestEntry testId="dbf59b11-b36e-ce6f-5531-2370aed6e369" executionId="cccd53e7-f66f-4d44-bfc9-41578ec71a47" testListId="8c84fa94-04c1-424b-9868-57a2d4851a1d" />
    <TestEntry testId="dff5879f-c523-be98-f346-0624155cc91d" executionId="d7845df4-bbfb-4559-866e-0a59f4b398e6" testListId="8c84fa94-04c1-424b-9868-57a2d4851a1d" />
    <TestEntry testId="af34b776-e106-332b-e4a5-f7d02bcbe584" executionId="10c8aa54-9af4-4ae2-b37a-906be39472a7" testListId="8c84fa94-04c1-424b-9868-57a2d4851a1d" />
    <TestEntry testId="4dbee2ce-2e61-0fae-887a-2407f7e17394" executionId="620236a8-0cf9-467e-bc4d-34f4d585d260" testListId="8c84fa94-04c1-424b-9868-57a2d4851a1d" />
    <TestEntry testId="d3f4c6d4-158b-55d7-13ad-97ef8c52f141" executionId="5d0996ea-8f3f-428e-bad0-abd2e66e1790" testListId="8c84fa94-04c1-424b-9868-57a2d4851a1d" />
    <TestEntry testId="1ce65521-0241-6d29-9776-bd65fa9f09d5" executionId="f9630524-b686-459d-aef3-01276ff51f89" testListId="8c84fa94-04c1-424b-9868-57a2d4851a1d" />
    <TestEntry testId="50185bfd-a133-e132-7553-29c9b60463d6" executionId="df4aec1c-6c8d-4578-8af1-7ac0052c1773" testListId="8c84fa94-04c1-424b-9868-57a2d4851a1d" />
    <TestEntry testId="ff38476e-3b15-6555-e9e0-27c465560f13" executionId="54a7258f-5efc-45db-9d9a-50b5de1e648c" testListId="8c84fa94-04c1-424b-9868-57a2d4851a1d" />
    <TestEntry testId="cc48d018-769a-738e-6b7a-d443b2dfe52f" executionId="b19614c8-a97d-41b2-9d26-242f5cabd293" testListId="8c84fa94-04c1-424b-9868-57a2d4851a1d" />
    <TestEntry testId="e7e19c47-4346-6b89-f222-32fc510afa7d" executionId="f757b060-a758-430d-9ee9-eb6b5ff7781f" testListId="8c84fa94-04c1-424b-9868-57a2d4851a1d" />
    <TestEntry testId="3809c6bd-13aa-04b2-8c2b-8729504ec38b" executionId="a3d1e4d1-727c-4af8-b30b-f42a55b3e406" testListId="8c84fa94-04c1-424b-9868-57a2d4851a1d" />
    <TestEntry testId="4323cd6b-27c2-f28d-0509-255fefff7e15" executionId="f1d32a13-c7dd-415e-a2ea-8320960d6c0e" testListId="8c84fa94-04c1-424b-9868-57a2d4851a1d" />
    <TestEntry testId="42e78f32-b5fe-cc01-0041-f45f9bccc817" executionId="f285e481-7fb1-4367-8783-c94f215275eb" testListId="8c84fa94-04c1-424b-9868-57a2d4851a1d" />
    <TestEntry testId="34adafae-7d3b-0c3f-56dd-6f0cce89c4e7" executionId="cc2fd65e-c5ff-454f-8ac9-c3c98e87274a" testListId="8c84fa94-04c1-424b-9868-57a2d4851a1d" />
    <TestEntry testId="ad657288-279d-6d86-3bcf-3cd96aa1f8d2" executionId="2aeab8e7-0d9c-4269-a117-31712ddec2cb" testListId="8c84fa94-04c1-424b-9868-57a2d4851a1d" />
    <TestEntry testId="87a0c7d1-ebf9-66fc-2675-f71a7adf6632" executionId="820a4202-8cd3-49e1-aecc-b491d1ae1121" testListId="8c84fa94-04c1-424b-9868-57a2d4851a1d" />
    <TestEntry testId="e71c200c-6df8-01cf-9b57-16d2d6df888c" executionId="a0e691ca-7877-4163-b4fe-fa99b1ccd260" testListId="8c84fa94-04c1-424b-9868-57a2d4851a1d" />
    <TestEntry testId="6e649981-a712-fcba-094a-a2df73ccb7cd" executionId="53bfb80d-d9dd-44bc-8e74-6d8eb068727f" testListId="8c84fa94-04c1-424b-9868-57a2d4851a1d" />
    <TestEntry testId="26aff360-adad-f0de-ca05-32e8d94dc8d5" executionId="5b427757-c007-4186-9757-3be678229cc2" testListId="8c84fa94-04c1-424b-9868-57a2d4851a1d" />
    <TestEntry testId="c15998e8-14b8-755b-595e-1799a9b935ca" executionId="b961eed9-7038-4a39-a1dd-938387851684" testListId="8c84fa94-04c1-424b-9868-57a2d4851a1d" />
    <TestEntry testId="c3d46fc6-a1a9-40d7-62a4-8e551119d5fa" executionId="82ee6e4b-ca51-4493-a2fe-f550015dd442" testListId="8c84fa94-04c1-424b-9868-57a2d4851a1d" />
    <TestEntry testId="1346796b-7059-be3c-bce2-51c71defb0f6" executionId="115e4abf-4f71-44cf-b82d-6e5c316626d2" testListId="8c84fa94-04c1-424b-9868-57a2d4851a1d" />
    <TestEntry testId="47e7ba33-da58-e786-1344-d54d48f0b815" executionId="6e36916e-68e3-454e-8a37-300c0d6bb799" testListId="8c84fa94-04c1-424b-9868-57a2d4851a1d" />
  </TestEntries>
  <Results>
    <UnitTestResult executionId="7cd6f12b-d7de-42f5-a6ed-a22d69fad403" testId="ba4b6c00-73ed-4116-b355-d9d4ad3395ff" testName="ChangePasswordGetReturnsView" computerName="LOOSEY" duration="00:00:00.2737171" startTime="2009-03-01T19:52:58.2800624-05:00" endTime="2009-03-01T19:52:59.5018192-05:00" testType="13cdc9d9-ddb5-4fa4-a97d-d965ccfc6d4b" outcome="Passed" testListId="8c84fa94-04c1-424b-9868-57a2d4851a1d">
      <Output>
      </Output>
    </UnitTestResult>
    <UnitTestResult executionId="79d89c8b-1e6a-416a-9234-d960734454c8" testId="6024cbe7-2915-1082-3f79-ffc094aea4c3" testName="ChangePasswordPostRedirectsOnSuccess" computerName="LOOSEY" duration="00:00:00.0724279" startTime="2009-03-01T19:52:59.5218480-05:00" endTime="2009-03-01T19:52:59.6119776-05:00" testType="13cdc9d9-ddb5-4fa4-a97d-d965ccfc6d4b" outcome="Passed" testListId="8c84fa94-04c1-424b-9868-57a2d4851a1d">
      <Output>
      </Output>
    </UnitTestResult>
    <UnitTestResult executionId="93932301-126b-4a08-93e7-efb903b04d4b" testId="52c9455a-e431-2172-86b2-a8a649fdf1e6" testName="ChangePasswordPostReturnsViewIfCurrentPasswordNotSpecified" computerName="LOOSEY" duration="00:00:00.0323219" startTime="2009-03-01T19:52:59.6219920-05:00" endTime="2009-03-01T19:52:59.6720640-05:00" testType="13cdc9d9-ddb5-4fa4-a97d-d965ccfc6d4b" outcome="Passed" testListId="8c84fa94-04c1-424b-9868-57a2d4851a1d">
      <Output>
      </Output>
    </UnitTestResult>
    <UnitTestResult executionId="8a5ea771-1b17-491a-81c1-4a0a81aa386b" testId="d41b7c0c-336f-a7c0-db53-01a33c0e50f6" testName="ChangePasswordPostReturnsViewIfNewPasswordDoesNotMatchConfirmPassword" computerName="LOOSEY" duration="00:00:00.0023927" startTime="2009-03-01T19:52:59.6820784-05:00" endTime="2009-03-01T19:52:59.6920928-05:00" testType="13cdc9d9-ddb5-4fa4-a97d-d965ccfc6d4b" outcome="Passed" testListId="8c84fa94-04c1-424b-9868-57a2d4851a1d">
      <Output>
      </Output>
    </UnitTestResult>
    <UnitTestResult executionId="cccd53e7-f66f-4d44-bfc9-41578ec71a47" testId="dbf59b11-b36e-ce6f-5531-2370aed6e369" testName="ChangePasswordPostReturnsViewIfNewPasswordIsNull" computerName="LOOSEY" duration="00:00:00.0027333" startTime="2009-03-01T19:52:59.7021072-05:00" endTime="2009-03-01T19:52:59.7221360-05:00" testType="13cdc9d9-ddb5-4fa4-a97d-d965ccfc6d4b" outcome="Passed" testListId="8c84fa94-04c1-424b-9868-57a2d4851a1d">
      <Output>
      </Output>
    </UnitTestResult>
    <UnitTestResult executionId="d7845df4-bbfb-4559-866e-0a59f4b398e6" testId="dff5879f-c523-be98-f346-0624155cc91d" testName="ChangePasswordPostReturnsViewIfNewPasswordIsTooShort" computerName="LOOSEY" duration="00:00:00.0022662" startTime="2009-03-01T19:52:59.7321504-05:00" endTime="2009-03-01T19:52:59.7621936-05:00" testType="13cdc9d9-ddb5-4fa4-a97d-d965ccfc6d4b" outcome="Passed" testListId="8c84fa94-04c1-424b-9868-57a2d4851a1d">
      <Output>
      </Output>
    </UnitTestResult>
    <UnitTestResult executionId="10c8aa54-9af4-4ae2-b37a-906be39472a7" testId="af34b776-e106-332b-e4a5-f7d02bcbe584" testName="ChangePasswordPostReturnsViewIfProviderRejectsPassword" computerName="LOOSEY" duration="00:00:00.0027819" startTime="2009-03-01T19:52:59.7822224-05:00" endTime="2009-03-01T19:52:59.7922368-05:00" testType="13cdc9d9-ddb5-4fa4-a97d-d965ccfc6d4b" outcome="Passed" testListId="8c84fa94-04c1-424b-9868-57a2d4851a1d">
      <Output>
      </Output>
    </UnitTestResult>
    <UnitTestResult executionId="620236a8-0cf9-467e-bc4d-34f4d585d260" testId="4dbee2ce-2e61-0fae-887a-2407f7e17394" testName="ChangePasswordSuccess" computerName="LOOSEY" duration="00:00:00.0034294" startTime="2009-03-01T19:52:59.8022512-05:00" endTime="2009-03-01T19:52:59.8122656-05:00" testType="13cdc9d9-ddb5-4fa4-a97d-d965ccfc6d4b" outcome="Passed" testListId="8c84fa94-04c1-424b-9868-57a2d4851a1d">
      <Output>
      </Output>
    </UnitTestResult>
    <UnitTestResult executionId="5d0996ea-8f3f-428e-bad0-abd2e66e1790" testId="d3f4c6d4-158b-55d7-13ad-97ef8c52f141" testName="ConstructorSetsProperties" computerName="LOOSEY" duration="00:00:00.8560283" startTime="2009-03-01T19:52:59.8322944-05:00" endTime="2009-03-01T19:53:00.6935328-05:00" testType="13cdc9d9-ddb5-4fa4-a97d-d965ccfc6d4b" outcome="Passed" testListId="8c84fa94-04c1-424b-9868-57a2d4851a1d">
      <Output>
      </Output>
    </UnitTestResult>
    <UnitTestResult executionId="f9630524-b686-459d-aef3-01276ff51f89" testId="1ce65521-0241-6d29-9776-bd65fa9f09d5" testName="ConstructorSetsPropertiesToDefaultValues" computerName="LOOSEY" duration="00:00:00.0041058" startTime="2009-03-01T19:53:00.7536192-05:00" endTime="2009-03-01T19:53:00.7736480-05:00" testType="13cdc9d9-ddb5-4fa4-a97d-d965ccfc6d4b" outcome="Passed" testListId="8c84fa94-04c1-424b-9868-57a2d4851a1d">
      <Output>
      </Output>
    </UnitTestResult>
    <UnitTestResult executionId="df4aec1c-6c8d-4578-8af1-7ac0052c1773" testId="50185bfd-a133-e132-7553-29c9b60463d6" testName="LoginGet" computerName="LOOSEY" duration="00:00:00.0039974" startTime="2009-03-01T19:53:00.7836624-05:00" endTime="2009-03-01T19:53:00.7936768-05:00" testType="13cdc9d9-ddb5-4fa4-a97d-d965ccfc6d4b" outcome="Passed" testListId="8c84fa94-04c1-424b-9868-57a2d4851a1d">
      <Output>
      </Output>
    </UnitTestResult>
    <UnitTestResult executionId="54a7258f-5efc-45db-9d9a-50b5de1e648c" testId="ff38476e-3b15-6555-e9e0-27c465560f13" testName="LoginPostRedirectsHomeIfLoginSuccessfulButNoReturnUrlGiven" computerName="LOOSEY" duration="00:00:00.0142814" startTime="2009-03-01T19:53:00.8036912-05:00" endTime="2009-03-01T19:53:00.8337344-05:00" testType="13cdc9d9-ddb5-4fa4-a97d-d965ccfc6d4b" outcome="Passed" testListId="8c84fa94-04c1-424b-9868-57a2d4851a1d">
      <Output>
      </Output>
    </UnitTestResult>
    <UnitTestResult executionId="b19614c8-a97d-41b2-9d26-242f5cabd293" testId="cc48d018-769a-738e-6b7a-d443b2dfe52f" testName="LoginPostRedirectsToReturnUrlIfLoginSuccessfulAndReturnUrlGiven" computerName="LOOSEY" duration="00:00:00.0075255" startTime="2009-03-01T19:53:00.8437488-05:00" endTime="2009-03-01T19:53:00.8637776-05:00" testType="13cdc9d9-ddb5-4fa4-a97d-d965ccfc6d4b" outcome="Passed" testListId="8c84fa94-04c1-424b-9868-57a2d4851a1d">
      <Output>
      </Output>
    </UnitTestResult>
    <UnitTestResult executionId="f757b060-a758-430d-9ee9-eb6b5ff7781f" testId="e7e19c47-4346-6b89-f222-32fc510afa7d" testName="LoginPostReturnsViewIfPasswordNotSpecified" computerName="LOOSEY" duration="00:00:00.0022826" startTime="2009-03-01T19:53:00.8737920-05:00" endTime="2009-03-01T19:53:00.8938208-05:00" testType="13cdc9d9-ddb5-4fa4-a97d-d965ccfc6d4b" outcome="Passed" testListId="8c84fa94-04c1-424b-9868-57a2d4851a1d">
      <Output>
      </Output>
    </UnitTestResult>
    <UnitTestResult executionId="a3d1e4d1-727c-4af8-b30b-f42a55b3e406" testId="3809c6bd-13aa-04b2-8c2b-8729504ec38b" testName="LoginPostReturnsViewIfUsernameNotSpecified" computerName="LOOSEY" duration="00:00:00.0028534" startTime="2009-03-01T19:53:00.9038352-05:00" endTime="2009-03-01T19:53:00.9138496-05:00" testType="13cdc9d9-ddb5-4fa4-a97d-d965ccfc6d4b" outcome="Passed" testListId="8c84fa94-04c1-424b-9868-57a2d4851a1d">
      <Output>
      </Output>
    </UnitTestResult>
    <UnitTestResult executionId="f1d32a13-c7dd-415e-a2ea-8320960d6c0e" testId="4323cd6b-27c2-f28d-0509-255fefff7e15" testName="LoginPostReturnsViewIfUsernameOrPasswordIsIncorrect" computerName="LOOSEY" duration="00:00:00.0022597" startTime="2009-03-01T19:53:00.9238640-05:00" endTime="2009-03-01T19:53:00.9539072-05:00" testType="13cdc9d9-ddb5-4fa4-a97d-d965ccfc6d4b" outcome="Passed" testListId="8c84fa94-04c1-424b-9868-57a2d4851a1d">
      <Output>
      </Output>
    </UnitTestResult>
    <UnitTestResult executionId="f285e481-7fb1-4367-8783-c94f215275eb" testId="42e78f32-b5fe-cc01-0041-f45f9bccc817" testName="LogOff" computerName="LOOSEY" duration="00:00:00.0041161" startTime="2009-03-01T19:53:00.9639216-05:00" endTime="2009-03-01T19:53:00.9939648-05:00" testType="13cdc9d9-ddb5-4fa4-a97d-d965ccfc6d4b" outcome="Passed" testListId="8c84fa94-04c1-424b-9868-57a2d4851a1d">
      <Output>
      </Output>
    </UnitTestResult>
    <UnitTestResult executionId="cc2fd65e-c5ff-454f-8ac9-c3c98e87274a" testId="34adafae-7d3b-0c3f-56dd-6f0cce89c4e7" testName="RegisterGet" computerName="LOOSEY" duration="00:00:00.0037521" startTime="2009-03-01T19:53:01.0039792-05:00" endTime="2009-03-01T19:53:01.0139936-05:00" testType="13cdc9d9-ddb5-4fa4-a97d-d965ccfc6d4b" outcome="Passed" testListId="8c84fa94-04c1-424b-9868-57a2d4851a1d">
      <Output>
      </Output>
    </UnitTestResult>
    <UnitTestResult executionId="2aeab8e7-0d9c-4269-a117-31712ddec2cb" testId="ad657288-279d-6d86-3bcf-3cd96aa1f8d2" testName="RegisterPostRedirectsHomeIfRegistrationSuccessful" computerName="LOOSEY" duration="00:00:00.0145758" startTime="2009-03-01T19:53:01.0240080-05:00" endTime="2009-03-01T19:53:01.0540512-05:00" testType="13cdc9d9-ddb5-4fa4-a97d-d965ccfc6d4b" outcome="Passed" testListId="8c84fa94-04c1-424b-9868-57a2d4851a1d">
      <Output>
      </Output>
    </UnitTestResult>
    <UnitTestResult executionId="820a4202-8cd3-49e1-aecc-b491d1ae1121" testId="87a0c7d1-ebf9-66fc-2675-f71a7adf6632" testName="RegisterPostReturnsViewIfEmailNotSpecified" computerName="LOOSEY" duration="00:00:00.0022692" startTime="2009-03-01T19:53:01.0640656-05:00" endTime="2009-03-01T19:53:01.0740800-05:00" testType="13cdc9d9-ddb5-4fa4-a97d-d965ccfc6d4b" outcome="Passed" testListId="8c84fa94-04c1-424b-9868-57a2d4851a1d">
      <Output>
      </Output>
    </UnitTestResult>
    <UnitTestResult executionId="a0e691ca-7877-4163-b4fe-fa99b1ccd260" testId="e71c200c-6df8-01cf-9b57-16d2d6df888c" testName="RegisterPostReturnsViewIfNewPasswordDoesNotMatchConfirmPassword" computerName="LOOSEY" duration="00:00:00.0022486" startTime="2009-03-01T19:53:01.0941088-05:00" endTime="2009-03-01T19:53:01.1041232-05:00" testType="13cdc9d9-ddb5-4fa4-a97d-d965ccfc6d4b" outcome="Passed" testListId="8c84fa94-04c1-424b-9868-57a2d4851a1d">
      <Output>
      </Output>
    </UnitTestResult>
    <UnitTestResult executionId="53bfb80d-d9dd-44bc-8e74-6d8eb068727f" testId="6e649981-a712-fcba-094a-a2df73ccb7cd" testName="RegisterPostReturnsViewIfPasswordIsNull" computerName="LOOSEY" duration="00:00:00.0022639" startTime="2009-03-01T19:53:01.1141376-05:00" endTime="2009-03-01T19:53:01.1341664-05:00" testType="13cdc9d9-ddb5-4fa4-a97d-d965ccfc6d4b" outcome="Passed" testListId="8c84fa94-04c1-424b-9868-57a2d4851a1d">
      <Output>
      </Output>
    </UnitTestResult>
    <UnitTestResult executionId="5b427757-c007-4186-9757-3be678229cc2" testId="26aff360-adad-f0de-ca05-32e8d94dc8d5" testName="RegisterPostReturnsViewIfPasswordIsTooShort" computerName="LOOSEY" duration="00:00:00.0022488" startTime="2009-03-01T19:53:01.1441808-05:00" endTime="2009-03-01T19:53:01.1541952-05:00" testType="13cdc9d9-ddb5-4fa4-a97d-d965ccfc6d4b" outcome="Passed" testListId="8c84fa94-04c1-424b-9868-57a2d4851a1d">
      <Output>
      </Output>
    </UnitTestResult>
    <UnitTestResult executionId="b961eed9-7038-4a39-a1dd-938387851684" testId="c15998e8-14b8-755b-595e-1799a9b935ca" testName="RegisterPostReturnsViewIfRegistrationFails" computerName="LOOSEY" duration="00:00:00.0041008" startTime="2009-03-01T19:53:01.1642096-05:00" endTime="2009-03-01T19:53:01.1842384-05:00" testType="13cdc9d9-ddb5-4fa4-a97d-d965ccfc6d4b" outcome="Passed" testListId="8c84fa94-04c1-424b-9868-57a2d4851a1d">
      <Output>
      </Output>
    </UnitTestResult>
    <UnitTestResult executionId="82ee6e4b-ca51-4493-a2fe-f550015dd442" testId="c3d46fc6-a1a9-40d7-62a4-8e551119d5fa" testName="RegisterPostReturnsViewIfUsernameNotSpecified" computerName="LOOSEY" duration="00:00:00.0027601" startTime="2009-03-01T19:53:01.1942528-05:00" endTime="2009-03-01T19:53:01.2142816-05:00" testType="13cdc9d9-ddb5-4fa4-a97d-d965ccfc6d4b" outcome="Passed" testListId="8c84fa94-04c1-424b-9868-57a2d4851a1d">
      <Output>
      </Output>
    </UnitTestResult>
    <UnitTestResult executionId="115e4abf-4f71-44cf-b82d-6e5c316626d2" testId="1346796b-7059-be3c-bce2-51c71defb0f6" testName="Index" computerName="LOOSEY" duration="00:00:00.4807580" startTime="2009-03-01T19:53:01.2242960-05:00" endTime="2009-03-01T19:53:01.7250160-05:00" testType="13cdc9d9-ddb5-4fa4-a97d-d965ccfc6d4b" outcome="Failed" testListId="8c84fa94-04c1-424b-9868-57a2d4851a1d">
      <Output>
        <ErrorInfo>
          <Message>Test method HorseLeague.Tests.Controllers.HomeControllerTest.Index threw exception:  System.NullReferenceException: Object reference not set to an instance of an object..</Message>
          <StackTrace>    at HorseLeague.Models.DataAccess.HorseLeagueDAODataContext..ctor() in C:\Documents and Settings\Kurt\My Documents\Visual Studio 2008\Projects\HorseLeague\Models\DataAccess\HorseLeagueDAO.designer.cs:line 62
   at HorseLeague.Models.DataAccess.HorseLeagueRepository..ctor() in C:\Documents and Settings\Kurt\My Documents\Visual Studio 2008\Projects\HorseLeague\Models\DataAccess\HorseLeagueRepository.cs:line 21
   at HorseLeague.Controllers.HorseLeagueController..ctor() in C:\Documents and Settings\Kurt\My Documents\Visual Studio 2008\Projects\HorseLeague\Controllers\HorseLeagueController.cs:line 16
   at HorseLeague.Controllers.HomeController..ctor()
   at HorseLeague.Tests.Controllers.HomeControllerTest.Index() in C:\Documents and Settings\Kurt\My Documents\Visual Studio 2008\Projects\HorseLeague.Tests\Controllers\HomeControllerTest.cs:line 19
</StackTrace>
        </ErrorInfo>
      </Output>
    </UnitTestResult>
    <UnitTestResult executionId="6e36916e-68e3-454e-8a37-300c0d6bb799" testId="47e7ba33-da58-e786-1344-d54d48f0b815" testName="TestIndex" computerName="LOOSEY" duration="00:00:10.9502914" startTime="2009-03-01T19:53:01.7350304-05:00" endTime="2009-03-01T19:53:12.7108128-05:00" testType="13cdc9d9-ddb5-4fa4-a97d-d965ccfc6d4b" outcome="Failed" testListId="8c84fa94-04c1-424b-9868-57a2d4851a1d">
      <Output>
        <ErrorInfo>
          <Message>Test method HorseLeague.Tests.Controllers.ResultsControllerTest.TestIndex threw exception:  System.InvalidCastException: Unable to cast object of type 'Mock0001IList`1' to type 'System.Collections.IDictionary'..</Message>
          <StackTrace>    at HorseLeague.Tests.Controllers.ResultsControllerTest.TestIndex() in C:\Documents and Settings\Kurt\My Documents\Visual Studio 2008\Projects\HorseLeague.Tests\Controllers\ResultsControllerTest.cs:line 74
</StackTrace>
        </ErrorInfo>
      </Output>
    </UnitTestResult>
  </Results>
</TestRun>