<?xml version="1.0" encoding="UTF-8"?>
<TestRun id="5262c3c3-3906-4560-947c-c5754888e157" name="Kurt@LOOSEY 2009-03-01 19:56:10" runUser="LOOSEY\Kurt" xmlns="http://microsoft.com/schemas/VisualStudio/TeamTest/2006">
  <TestRunConfiguration name="Default Run Configuration" id="1d4cb1bf-c69f-455e-af93-c6ea252beb6b">
    <Deployment runDeploymentRoot="C:\Documents and Settings\Kurt\My Documents\Visual Studio 2008\Projects\HorseLeague\TestResults\Kurt_LOOSEY 2009-03-01 19_56_10">
      <DeploymentItem filename="C:\Documents and Settings\Kurt\My Documents\Visual Studio 2008\Projects\HorseLeague\bin\HorseLeague.dll" />
      <DeploymentItem filename="C:\Program Files\Typemock\Isolator\5.2\Typemock.ArrangeActAssert.dll" />
    </Deployment>
    <Hosts skipUnhostableTests="false" />
    <TestTypeSpecific />
  </TestRunConfiguration>
  <ResultSummary outcome="Error">
    <Counters total="27" executed="27" passed="25" error="0" failed="1" timeout="0" aborted="1" inconclusive="0" passedButRunAborted="0" notRunnable="0" notExecuted="0" disconnected="0" warning="0" completed="0" inProgress="0" pending="0" />
    <RunInfos>
      <RunInfo computerName="LOOSEY" outcome="Error" timestamp="2009-03-01T19:57:20.8876736-05:00">
        <Text>Test host process exited unexpectedly.</Text>
      </RunInfo>
    </RunInfos>
  </ResultSummary>
  <Times creation="2009-03-01T19:56:10.2661248-05:00" queuing="2009-03-01T19:56:15.3033680-05:00" start="2009-03-01T19:56:16.6953696-05:00" finish="2009-03-01T19:57:20.8876736-05:00" />
  <TestDefinitions>
    <UnitTest name="ConstructorSetsPropertiesToDefaultValues" storage="c:\documents and settings\kurt\my documents\visual studio 2008\projects\horseleague.tests\bin\debug\horseleague.tests.dll" id="1ce65521-0241-6d29-9776-bd65fa9f09d5">
      <Css projectStructure="" iteration="" />
      <Owners>
        <Owner name="" />
      </Owners>
      <Execution id="3ea0585f-2294-4a9c-a0cf-6b086d2f8368" />
      <TestMethod codeBase="C:\Documents and Settings\Kurt\My Documents\Visual Studio 2008\Projects\HorseLeague.Tests\bin\Debug\HorseLeague.Tests.dll" adapterTypeName="Microsoft.VisualStudio.TestTools.TestTypes.Unit.UnitTestAdapter, Microsoft.VisualStudio.QualityTools.Tips.UnitTest.Adapter, Version=9.0.0.0, Culture=neutral, PublicKeyToken=b03f5f7f11d50a3a" className="HorseLeague.Tests.Controllers.AccountControllerTest, HorseLeague.Tests" name="ConstructorSetsPropertiesToDefaultValues" />
    </UnitTest>
    <UnitTest name="RegisterPostReturnsViewIfNewPasswordDoesNotMatchConfirmPassword" storage="c:\documents and settings\kurt\my documents\visual studio 2008\projects\horseleague.tests\bin\debug\horseleague.tests.dll" id="e71c200c-6df8-01cf-9b57-16d2d6df888c">
      <Css projectStructure="" iteration="" />
      <Owners>
        <Owner name="" />
      </Owners>
      <Execution id="71410942-b386-4967-b92f-c9fb7a9f38d8" />
      <TestMethod codeBase="C:\Documents and Settings\Kurt\My Documents\Visual Studio 2008\Projects\HorseLeague.Tests\bin\Debug\HorseLeague.Tests.dll" adapterTypeName="Microsoft.VisualStudio.TestTools.TestTypes.Unit.UnitTestAdapter, Microsoft.VisualStudio.QualityTools.Tips.UnitTest.Adapter, Version=9.0.0.0, Culture=neutral, PublicKeyToken=b03f5f7f11d50a3a" className="HorseLeague.Tests.Controllers.AccountControllerTest, HorseLeague.Tests" name="RegisterPostReturnsViewIfNewPasswordDoesNotMatchConfirmPassword" />
    </UnitTest>
    <UnitTest name="LoginPostRedirectsToReturnUrlIfLoginSuccessfulAndReturnUrlGiven" storage="c:\documents and settings\kurt\my documents\visual studio 2008\projects\horseleague.tests\bin\debug\horseleague.tests.dll" id="cc48d018-769a-738e-6b7a-d443b2dfe52f">
      <Css projectStructure="" iteration="" />
      <Owners>
        <Owner name="" />
      </Owners>
      <Execution id="21b98714-3c39-4197-bd84-c07746105732" />
      <TestMethod codeBase="C:\Documents and Settings\Kurt\My Documents\Visual Studio 2008\Projects\HorseLeague.Tests\bin\Debug\HorseLeague.Tests.dll" adapterTypeName="Microsoft.VisualStudio.TestTools.TestTypes.Unit.UnitTestAdapter, Microsoft.VisualStudio.QualityTools.Tips.UnitTest.Adapter, Version=9.0.0.0, Culture=neutral, PublicKeyToken=b03f5f7f11d50a3a" className="HorseLeague.Tests.Controllers.AccountControllerTest, HorseLeague.Tests" name="LoginPostRedirectsToReturnUrlIfLoginSuccessfulAndReturnUrlGiven" />
    </UnitTest>
    <UnitTest name="ChangePasswordPostReturnsViewIfNewPasswordDoesNotMatchConfirmPassword" storage="c:\documents and settings\kurt\my documents\visual studio 2008\projects\horseleague.tests\bin\debug\horseleague.tests.dll" id="d41b7c0c-336f-a7c0-db53-01a33c0e50f6">
      <Css projectStructure="" iteration="" />
      <Owners>
        <Owner name="" />
      </Owners>
      <Execution id="328e8eaf-79ef-4522-96dd-088c4c7c958f" />
      <TestMethod codeBase="C:\Documents and Settings\Kurt\My Documents\Visual Studio 2008\Projects\HorseLeague.Tests\bin\Debug\HorseLeague.Tests.dll" adapterTypeName="Microsoft.VisualStudio.TestTools.TestTypes.Unit.UnitTestAdapter, Microsoft.VisualStudio.QualityTools.Tips.UnitTest.Adapter, Version=9.0.0.0, Culture=neutral, PublicKeyToken=b03f5f7f11d50a3a" className="HorseLeague.Tests.Controllers.AccountControllerTest, HorseLeague.Tests" name="ChangePasswordPostReturnsViewIfNewPasswordDoesNotMatchConfirmPassword" />
    </UnitTest>
    <UnitTest name="RegisterPostReturnsViewIfEmailNotSpecified" storage="c:\documents and settings\kurt\my documents\visual studio 2008\projects\horseleague.tests\bin\debug\horseleague.tests.dll" id="87a0c7d1-ebf9-66fc-2675-f71a7adf6632">
      <Css projectStructure="" iteration="" />
      <Owners>
        <Owner name="" />
      </Owners>
      <Execution id="29d8464a-7ec9-4a6b-b155-d911f68f96fc" />
      <TestMethod codeBase="C:\Documents and Settings\Kurt\My Documents\Visual Studio 2008\Projects\HorseLeague.Tests\bin\Debug\HorseLeague.Tests.dll" adapterTypeName="Microsoft.VisualStudio.TestTools.TestTypes.Unit.UnitTestAdapter, Microsoft.VisualStudio.QualityTools.Tips.UnitTest.Adapter, Version=9.0.0.0, Culture=neutral, PublicKeyToken=b03f5f7f11d50a3a" className="HorseLeague.Tests.Controllers.AccountControllerTest, HorseLeague.Tests" name="RegisterPostReturnsViewIfEmailNotSpecified" />
    </UnitTest>
    <UnitTest name="RegisterPostRedirectsHomeIfRegistrationSuccessful" storage="c:\documents and settings\kurt\my documents\visual studio 2008\projects\horseleague.tests\bin\debug\horseleague.tests.dll" id="ad657288-279d-6d86-3bcf-3cd96aa1f8d2">
      <Css projectStructure="" iteration="" />
      <Owners>
        <Owner name="" />
      </Owners>
      <Execution id="ea72f349-514b-4c28-b040-bae7782e5eaf" />
      <TestMethod codeBase="C:\Documents and Settings\Kurt\My Documents\Visual Studio 2008\Projects\HorseLeague.Tests\bin\Debug\HorseLeague.Tests.dll" adapterTypeName="Microsoft.VisualStudio.TestTools.TestTypes.Unit.UnitTestAdapter, Microsoft.VisualStudio.QualityTools.Tips.UnitTest.Adapter, Version=9.0.0.0, Culture=neutral, PublicKeyToken=b03f5f7f11d50a3a" className="HorseLeague.Tests.Controllers.AccountControllerTest, HorseLeague.Tests" name="RegisterPostRedirectsHomeIfRegistrationSuccessful" />
    </UnitTest>
    <UnitTest name="LoginPostReturnsViewIfUsernameNotSpecified" storage="c:\documents and settings\kurt\my documents\visual studio 2008\projects\horseleague.tests\bin\debug\horseleague.tests.dll" id="3809c6bd-13aa-04b2-8c2b-8729504ec38b">
      <Css projectStructure="" iteration="" />
      <Owners>
        <Owner name="" />
      </Owners>
      <Execution id="95c29901-f013-4278-af08-10d902cbb3a4" />
      <TestMethod codeBase="C:\Documents and Settings\Kurt\My Documents\Visual Studio 2008\Projects\HorseLeague.Tests\bin\Debug\HorseLeague.Tests.dll" adapterTypeName="Microsoft.VisualStudio.TestTools.TestTypes.Unit.UnitTestAdapter, Microsoft.VisualStudio.QualityTools.Tips.UnitTest.Adapter, Version=9.0.0.0, Culture=neutral, PublicKeyToken=b03f5f7f11d50a3a" className="HorseLeague.Tests.Controllers.AccountControllerTest, HorseLeague.Tests" name="LoginPostReturnsViewIfUsernameNotSpecified" />
    </UnitTest>
    <UnitTest name="RegisterPostReturnsViewIfPasswordIsTooShort" storage="c:\documents and settings\kurt\my documents\visual studio 2008\projects\horseleague.tests\bin\debug\horseleague.tests.dll" id="26aff360-adad-f0de-ca05-32e8d94dc8d5">
      <Css projectStructure="" iteration="" />
      <Owners>
        <Owner name="" />
      </Owners>
      <Execution id="2a1a0af8-8455-4e85-b13d-fe387c97b344" />
      <TestMethod codeBase="C:\Documents and Settings\Kurt\My Documents\Visual Studio 2008\Projects\HorseLeague.Tests\bin\Debug\HorseLeague.Tests.dll" adapterTypeName="Microsoft.VisualStudio.TestTools.TestTypes.Unit.UnitTestAdapter, Microsoft.VisualStudio.QualityTools.Tips.UnitTest.Adapter, Version=9.0.0.0, Culture=neutral, PublicKeyToken=b03f5f7f11d50a3a" className="HorseLeague.Tests.Controllers.AccountControllerTest, HorseLeague.Tests" name="RegisterPostReturnsViewIfPasswordIsTooShort" />
    </UnitTest>
    <UnitTest name="ChangePasswordGetReturnsView" storage="c:\documents and settings\kurt\my documents\visual studio 2008\projects\horseleague.tests\bin\debug\horseleague.tests.dll" id="ba4b6c00-73ed-4116-b355-d9d4ad3395ff">
      <Css projectStructure="" iteration="" />
      <Owners>
        <Owner name="" />
      </Owners>
      <Execution id="7edeacf4-f214-41c1-9fde-b9d10d92677e" />
      <TestMethod codeBase="C:\Documents and Settings\Kurt\My Documents\Visual Studio 2008\Projects\HorseLeague.Tests\bin\Debug\HorseLeague.Tests.dll" adapterTypeName="Microsoft.VisualStudio.TestTools.TestTypes.Unit.UnitTestAdapter, Microsoft.VisualStudio.QualityTools.Tips.UnitTest.Adapter, Version=9.0.0.0, Culture=neutral, PublicKeyToken=b03f5f7f11d50a3a" className="HorseLeague.Tests.Controllers.AccountControllerTest, HorseLeague.Tests" name="ChangePasswordGetReturnsView" />
    </UnitTest>
    <UnitTest name="ChangePasswordPostReturnsViewIfNewPasswordIsTooShort" storage="c:\documents and settings\kurt\my documents\visual studio 2008\projects\horseleague.tests\bin\debug\horseleague.tests.dll" id="dff5879f-c523-be98-f346-0624155cc91d">
      <Css projectStructure="" iteration="" />
      <Owners>
        <Owner name="" />
      </Owners>
      <Execution id="655635c4-67ba-4b4b-a518-8282e902f16c" />
      <TestMethod codeBase="C:\Documents and Settings\Kurt\My Documents\Visual Studio 2008\Projects\HorseLeague.Tests\bin\Debug\HorseLeague.Tests.dll" adapterTypeName="Microsoft.VisualStudio.TestTools.TestTypes.Unit.UnitTestAdapter, Microsoft.VisualStudio.QualityTools.Tips.UnitTest.Adapter, Version=9.0.0.0, Culture=neutral, PublicKeyToken=b03f5f7f11d50a3a" className="HorseLeague.Tests.Controllers.AccountControllerTest, HorseLeague.Tests" name="ChangePasswordPostReturnsViewIfNewPasswordIsTooShort" />
    </UnitTest>
    <UnitTest name="ConstructorSetsProperties" storage="c:\documents and settings\kurt\my documents\visual studio 2008\projects\horseleague.tests\bin\debug\horseleague.tests.dll" id="d3f4c6d4-158b-55d7-13ad-97ef8c52f141">
      <Css projectStructure="" iteration="" />
      <Owners>
        <Owner name="" />
      </Owners>
      <Execution id="2c49f010-7d05-431e-a631-60b6e5bba8a5" />
      <TestMethod codeBase="C:\Documents and Settings\Kurt\My Documents\Visual Studio 2008\Projects\HorseLeague.Tests\bin\Debug\HorseLeague.Tests.dll" adapterTypeName="Microsoft.VisualStudio.TestTools.TestTypes.Unit.UnitTestAdapter, Microsoft.VisualStudio.QualityTools.Tips.UnitTest.Adapter, Version=9.0.0.0, Culture=neutral, PublicKeyToken=b03f5f7f11d50a3a" className="HorseLeague.Tests.Controllers.AccountControllerTest, HorseLeague.Tests" name="ConstructorSetsProperties" />
    </UnitTest>
    <UnitTest name="ChangePasswordSuccess" storage="c:\documents and settings\kurt\my documents\visual studio 2008\projects\horseleague.tests\bin\debug\horseleague.tests.dll" id="4dbee2ce-2e61-0fae-887a-2407f7e17394">
      <Css projectStructure="" iteration="" />
      <Owners>
        <Owner name="" />
      </Owners>
      <Execution id="b3fc9ba9-49e4-4ae3-a0bd-0716651a6260" />
      <TestMethod codeBase="C:\Documents and Settings\Kurt\My Documents\Visual Studio 2008\Projects\HorseLeague.Tests\bin\Debug\HorseLeague.Tests.dll" adapterTypeName="Microsoft.VisualStudio.TestTools.TestTypes.Unit.UnitTestAdapter, Microsoft.VisualStudio.QualityTools.Tips.UnitTest.Adapter, Version=9.0.0.0, Culture=neutral, PublicKeyToken=b03f5f7f11d50a3a" className="HorseLeague.Tests.Controllers.AccountControllerTest, HorseLeague.Tests" name="ChangePasswordSuccess" />
    </UnitTest>
    <UnitTest name="LoginPostRedirectsHomeIfLoginSuccessfulButNoReturnUrlGiven" storage="c:\documents and settings\kurt\my documents\visual studio 2008\projects\horseleague.tests\bin\debug\horseleague.tests.dll" id="ff38476e-3b15-6555-e9e0-27c465560f13">
      <Css projectStructure="" iteration="" />
      <Owners>
        <Owner name="" />
      </Owners>
      <Execution id="2141691b-52a7-463a-b745-b74f95eff74c" />
      <TestMethod codeBase="C:\Documents and Settings\Kurt\My Documents\Visual Studio 2008\Projects\HorseLeague.Tests\bin\Debug\HorseLeague.Tests.dll" adapterTypeName="Microsoft.VisualStudio.TestTools.TestTypes.Unit.UnitTestAdapter, Microsoft.VisualStudio.QualityTools.Tips.UnitTest.Adapter, Version=9.0.0.0, Culture=neutral, PublicKeyToken=b03f5f7f11d50a3a" className="HorseLeague.Tests.Controllers.AccountControllerTest, HorseLeague.Tests" name="LoginPostRedirectsHomeIfLoginSuccessfulButNoReturnUrlGiven" />
    </UnitTest>
    <UnitTest name="RegisterPostReturnsViewIfRegistrationFails" storage="c:\documents and settings\kurt\my documents\visual studio 2008\projects\horseleague.tests\bin\debug\horseleague.tests.dll" id="c15998e8-14b8-755b-595e-1799a9b935ca">
      <Css projectStructure="" iteration="" />
      <Owners>
        <Owner name="" />
      </Owners>
      <Execution id="55cf4df1-394d-4a9d-860d-e869409e6e7f" />
      <TestMethod codeBase="C:\Documents and Settings\Kurt\My Documents\Visual Studio 2008\Projects\HorseLeague.Tests\bin\Debug\HorseLeague.Tests.dll" adapterTypeName="Microsoft.VisualStudio.TestTools.TestTypes.Unit.UnitTestAdapter, Microsoft.VisualStudio.QualityTools.Tips.UnitTest.Adapter, Version=9.0.0.0, Culture=neutral, PublicKeyToken=b03f5f7f11d50a3a" className="HorseLeague.Tests.Controllers.AccountControllerTest, HorseLeague.Tests" name="RegisterPostReturnsViewIfRegistrationFails" />
    </UnitTest>
    <UnitTest name="ChangePasswordPostRedirectsOnSuccess" storage="c:\documents and settings\kurt\my documents\visual studio 2008\projects\horseleague.tests\bin\debug\horseleague.tests.dll" id="6024cbe7-2915-1082-3f79-ffc094aea4c3">
      <Css projectStructure="" iteration="" />
      <Owners>
        <Owner name="" />
      </Owners>
      <Execution id="88668913-9453-4b10-ba51-e23e9ebca287" />
      <TestMethod codeBase="C:\Documents and Settings\Kurt\My Documents\Visual Studio 2008\Projects\HorseLeague.Tests\bin\Debug\HorseLeague.Tests.dll" adapterTypeName="Microsoft.VisualStudio.TestTools.TestTypes.Unit.UnitTestAdapter, Microsoft.VisualStudio.QualityTools.Tips.UnitTest.Adapter, Version=9.0.0.0, Culture=neutral, PublicKeyToken=b03f5f7f11d50a3a" className="HorseLeague.Tests.Controllers.AccountControllerTest, HorseLeague.Tests" name="ChangePasswordPostRedirectsOnSuccess" />
    </UnitTest>
    <UnitTest name="LoginGet" storage="c:\documents and settings\kurt\my documents\visual studio 2008\projects\horseleague.tests\bin\debug\horseleague.tests.dll" id="50185bfd-a133-e132-7553-29c9b60463d6">
      <Css projectStructure="" iteration="" />
      <Owners>
        <Owner name="" />
      </Owners>
      <Execution id="9bfd1e81-7750-4b98-bb42-65681ce38c9f" />
      <TestMethod codeBase="C:\Documents and Settings\Kurt\My Documents\Visual Studio 2008\Projects\HorseLeague.Tests\bin\Debug\HorseLeague.Tests.dll" adapterTypeName="Microsoft.VisualStudio.TestTools.TestTypes.Unit.UnitTestAdapter, Microsoft.VisualStudio.QualityTools.Tips.UnitTest.Adapter, Version=9.0.0.0, Culture=neutral, PublicKeyToken=b03f5f7f11d50a3a" className="HorseLeague.Tests.Controllers.AccountControllerTest, HorseLeague.Tests" name="LoginGet" />
    </UnitTest>
    <UnitTest name="RegisterGet" storage="c:\documents and settings\kurt\my documents\visual studio 2008\projects\horseleague.tests\bin\debug\horseleague.tests.dll" id="34adafae-7d3b-0c3f-56dd-6f0cce89c4e7">
      <Css projectStructure="" iteration="" />
      <Owners>
        <Owner name="" />
      </Owners>
      <Execution id="917e0138-5117-4bac-8e56-cfd41ba402b9" />
      <TestMethod codeBase="C:\Documents and Settings\Kurt\My Documents\Visual Studio 2008\Projects\HorseLeague.Tests\bin\Debug\HorseLeague.Tests.dll" adapterTypeName="Microsoft.VisualStudio.TestTools.TestTypes.Unit.UnitTestAdapter, Microsoft.VisualStudio.QualityTools.Tips.UnitTest.Adapter, Version=9.0.0.0, Culture=neutral, PublicKeyToken=b03f5f7f11d50a3a" className="HorseLeague.Tests.Controllers.AccountControllerTest, HorseLeague.Tests" name="RegisterGet" />
    </UnitTest>
    <UnitTest name="Index" storage="c:\documents and settings\kurt\my documents\visual studio 2008\projects\horseleague.tests\bin\debug\horseleague.tests.dll" id="1346796b-7059-be3c-bce2-51c71defb0f6">
      <Css projectStructure="" iteration="" />
      <Owners>
        <Owner name="" />
      </Owners>
      <Execution id="a8a4c117-8418-4243-bc69-98a57420516d" />
      <TestMethod codeBase="C:\Documents and Settings\Kurt\My Documents\Visual Studio 2008\Projects\HorseLeague.Tests\bin\Debug\HorseLeague.Tests.dll" adapterTypeName="Microsoft.VisualStudio.TestTools.TestTypes.Unit.UnitTestAdapter, Microsoft.VisualStudio.QualityTools.Tips.UnitTest.Adapter, Version=9.0.0.0, Culture=neutral, PublicKeyToken=b03f5f7f11d50a3a" className="HorseLeague.Tests.Controllers.HomeControllerTest, HorseLeague.Tests" name="Index" />
    </UnitTest>
    <UnitTest name="ChangePasswordPostReturnsViewIfCurrentPasswordNotSpecified" storage="c:\documents and settings\kurt\my documents\visual studio 2008\projects\horseleague.tests\bin\debug\horseleague.tests.dll" id="52c9455a-e431-2172-86b2-a8a649fdf1e6">
      <Css projectStructure="" iteration="" />
      <Owners>
        <Owner name="" />
      </Owners>
      <Execution id="33e0892c-19bf-4e0d-bec5-c6e44e0c0f93" />
      <TestMethod codeBase="C:\Documents and Settings\Kurt\My Documents\Visual Studio 2008\Projects\HorseLeague.Tests\bin\Debug\HorseLeague.Tests.dll" adapterTypeName="Microsoft.VisualStudio.TestTools.TestTypes.Unit.UnitTestAdapter, Microsoft.VisualStudio.QualityTools.Tips.UnitTest.Adapter, Version=9.0.0.0, Culture=neutral, PublicKeyToken=b03f5f7f11d50a3a" className="HorseLeague.Tests.Controllers.AccountControllerTest, HorseLeague.Tests" name="ChangePasswordPostReturnsViewIfCurrentPasswordNotSpecified" />
    </UnitTest>
    <UnitTest name="LogOff" storage="c:\documents and settings\kurt\my documents\visual studio 2008\projects\horseleague.tests\bin\debug\horseleague.tests.dll" id="42e78f32-b5fe-cc01-0041-f45f9bccc817">
      <Css projectStructure="" iteration="" />
      <Owners>
        <Owner name="" />
      </Owners>
      <Execution id="23732acf-d66f-4644-8071-a21675c4019d" />
      <TestMethod codeBase="C:\Documents and Settings\Kurt\My Documents\Visual Studio 2008\Projects\HorseLeague.Tests\bin\Debug\HorseLeague.Tests.dll" adapterTypeName="Microsoft.VisualStudio.TestTools.TestTypes.Unit.UnitTestAdapter, Microsoft.VisualStudio.QualityTools.Tips.UnitTest.Adapter, Version=9.0.0.0, Culture=neutral, PublicKeyToken=b03f5f7f11d50a3a" className="HorseLeague.Tests.Controllers.AccountControllerTest, HorseLeague.Tests" name="LogOff" />
    </UnitTest>
    <UnitTest name="LoginPostReturnsViewIfUsernameOrPasswordIsIncorrect" storage="c:\documents and settings\kurt\my documents\visual studio 2008\projects\horseleague.tests\bin\debug\horseleague.tests.dll" id="4323cd6b-27c2-f28d-0509-255fefff7e15">
      <Css projectStructure="" iteration="" />
      <Owners>
        <Owner name="" />
      </Owners>
      <Execution id="3dd9c0f5-410b-4385-97bd-b8a249282531" />
      <TestMethod codeBase="C:\Documents and Settings\Kurt\My Documents\Visual Studio 2008\Projects\HorseLeague.Tests\bin\Debug\HorseLeague.Tests.dll" adapterTypeName="Microsoft.VisualStudio.TestTools.TestTypes.Unit.UnitTestAdapter, Microsoft.VisualStudio.QualityTools.Tips.UnitTest.Adapter, Version=9.0.0.0, Culture=neutral, PublicKeyToken=b03f5f7f11d50a3a" className="HorseLeague.Tests.Controllers.AccountControllerTest, HorseLeague.Tests" name="LoginPostReturnsViewIfUsernameOrPasswordIsIncorrect" />
    </UnitTest>
    <UnitTest name="ChangePasswordPostReturnsViewIfProviderRejectsPassword" storage="c:\documents and settings\kurt\my documents\visual studio 2008\projects\horseleague.tests\bin\debug\horseleague.tests.dll" id="af34b776-e106-332b-e4a5-f7d02bcbe584">
      <Css projectStructure="" iteration="" />
      <Owners>
        <Owner name="" />
      </Owners>
      <Execution id="c33bcda5-cfef-4169-935d-8da4820b45c2" />
      <TestMethod codeBase="C:\Documents and Settings\Kurt\My Documents\Visual Studio 2008\Projects\HorseLeague.Tests\bin\Debug\HorseLeague.Tests.dll" adapterTypeName="Microsoft.VisualStudio.TestTools.TestTypes.Unit.UnitTestAdapter, Microsoft.VisualStudio.QualityTools.Tips.UnitTest.Adapter, Version=9.0.0.0, Culture=neutral, PublicKeyToken=b03f5f7f11d50a3a" className="HorseLeague.Tests.Controllers.AccountControllerTest, HorseLeague.Tests" name="ChangePasswordPostReturnsViewIfProviderRejectsPassword" />
    </UnitTest>
    <UnitTest name="TestIndex" storage="c:\documents and settings\kurt\my documents\visual studio 2008\projects\horseleague.tests\bin\debug\horseleague.tests.dll" id="47e7ba33-da58-e786-1344-d54d48f0b815">
      <Css projectStructure="" iteration="" />
      <Owners>
        <Owner name="" />
      </Owners>
      <Execution id="6e36916e-68e3-454e-8a37-300c0d6bb799" />
      <TestMethod codeBase="C:\Documents and Settings\Kurt\My Documents\Visual Studio 2008\Projects\HorseLeague.Tests\bin\Debug\HorseLeague.Tests.dll" adapterTypeName="Microsoft.VisualStudio.TestTools.TestTypes.Unit.UnitTestAdapter, Microsoft.VisualStudio.QualityTools.Tips.UnitTest.Adapter, Version=9.0.0.0, Culture=neutral, PublicKeyToken=b03f5f7f11d50a3a" className="HorseLeague.Tests.Controllers.ResultsControllerTest, HorseLeague.Tests" name="TestIndex" />
    </UnitTest>
    <UnitTest name="RegisterPostReturnsViewIfPasswordIsNull" storage="c:\documents and settings\kurt\my documents\visual studio 2008\projects\horseleague.tests\bin\debug\horseleague.tests.dll" id="6e649981-a712-fcba-094a-a2df73ccb7cd">
      <Css projectStructure="" iteration="" />
      <Owners>
        <Owner name="" />
      </Owners>
      <Execution id="01284f71-91af-4206-8991-d221bd8f2c17" />
      <TestMethod codeBase="C:\Documents and Settings\Kurt\My Documents\Visual Studio 2008\Projects\HorseLeague.Tests\bin\Debug\HorseLeague.Tests.dll" adapterTypeName="Microsoft.VisualStudio.TestTools.TestTypes.Unit.UnitTestAdapter, Microsoft.VisualStudio.QualityTools.Tips.UnitTest.Adapter, Version=9.0.0.0, Culture=neutral, PublicKeyToken=b03f5f7f11d50a3a" className="HorseLeague.Tests.Controllers.AccountControllerTest, HorseLeague.Tests" name="RegisterPostReturnsViewIfPasswordIsNull" />
    </UnitTest>
    <UnitTest name="RegisterPostReturnsViewIfUsernameNotSpecified" storage="c:\documents and settings\kurt\my documents\visual studio 2008\projects\horseleague.tests\bin\debug\horseleague.tests.dll" id="c3d46fc6-a1a9-40d7-62a4-8e551119d5fa">
      <Css projectStructure="" iteration="" />
      <Owners>
        <Owner name="" />
      </Owners>
      <Execution id="f4d72f4d-9ceb-4592-8cc2-0d126adea0aa" />
      <TestMethod codeBase="C:\Documents and Settings\Kurt\My Documents\Visual Studio 2008\Projects\HorseLeague.Tests\bin\Debug\HorseLeague.Tests.dll" adapterTypeName="Microsoft.VisualStudio.TestTools.TestTypes.Unit.UnitTestAdapter, Microsoft.VisualStudio.QualityTools.Tips.UnitTest.Adapter, Version=9.0.0.0, Culture=neutral, PublicKeyToken=b03f5f7f11d50a3a" className="HorseLeague.Tests.Controllers.AccountControllerTest, HorseLeague.Tests" name="RegisterPostReturnsViewIfUsernameNotSpecified" />
    </UnitTest>
    <UnitTest name="LoginPostReturnsViewIfPasswordNotSpecified" storage="c:\documents and settings\kurt\my documents\visual studio 2008\projects\horseleague.tests\bin\debug\horseleague.tests.dll" id="e7e19c47-4346-6b89-f222-32fc510afa7d">
      <Css projectStructure="" iteration="" />
      <Owners>
        <Owner name="" />
      </Owners>
      <Execution id="7ff57adf-676f-4657-9cd2-a85a0a22dfa9" />
      <TestMethod codeBase="C:\Documents and Settings\Kurt\My Documents\Visual Studio 2008\Projects\HorseLeague.Tests\bin\Debug\HorseLeague.Tests.dll" adapterTypeName="Microsoft.VisualStudio.TestTools.TestTypes.Unit.UnitTestAdapter, Microsoft.VisualStudio.QualityTools.Tips.UnitTest.Adapter, Version=9.0.0.0, Culture=neutral, PublicKeyToken=b03f5f7f11d50a3a" className="HorseLeague.Tests.Controllers.AccountControllerTest, HorseLeague.Tests" name="LoginPostReturnsViewIfPasswordNotSpecified" />
    </UnitTest>
    <UnitTest name="ChangePasswordPostReturnsViewIfNewPasswordIsNull" storage="c:\documents and settings\kurt\my documents\visual studio 2008\projects\horseleague.tests\bin\debug\horseleague.tests.dll" id="dbf59b11-b36e-ce6f-5531-2370aed6e369">
      <Css projectStructure="" iteration="" />
      <Owners>
        <Owner name="" />
      </Owners>
      <Execution id="badfcd60-34cc-4b89-95a5-794afb3771af" />
      <TestMethod codeBase="C:\Documents and Settings\Kurt\My Documents\Visual Studio 2008\Projects\HorseLeague.Tests\bin\Debug\HorseLeague.Tests.dll" adapterTypeName="Microsoft.VisualStudio.TestTools.TestTypes.Unit.UnitTestAdapter, Microsoft.VisualStudio.QualityTools.Tips.UnitTest.Adapter, Version=9.0.0.0, Culture=neutral, PublicKeyToken=b03f5f7f11d50a3a" className="HorseLeague.Tests.Controllers.AccountControllerTest, HorseLeague.Tests" name="ChangePasswordPostReturnsViewIfNewPasswordIsNull" />
    </UnitTest>
  </TestDefinitions>
  <TestLists>
    <TestList name="Results Not in a List" id="8c84fa94-04c1-424b-9868-57a2d4851a1d" />
    <TestList name="All Loaded Results" id="19431567-8539-422a-85d7-44ee4e166bda" />
  </TestLists>
  <TestEntries>
    <TestEntry testId="ba4b6c00-73ed-4116-b355-d9d4ad3395ff" executionId="7edeacf4-f214-41c1-9fde-b9d10d92677e" testListId="8c84fa94-04c1-424b-9868-57a2d4851a1d" />
    <TestEntry testId="6024cbe7-2915-1082-3f79-ffc094aea4c3" executionId="88668913-9453-4b10-ba51-e23e9ebca287" testListId="8c84fa94-04c1-424b-9868-57a2d4851a1d" />
    <TestEntry testId="52c9455a-e431-2172-86b2-a8a649fdf1e6" executionId="33e0892c-19bf-4e0d-bec5-c6e44e0c0f93" testListId="8c84fa94-04c1-424b-9868-57a2d4851a1d" />
    <TestEntry testId="d41b7c0c-336f-a7c0-db53-01a33c0e50f6" executionId="328e8eaf-79ef-4522-96dd-088c4c7c958f" testListId="8c84fa94-04c1-424b-9868-57a2d4851a1d" />
    <TestEntry testId="dbf59b11-b36e-ce6f-5531-2370aed6e369" executionId="badfcd60-34cc-4b89-95a5-794afb3771af" testListId="8c84fa94-04c1-424b-9868-57a2d4851a1d" />
    <TestEntry testId="dff5879f-c523-be98-f346-0624155cc91d" executionId="655635c4-67ba-4b4b-a518-8282e902f16c" testListId="8c84fa94-04c1-424b-9868-57a2d4851a1d" />
    <TestEntry testId="af34b776-e106-332b-e4a5-f7d02bcbe584" executionId="c33bcda5-cfef-4169-935d-8da4820b45c2" testListId="8c84fa94-04c1-424b-9868-57a2d4851a1d" />
    <TestEntry testId="4dbee2ce-2e61-0fae-887a-2407f7e17394" executionId="b3fc9ba9-49e4-4ae3-a0bd-0716651a6260" testListId="8c84fa94-04c1-424b-9868-57a2d4851a1d" />
    <TestEntry testId="d3f4c6d4-158b-55d7-13ad-97ef8c52f141" executionId="2c49f010-7d05-431e-a631-60b6e5bba8a5" testListId="8c84fa94-04c1-424b-9868-57a2d4851a1d" />
    <TestEntry testId="1ce65521-0241-6d29-9776-bd65fa9f09d5" executionId="3ea0585f-2294-4a9c-a0cf-6b086d2f8368" testListId="8c84fa94-04c1-424b-9868-57a2d4851a1d" />
    <TestEntry testId="50185bfd-a133-e132-7553-29c9b60463d6" executionId="9bfd1e81-7750-4b98-bb42-65681ce38c9f" testListId="8c84fa94-04c1-424b-9868-57a2d4851a1d" />
    <TestEntry testId="ff38476e-3b15-6555-e9e0-27c465560f13" executionId="2141691b-52a7-463a-b745-b74f95eff74c" testListId="8c84fa94-04c1-424b-9868-57a2d4851a1d" />
    <TestEntry testId="cc48d018-769a-738e-6b7a-d443b2dfe52f" executionId="21b98714-3c39-4197-bd84-c07746105732" testListId="8c84fa94-04c1-424b-9868-57a2d4851a1d" />
    <TestEntry testId="e7e19c47-4346-6b89-f222-32fc510afa7d" executionId="7ff57adf-676f-4657-9cd2-a85a0a22dfa9" testListId="8c84fa94-04c1-424b-9868-57a2d4851a1d" />
    <TestEntry testId="3809c6bd-13aa-04b2-8c2b-8729504ec38b" executionId="95c29901-f013-4278-af08-10d902cbb3a4" testListId="8c84fa94-04c1-424b-9868-57a2d4851a1d" />
    <TestEntry testId="4323cd6b-27c2-f28d-0509-255fefff7e15" executionId="3dd9c0f5-410b-4385-97bd-b8a249282531" testListId="8c84fa94-04c1-424b-9868-57a2d4851a1d" />
    <TestEntry testId="42e78f32-b5fe-cc01-0041-f45f9bccc817" executionId="23732acf-d66f-4644-8071-a21675c4019d" testListId="8c84fa94-04c1-424b-9868-57a2d4851a1d" />
    <TestEntry testId="34adafae-7d3b-0c3f-56dd-6f0cce89c4e7" executionId="917e0138-5117-4bac-8e56-cfd41ba402b9" testListId="8c84fa94-04c1-424b-9868-57a2d4851a1d" />
    <TestEntry testId="ad657288-279d-6d86-3bcf-3cd96aa1f8d2" executionId="ea72f349-514b-4c28-b040-bae7782e5eaf" testListId="8c84fa94-04c1-424b-9868-57a2d4851a1d" />
    <TestEntry testId="87a0c7d1-ebf9-66fc-2675-f71a7adf6632" executionId="29d8464a-7ec9-4a6b-b155-d911f68f96fc" testListId="8c84fa94-04c1-424b-9868-57a2d4851a1d" />
    <TestEntry testId="e71c200c-6df8-01cf-9b57-16d2d6df888c" executionId="71410942-b386-4967-b92f-c9fb7a9f38d8" testListId="8c84fa94-04c1-424b-9868-57a2d4851a1d" />
    <TestEntry testId="6e649981-a712-fcba-094a-a2df73ccb7cd" executionId="01284f71-91af-4206-8991-d221bd8f2c17" testListId="8c84fa94-04c1-424b-9868-57a2d4851a1d" />
    <TestEntry testId="26aff360-adad-f0de-ca05-32e8d94dc8d5" executionId="2a1a0af8-8455-4e85-b13d-fe387c97b344" testListId="8c84fa94-04c1-424b-9868-57a2d4851a1d" />
    <TestEntry testId="c15998e8-14b8-755b-595e-1799a9b935ca" executionId="55cf4df1-394d-4a9d-860d-e869409e6e7f" testListId="8c84fa94-04c1-424b-9868-57a2d4851a1d" />
    <TestEntry testId="c3d46fc6-a1a9-40d7-62a4-8e551119d5fa" executionId="f4d72f4d-9ceb-4592-8cc2-0d126adea0aa" testListId="8c84fa94-04c1-424b-9868-57a2d4851a1d" />
    <TestEntry testId="1346796b-7059-be3c-bce2-51c71defb0f6" executionId="a8a4c117-8418-4243-bc69-98a57420516d" testListId="8c84fa94-04c1-424b-9868-57a2d4851a1d" />
    <TestEntry testId="47e7ba33-da58-e786-1344-d54d48f0b815" executionId="d0bef9f4-7302-4e5b-bfdf-db3ef2a7cf40" testListId="8c84fa94-04c1-424b-9868-57a2d4851a1d" />
  </TestEntries>
  <Results>
    <UnitTestResult executionId="7edeacf4-f214-41c1-9fde-b9d10d92677e" testId="ba4b6c00-73ed-4116-b355-d9d4ad3395ff" testName="ChangePasswordGetReturnsView" computerName="LOOSEY" duration="00:00:00.3031874" startTime="2009-03-01T19:56:17.0158304-05:00" endTime="2009-03-01T19:56:18.3677744-05:00" testType="13cdc9d9-ddb5-4fa4-a97d-d965ccfc6d4b" outcome="Passed" testListId="8c84fa94-04c1-424b-9868-57a2d4851a1d">
      <Output>
      </Output>
    </UnitTestResult>
    <UnitTestResult executionId="88668913-9453-4b10-ba51-e23e9ebca287" testId="6024cbe7-2915-1082-3f79-ffc094aea4c3" testName="ChangePasswordPostRedirectsOnSuccess" computerName="LOOSEY" duration="00:00:00.0755651" startTime="2009-03-01T19:56:18.3878032-05:00" endTime="2009-03-01T19:56:18.4779328-05:00" testType="13cdc9d9-ddb5-4fa4-a97d-d965ccfc6d4b" outcome="Passed" testListId="8c84fa94-04c1-424b-9868-57a2d4851a1d">
      <Output>
      </Output>
    </UnitTestResult>
    <UnitTestResult executionId="33e0892c-19bf-4e0d-bec5-c6e44e0c0f93" testId="52c9455a-e431-2172-86b2-a8a649fdf1e6" testName="ChangePasswordPostReturnsViewIfCurrentPasswordNotSpecified" computerName="LOOSEY" duration="00:00:00.0377265" startTime="2009-03-01T19:56:18.4879472-05:00" endTime="2009-03-01T19:56:18.5480336-05:00" testType="13cdc9d9-ddb5-4fa4-a97d-d965ccfc6d4b" outcome="Passed" testListId="8c84fa94-04c1-424b-9868-57a2d4851a1d">
      <Output>
      </Output>
    </UnitTestResult>
    <UnitTestResult executionId="328e8eaf-79ef-4522-96dd-088c4c7c958f" testId="d41b7c0c-336f-a7c0-db53-01a33c0e50f6" testName="ChangePasswordPostReturnsViewIfNewPasswordDoesNotMatchConfirmPassword" computerName="LOOSEY" duration="00:00:00.0023505" startTime="2009-03-01T19:56:18.5580480-05:00" endTime="2009-03-01T19:56:18.5680624-05:00" testType="13cdc9d9-ddb5-4fa4-a97d-d965ccfc6d4b" outcome="Passed" testListId="8c84fa94-04c1-424b-9868-57a2d4851a1d">
      <Output>
      </Output>
    </UnitTestResult>
    <UnitTestResult executionId="badfcd60-34cc-4b89-95a5-794afb3771af" testId="dbf59b11-b36e-ce6f-5531-2370aed6e369" testName="ChangePasswordPostReturnsViewIfNewPasswordIsNull" computerName="LOOSEY" duration="00:00:00.0035904" startTime="2009-03-01T19:56:18.5780768-05:00" endTime="2009-03-01T19:56:18.5981056-05:00" testType="13cdc9d9-ddb5-4fa4-a97d-d965ccfc6d4b" outcome="Passed" testListId="8c84fa94-04c1-424b-9868-57a2d4851a1d">
      <Output>
      </Output>
    </UnitTestResult>
    <UnitTestResult executionId="655635c4-67ba-4b4b-a518-8282e902f16c" testId="dff5879f-c523-be98-f346-0624155cc91d" testName="ChangePasswordPostReturnsViewIfNewPasswordIsTooShort" computerName="LOOSEY" duration="00:00:00.0027277" startTime="2009-03-01T19:56:18.6281488-05:00" endTime="2009-03-01T19:56:18.6481776-05:00" testType="13cdc9d9-ddb5-4fa4-a97d-d965ccfc6d4b" outcome="Passed" testListId="8c84fa94-04c1-424b-9868-57a2d4851a1d">
      <Output>
      </Output>
    </UnitTestResult>
    <UnitTestResult executionId="c33bcda5-cfef-4169-935d-8da4820b45c2" testId="af34b776-e106-332b-e4a5-f7d02bcbe584" testName="ChangePasswordPostReturnsViewIfProviderRejectsPassword" computerName="LOOSEY" duration="00:00:00.0023321" startTime="2009-03-01T19:56:18.6581920-05:00" endTime="2009-03-01T19:56:18.6782208-05:00" testType="13cdc9d9-ddb5-4fa4-a97d-d965ccfc6d4b" outcome="Passed" testListId="8c84fa94-04c1-424b-9868-57a2d4851a1d">
      <Output>
      </Output>
    </UnitTestResult>
    <UnitTestResult executionId="b3fc9ba9-49e4-4ae3-a0bd-0716651a6260" testId="4dbee2ce-2e61-0fae-887a-2407f7e17394" testName="ChangePasswordSuccess" computerName="LOOSEY" duration="00:00:00.0037907" startTime="2009-03-01T19:56:18.6782208-05:00" endTime="2009-03-01T19:56:18.7082640-05:00" testType="13cdc9d9-ddb5-4fa4-a97d-d965ccfc6d4b" outcome="Passed" testListId="8c84fa94-04c1-424b-9868-57a2d4851a1d">
      <Output>
      </Output>
    </UnitTestResult>
    <UnitTestResult executionId="2c49f010-7d05-431e-a631-60b6e5bba8a5" testId="d3f4c6d4-158b-55d7-13ad-97ef8c52f141" testName="ConstructorSetsProperties" computerName="LOOSEY" duration="00:00:01.0004615" startTime="2009-03-01T19:56:18.7082640-05:00" endTime="2009-03-01T19:56:19.7297328-05:00" testType="13cdc9d9-ddb5-4fa4-a97d-d965ccfc6d4b" outcome="Passed" testListId="8c84fa94-04c1-424b-9868-57a2d4851a1d">
      <Output>
      </Output>
    </UnitTestResult>
    <UnitTestResult executionId="3ea0585f-2294-4a9c-a0cf-6b086d2f8368" testId="1ce65521-0241-6d29-9776-bd65fa9f09d5" testName="ConstructorSetsPropertiesToDefaultValues" computerName="LOOSEY" duration="00:00:00.0064027" startTime="2009-03-01T19:56:19.7898192-05:00" endTime="2009-03-01T19:56:19.8198624-05:00" testType="13cdc9d9-ddb5-4fa4-a97d-d965ccfc6d4b" outcome="Passed" testListId="8c84fa94-04c1-424b-9868-57a2d4851a1d">
      <Output>
      </Output>
    </UnitTestResult>
    <UnitTestResult executionId="9bfd1e81-7750-4b98-bb42-65681ce38c9f" testId="50185bfd-a133-e132-7553-29c9b60463d6" testName="LoginGet" computerName="LOOSEY" duration="00:00:00.0034328" startTime="2009-03-01T19:56:19.8298768-05:00" endTime="2009-03-01T19:56:19.8499056-05:00" testType="13cdc9d9-ddb5-4fa4-a97d-d965ccfc6d4b" outcome="Passed" testListId="8c84fa94-04c1-424b-9868-57a2d4851a1d">
      <Output>
      </Output>
    </UnitTestResult>
    <UnitTestResult executionId="2141691b-52a7-463a-b745-b74f95eff74c" testId="ff38476e-3b15-6555-e9e0-27c465560f13" testName="LoginPostRedirectsHomeIfLoginSuccessfulButNoReturnUrlGiven" computerName="LOOSEY" duration="00:00:00.0139936" startTime="2009-03-01T19:56:19.8599200-05:00" endTime="2009-03-01T19:56:19.8899632-05:00" testType="13cdc9d9-ddb5-4fa4-a97d-d965ccfc6d4b" outcome="Passed" testListId="8c84fa94-04c1-424b-9868-57a2d4851a1d">
      <Output>
      </Output>
    </UnitTestResult>
    <UnitTestResult executionId="21b98714-3c39-4197-bd84-c07746105732" testId="cc48d018-769a-738e-6b7a-d443b2dfe52f" testName="LoginPostRedirectsToReturnUrlIfLoginSuccessfulAndReturnUrlGiven" computerName="LOOSEY" duration="00:00:00.0075422" startTime="2009-03-01T19:56:19.8999776-05:00" endTime="2009-03-01T19:56:19.9200064-05:00" testType="13cdc9d9-ddb5-4fa4-a97d-d965ccfc6d4b" outcome="Passed" testListId="8c84fa94-04c1-424b-9868-57a2d4851a1d">
      <Output>
      </Output>
    </UnitTestResult>
    <UnitTestResult executionId="7ff57adf-676f-4657-9cd2-a85a0a22dfa9" testId="e7e19c47-4346-6b89-f222-32fc510afa7d" testName="LoginPostReturnsViewIfPasswordNotSpecified" computerName="LOOSEY" duration="00:00:00.0022695" startTime="2009-03-01T19:56:19.9300208-05:00" endTime="2009-03-01T19:56:19.9400352-05:00" testType="13cdc9d9-ddb5-4fa4-a97d-d965ccfc6d4b" outcome="Passed" testListId="8c84fa94-04c1-424b-9868-57a2d4851a1d">
      <Output>
      </Output>
    </UnitTestResult>
    <UnitTestResult executionId="95c29901-f013-4278-af08-10d902cbb3a4" testId="3809c6bd-13aa-04b2-8c2b-8729504ec38b" testName="LoginPostReturnsViewIfUsernameNotSpecified" computerName="LOOSEY" duration="00:00:00.0027844" startTime="2009-03-01T19:56:19.9500496-05:00" endTime="2009-03-01T19:56:19.9700784-05:00" testType="13cdc9d9-ddb5-4fa4-a97d-d965ccfc6d4b" outcome="Passed" testListId="8c84fa94-04c1-424b-9868-57a2d4851a1d">
      <Output>
      </Output>
    </UnitTestResult>
    <UnitTestResult executionId="3dd9c0f5-410b-4385-97bd-b8a249282531" testId="4323cd6b-27c2-f28d-0509-255fefff7e15" testName="LoginPostReturnsViewIfUsernameOrPasswordIsIncorrect" computerName="LOOSEY" duration="00:00:00.0022698" startTime="2009-03-01T19:56:19.9901072-05:00" endTime="2009-03-01T19:56:20.0001216-05:00" testType="13cdc9d9-ddb5-4fa4-a97d-d965ccfc6d4b" outcome="Passed" testListId="8c84fa94-04c1-424b-9868-57a2d4851a1d">
      <Output>
      </Output>
    </UnitTestResult>
    <UnitTestResult executionId="23732acf-d66f-4644-8071-a21675c4019d" testId="42e78f32-b5fe-cc01-0041-f45f9bccc817" testName="LogOff" computerName="LOOSEY" duration="00:00:00.0046919" startTime="2009-03-01T19:56:20.0201504-05:00" endTime="2009-03-01T19:56:20.0301648-05:00" testType="13cdc9d9-ddb5-4fa4-a97d-d965ccfc6d4b" outcome="Passed" testListId="8c84fa94-04c1-424b-9868-57a2d4851a1d">
      <Output>
      </Output>
    </UnitTestResult>
    <UnitTestResult executionId="917e0138-5117-4bac-8e56-cfd41ba402b9" testId="34adafae-7d3b-0c3f-56dd-6f0cce89c4e7" testName="RegisterGet" computerName="LOOSEY" duration="00:00:00.0039907" startTime="2009-03-01T19:56:20.0401792-05:00" endTime="2009-03-01T19:56:20.0602080-05:00" testType="13cdc9d9-ddb5-4fa4-a97d-d965ccfc6d4b" outcome="Passed" testListId="8c84fa94-04c1-424b-9868-57a2d4851a1d">
      <Output>
      </Output>
    </UnitTestResult>
    <UnitTestResult executionId="ea72f349-514b-4c28-b040-bae7782e5eaf" testId="ad657288-279d-6d86-3bcf-3cd96aa1f8d2" testName="RegisterPostRedirectsHomeIfRegistrationSuccessful" computerName="LOOSEY" duration="00:00:00.0139660" startTime="2009-03-01T19:56:20.0702224-05:00" endTime="2009-03-01T19:56:20.1002656-05:00" testType="13cdc9d9-ddb5-4fa4-a97d-d965ccfc6d4b" outcome="Passed" testListId="8c84fa94-04c1-424b-9868-57a2d4851a1d">
      <Output>
      </Output>
    </UnitTestResult>
    <UnitTestResult executionId="29d8464a-7ec9-4a6b-b155-d911f68f96fc" testId="87a0c7d1-ebf9-66fc-2675-f71a7adf6632" testName="RegisterPostReturnsViewIfEmailNotSpecified" computerName="LOOSEY" duration="00:00:00.0025017" startTime="2009-03-01T19:56:20.1102800-05:00" endTime="2009-03-01T19:56:20.1303088-05:00" testType="13cdc9d9-ddb5-4fa4-a97d-d965ccfc6d4b" outcome="Passed" testListId="8c84fa94-04c1-424b-9868-57a2d4851a1d">
      <Output>
      </Output>
    </UnitTestResult>
    <UnitTestResult executionId="71410942-b386-4967-b92f-c9fb7a9f38d8" testId="e71c200c-6df8-01cf-9b57-16d2d6df888c" testName="RegisterPostReturnsViewIfNewPasswordDoesNotMatchConfirmPassword" computerName="LOOSEY" duration="00:00:00.0027489" startTime="2009-03-01T19:56:20.1303088-05:00" endTime="2009-03-01T19:56:20.1503376-05:00" testType="13cdc9d9-ddb5-4fa4-a97d-d965ccfc6d4b" outcome="Passed" testListId="8c84fa94-04c1-424b-9868-57a2d4851a1d">
      <Output>
      </Output>
    </UnitTestResult>
    <UnitTestResult executionId="01284f71-91af-4206-8991-d221bd8f2c17" testId="6e649981-a712-fcba-094a-a2df73ccb7cd" testName="RegisterPostReturnsViewIfPasswordIsNull" computerName="LOOSEY" duration="00:00:00.0036043" startTime="2009-03-01T19:56:20.1603520-05:00" endTime="2009-03-01T19:56:20.1803808-05:00" testType="13cdc9d9-ddb5-4fa4-a97d-d965ccfc6d4b" outcome="Passed" testListId="8c84fa94-04c1-424b-9868-57a2d4851a1d">
      <Output>
      </Output>
    </UnitTestResult>
    <UnitTestResult executionId="2a1a0af8-8455-4e85-b13d-fe387c97b344" testId="26aff360-adad-f0de-ca05-32e8d94dc8d5" testName="RegisterPostReturnsViewIfPasswordIsTooShort" computerName="LOOSEY" duration="00:00:00.0022807" startTime="2009-03-01T19:56:20.1903952-05:00" endTime="2009-03-01T19:56:20.2104240-05:00" testType="13cdc9d9-ddb5-4fa4-a97d-d965ccfc6d4b" outcome="Passed" testListId="8c84fa94-04c1-424b-9868-57a2d4851a1d">
      <Output>
      </Output>
    </UnitTestResult>
    <UnitTestResult executionId="55cf4df1-394d-4a9d-860d-e869409e6e7f" testId="c15998e8-14b8-755b-595e-1799a9b935ca" testName="RegisterPostReturnsViewIfRegistrationFails" computerName="LOOSEY" duration="00:00:00.0061085" startTime="2009-03-01T19:56:20.2204384-05:00" endTime="2009-03-01T19:56:20.2604960-05:00" testType="13cdc9d9-ddb5-4fa4-a97d-d965ccfc6d4b" outcome="Passed" testListId="8c84fa94-04c1-424b-9868-57a2d4851a1d">
      <Output>
      </Output>
    </UnitTestResult>
    <UnitTestResult executionId="f4d72f4d-9ceb-4592-8cc2-0d126adea0aa" testId="c3d46fc6-a1a9-40d7-62a4-8e551119d5fa" testName="RegisterPostReturnsViewIfUsernameNotSpecified" computerName="LOOSEY" duration="00:00:00.0022801" startTime="2009-03-01T19:56:20.2705104-05:00" endTime="2009-03-01T19:56:20.2905392-05:00" testType="13cdc9d9-ddb5-4fa4-a97d-d965ccfc6d4b" outcome="Passed" testListId="8c84fa94-04c1-424b-9868-57a2d4851a1d">
      <Output>
      </Output>
    </UnitTestResult>
    <UnitTestResult executionId="a8a4c117-8418-4243-bc69-98a57420516d" testId="1346796b-7059-be3c-bce2-51c71defb0f6" testName="Index" computerName="LOOSEY" duration="00:00:00.5069892" startTime="2009-03-01T19:56:20.3005536-05:00" endTime="2009-03-01T19:56:20.8313168-05:00" testType="13cdc9d9-ddb5-4fa4-a97d-d965ccfc6d4b" outcome="Failed" testListId="8c84fa94-04c1-424b-9868-57a2d4851a1d">
      <Output>
        <ErrorInfo>
          <Message>Test method HorseLeague.Tests.Controllers.HomeControllerTest.Index threw exception:  System.NullReferenceException: Object reference not set to an instance of an object..</Message>
          <StackTrace>    at HorseLeague.Models.DataAccess.HorseLeagueDAODataContext..ctor() in C:\Documents and Settings\Kurt\My Documents\Visual Studio 2008\Projects\HorseLeague\Models\DataAccess\HorseLeagueDAO.designer.cs:line 62
   at HorseLeague.Models.DataAccess.HorseLeagueRepository..ctor() in C:\Documents and Settings\Kurt\My Documents\Visual Studio 2008\Projects\HorseLeague\Models\DataAccess\HorseLeagueRepository.cs:line 21
   at HorseLeague.Controllers.HorseLeagueController..ctor() in C:\Documents and Settings\Kurt\My Documents\Visual Studio 2008\Projects\HorseLeague\Controllers\HorseLeagueController.cs:line 16
   at HorseLeague.Controllers.HomeController..ctor()
   at HorseLeague.Tests.Controllers.HomeControllerTest.Index() in C:\Documents and Settings\Kurt\My Documents\Visual Studio 2008\Projects\HorseLeague.Tests\Controllers\HomeControllerTest.cs:line 19
</StackTrace>
        </ErrorInfo>
      </Output>
    </UnitTestResult>
    <UnitTestResult executionId="d0bef9f4-7302-4e5b-bfdf-db3ef2a7cf40" testId="47e7ba33-da58-e786-1344-d54d48f0b815" testName="TestIndex" computerName="LOOSEY" duration="00:01:00.0463424" startTime="2009-03-01T19:56:20.8413312-05:00" endTime="2009-03-01T19:57:20.8876736-05:00" testType="13cdc9d9-ddb5-4fa4-a97d-d965ccfc6d4b" outcome="Aborted" testListId="8c84fa94-04c1-424b-9868-57a2d4851a1d">
    </UnitTestResult>
  </Results>
</TestRun>